<?xml version="1.0" encoding="utf-8"?><testsuites name="pytest tests"><testsuite name="pytest" errors="0" failures="0" skipped="0" tests="16" time="5.245" timestamp="2026-03-06T11:14:09.372566+00:00" hostname="agent-env-dd4689e7-6442-4ec7-826a-e05c9c7363c3"><testcase classname="backend.tests.test_achievements.TestDriverAchievements" name="test_delivery_user_can_access_achievements" time="0.386" /><testcase classname="backend.tests.test_achievements.TestDriverAchievements" name="test_achievements_response_structure" time="0.370" /><testcase classname="backend.tests.test_achievements.TestDriverAchievements" name="test_achievements_count_is_18" time="0.308" /><testcase classname="backend.tests.test_achievements.TestDriverAchievements" name="test_achievement_has_required_fields" time="0.361" /><testcase classname="backend.tests.test_achievements.TestDriverAchievements" name="test_achievement_categories" time="0.300" /><testcase classname="backend.tests.test_achievements.TestDriverAchievements" name="test_achievement_rarities" time="0.340" /><testcase classname="backend.tests.test_achievements.TestDriverAchievements" name="test_first_delivery_achievement_unlocked" time="0.321" /><testcase classname="backend.tests.test_achievements.TestDriverAchievements" name="test_stats_show_correct_progress" time="0.315" /><testcase classname="backend.tests.test_achievements.TestDriverAchievements" name="test_categories_info" time="0.302" /><testcase classname="backend.tests.test_achievements.TestDriverAchievements" name="test_progress_structure" time="0.314" /><testcase classname="backend.tests.test_achievements.TestDriverAchievements" name="test_check_and_unlock_returns_new_unlocked" time="0.316" /><testcase classname="backend.tests.test_achievements.TestDriverAchievements" name="test_recent_achievements_endpoint" time="0.303" /><testcase classname="backend.tests.test_achievements.TestDriverAchievements" name="test_customer_cannot_access_my_achievements" time="0.309" /><testcase classname="backend.tests.test_achievements.TestDriverAchievements" name="test_customer_cannot_check_and_unlock" time="0.317" /><testcase classname="backend.tests.test_achievements.TestDriverAchievements" name="test_customer_cannot_view_recent" time="0.304" /><testcase classname="backend.tests.test_achievements.TestDriverAchievements" name="test_unauthenticated_cannot_access_achievements" time="0.311" /></testsuite></testsuites>