<?xml version="1.0" encoding="utf-8"?><testsuites name="pytest tests"><testsuite name="pytest" errors="0" failures="0" skipped="0" tests="7" time="2.752" timestamp="2026-03-30T15:18:01.320038+00:00" hostname="agent-env-dd4689e7-6442-4ec7-826a-e05c9c7363c3"><testcase classname="tests.test_address_fields.TestAddressFields" name="test_create_address_with_new_fields" time="0.620" /><testcase classname="tests.test_address_fields.TestAddressFields" name="test_get_addresses_returns_new_fields" time="0.328" /><testcase classname="tests.test_address_fields.TestAddressFields" name="test_update_address_with_new_fields" time="0.382" /><testcase classname="tests.test_address_fields.TestAddressFields" name="test_create_address_without_new_fields" time="0.116" /><testcase classname="tests.test_address_fields.TestAddressFields" name="test_address_fields_validation_length" time="0.965" /><testcase classname="tests.test_address_fields.TestAddressAPIHealth" name="test_addresses_endpoint_requires_auth" time="0.114" /><testcase classname="tests.test_address_fields.TestAddressAPIHealth" name="test_create_address_requires_auth" time="0.170" /></testsuite></testsuites>