<?xml version="1.0" encoding="utf-8"?><testsuites name="pytest tests"><testsuite name="pytest" errors="0" failures="0" skipped="0" tests="18" time="3.744" timestamp="2026-03-07T05:37:08.504932+00:00" hostname="agent-env-dd4689e7-6442-4ec7-826a-e05c9c7363c3"><testcase classname="backend.tests.test_admin_food_offers_flash_sales.TestAdminFoodOffers" name="test_01_admin_get_all_food_offers" time="0.388" /><testcase classname="backend.tests.test_admin_food_offers_flash_sales.TestAdminFoodOffers" name="test_02_admin_get_active_offers_filter" time="0.137" /><testcase classname="backend.tests.test_admin_food_offers_flash_sales.TestAdminFoodOffers" name="test_03_admin_get_inactive_offers_filter" time="0.143" /><testcase classname="backend.tests.test_admin_food_offers_flash_sales.TestAdminFoodOffers" name="test_04_seller_create_offer_for_admin_test" time="0.237" /><testcase classname="backend.tests.test_admin_food_offers_flash_sales.TestAdminFoodOffers" name="test_05_admin_update_offer_status" time="0.106" /><testcase classname="backend.tests.test_admin_food_offers_flash_sales.TestAdminFoodOffers" name="test_06_admin_update_offer_quantities" time="0.105" /><testcase classname="backend.tests.test_admin_food_offers_flash_sales.TestAdminFoodOffers" name="test_07_admin_delete_offer" time="0.286" /><testcase classname="backend.tests.test_admin_food_offers_flash_sales.TestAdminFoodOffers" name="test_08_buyer_cannot_access_admin_food_offers" time="0.241" /><testcase classname="backend.tests.test_admin_food_offers_flash_sales.TestFlashSalesAdmin" name="test_10_admin_create_flash_sale" time="0.210" /><testcase classname="backend.tests.test_admin_food_offers_flash_sales.TestFlashSalesAdmin" name="test_11_admin_get_all_flash_sales" time="0.112" /><testcase classname="backend.tests.test_admin_food_offers_flash_sales.TestFlashSalesAdmin" name="test_12_admin_update_flash_sale" time="0.101" /><testcase classname="backend.tests.test_admin_food_offers_flash_sales.TestFlashSalesAdmin" name="test_13_admin_toggle_flash_sale_status" time="0.240" /><testcase classname="backend.tests.test_admin_food_offers_flash_sales.TestFlashSalesAdmin" name="test_14_seller_cannot_create_flash_sales" time="0.216" /><testcase classname="backend.tests.test_admin_food_offers_flash_sales.TestFlashSalesAdmin" name="test_15_buyer_cannot_access_admin_flash_sales" time="0.218" /><testcase classname="backend.tests.test_admin_food_offers_flash_sales.TestActiveFlashSalesPublic" name="test_20_get_active_flash_sales_public" time="0.108" /><testcase classname="backend.tests.test_admin_food_offers_flash_sales.TestActiveFlashSalesPublic" name="test_21_flash_sale_response_structure" time="0.110" /><testcase classname="backend.tests.test_admin_food_offers_flash_sales.TestFlashSaleDiscountInOrders" name="test_30_flash_discount_in_order_response" time="0.342" /><testcase classname="backend.tests.test_admin_food_offers_flash_sales.TestCleanupFlashSales" name="test_99_delete_test_flash_sales" time="0.332" /></testsuite></testsuites>