<?xml version="1.0" encoding="utf-8"?><testsuites name="pytest tests"><testsuite name="pytest" errors="0" failures="0" skipped="0" tests="17" time="4.790" timestamp="2026-03-20T19:29:01.220772+00:00" hostname="agent-env-dd4689e7-6442-4ec7-826a-e05c9c7363c3"><testcase classname="backend.tests.test_admin_orders_products.TestAdminAuth" name="test_admin_login" time="0.494" /><testcase classname="backend.tests.test_admin_orders_products.TestAdminOrdersAPIs" name="test_get_all_orders" time="0.617" /><testcase classname="backend.tests.test_admin_orders_products.TestAdminOrdersAPIs" name="test_cancel_order_api_exists" time="0.170" /><testcase classname="backend.tests.test_admin_orders_products.TestAdminOrdersAPIs" name="test_change_status_api_exists" time="0.121" /><testcase classname="backend.tests.test_admin_orders_products.TestAdminOrdersAPIs" name="test_refund_api_exists" time="0.193" /><testcase classname="backend.tests.test_admin_orders_products.TestAdminOrdersAPIs" name="test_change_status_invalid_status" time="0.125" /><testcase classname="backend.tests.test_admin_orders_products.TestAdminOrdersAPIs" name="test_change_status_missing_status" time="0.150" /><testcase classname="backend.tests.test_admin_orders_products.TestAdminProductsAPIs" name="test_get_all_products" time="0.559" /><testcase classname="backend.tests.test_admin_orders_products.TestAdminProductsAPIs" name="test_toggle_visibility_api_exists" time="0.114" /><testcase classname="backend.tests.test_admin_orders_products.TestAdminProductsAPIs" name="test_delete_product_api_exists" time="0.113" /><testcase classname="backend.tests.test_admin_orders_products.TestAdminOrdersWithRealData" name="test_cancel_real_order" time="0.580" /><testcase classname="backend.tests.test_admin_orders_products.TestAdminProductsWithRealData" name="test_toggle_product_visibility" time="0.848" /><testcase classname="backend.tests.test_admin_orders_products.TestUnauthorizedAccess" name="test_cancel_order_without_auth" time="0.116" /><testcase classname="backend.tests.test_admin_orders_products.TestUnauthorizedAccess" name="test_change_status_without_auth" time="0.181" /><testcase classname="backend.tests.test_admin_orders_products.TestUnauthorizedAccess" name="test_refund_without_auth" time="0.122" /><testcase classname="backend.tests.test_admin_orders_products.TestUnauthorizedAccess" name="test_toggle_visibility_without_auth" time="0.111" /><testcase classname="backend.tests.test_admin_orders_products.TestUnauthorizedAccess" name="test_delete_product_without_auth" time="0.102" /></testsuite></testsuites>