<?xml version="1.0" encoding="utf-8"?><testsuites name="pytest tests"><testsuite name="pytest" errors="0" failures="0" skipped="0" tests="9" time="1.966" timestamp="2026-04-09T11:54:29.238730+00:00" hostname="agent-env-dd4689e7-6442-4ec7-826a-e05c9c7363c3"><testcase classname="backend.tests.test_admin_notifications.TestAdminNotifications" name="test_admin_login_success" time="0.412" /><testcase classname="backend.tests.test_admin_notifications.TestAdminNotifications" name="test_get_admin_notifications_with_context" time="0.114" /><testcase classname="backend.tests.test_admin_notifications.TestAdminNotifications" name="test_admin_notifications_exclude_topup_request" time="0.121" /><testcase classname="backend.tests.test_admin_notifications.TestAdminNotifications" name="test_admin_notifications_include_seller_registration" time="0.122" /><testcase classname="backend.tests.test_admin_notifications.TestAdminNotifications" name="test_admin_notifications_include_withdrawal_request" time="0.108" /><testcase classname="backend.tests.test_admin_notifications.TestAdminNotifications" name="test_read_all_notifications_with_admin_context" time="0.340" /><testcase classname="backend.tests.test_admin_notifications.TestAdminNotifications" name="test_read_single_notification" time="0.219" /><testcase classname="backend.tests.test_admin_notifications.TestAdminNotifications" name="test_notifications_without_context_for_admin" time="0.105" /><testcase classname="backend.tests.test_admin_notifications.TestNotificationTypes" name="test_admin_notification_types_list" time="0.355" /></testsuite></testsuites>