<?xml version="1.0" encoding="utf-8"?><testsuites name="pytest tests"><testsuite name="pytest" errors="0" failures="1" skipped="5" tests="16" time="7.274" timestamp="2026-04-09T18:54:40.278180+00:00" hostname="agent-env-dd4689e7-6442-4ec7-826a-e05c9c7363c3"><testcase classname="backend.tests.test_admin_push_notifications.TestAdminPushNotifications" name="test_01_admin_login" time="0.732" /><testcase classname="backend.tests.test_admin_push_notifications.TestAdminPushNotifications" name="test_02_get_admin_notifications_initial" time="0.466" /><testcase classname="backend.tests.test_admin_push_notifications.TestAdminPushNotifications" name="test_03_register_test_seller" time="0.469"><failure message="AssertionError: Failed to get seller token&#10;assert None is not None&#10; +  where None = &lt;test_admin_push_notifications.TestAdminPushNotifications object at 0xfe874e602e50&gt;.test_seller_token">backend/tests/test_admin_push_notifications.py:130: in test_03_register_test_seller
    assert self.test_seller_token is not None, "Failed to get seller token"
E   AssertionError: Failed to get seller token
E   assert None is not None
E    +  where None = &lt;test_admin_push_notifications.TestAdminPushNotifications object at 0xfe874e602e50&gt;.test_seller_token</failure></testcase><testcase classname="backend.tests.test_admin_push_notifications.TestAdminPushNotifications" name="test_04_submit_seller_documents_notification" time="0.378"><skipped type="pytest.skip" message="Seller token not available">/app/backend/tests/test_admin_push_notifications.py:136: Seller token not available</skipped></testcase><testcase classname="backend.tests.test_admin_push_notifications.TestAdminPushNotifications" name="test_05_register_test_driver" time="0.444" /><testcase classname="backend.tests.test_admin_push_notifications.TestAdminPushNotifications" name="test_06_submit_driver_documents_notification" time="0.342"><skipped type="pytest.skip" message="Driver token not available">/app/backend/tests/test_admin_push_notifications.py:204: Driver token not available</skipped></testcase><testcase classname="backend.tests.test_admin_push_notifications.TestAdminPushNotifications" name="test_07_register_test_food_seller" time="0.558" /><testcase classname="backend.tests.test_admin_push_notifications.TestAdminPushNotifications" name="test_08_create_food_store_notification" time="0.352"><skipped type="pytest.skip" message="Food seller token not available">/app/backend/tests/test_admin_push_notifications.py:272: Food seller token not available</skipped></testcase><testcase classname="backend.tests.test_admin_push_notifications.TestAdminPushNotifications" name="test_09_create_product_notification" time="0.343"><skipped type="pytest.skip" message="Seller token not available">/app/backend/tests/test_admin_push_notifications.py:314: Seller token not available</skipped></testcase><testcase classname="backend.tests.test_admin_push_notifications.TestAdminPushNotifications" name="test_10_create_food_item_notification" time="0.345"><skipped type="pytest.skip" message="Food seller token not available">/app/backend/tests/test_admin_push_notifications.py:366: Food seller token not available</skipped></testcase><testcase classname="backend.tests.test_admin_push_notifications.TestAdminPushNotifications" name="test_11_verify_all_notification_types" time="0.497" /><testcase classname="backend.tests.test_admin_push_notifications.TestAdminPushNotifications" name="test_12_verify_notification_structure" time="0.510" /><testcase classname="backend.tests.test_admin_push_notifications.TestAdminPushNotifications" name="test_13_mark_notification_read" time="0.661" /><testcase classname="backend.tests.test_admin_push_notifications.TestAdminPushNotifications" name="test_14_mark_all_notifications_read" time="0.488" /><testcase classname="backend.tests.test_admin_push_notifications.TestAdminPushNotifications" name="test_15_get_unread_notifications" time="0.474" /><testcase classname="backend.tests.test_admin_push_notifications.TestWithdrawalNotification" name="test_withdrawal_request_endpoint_exists" time="0.133" /></testsuite></testsuites>