<?xml version="1.0" encoding="utf-8"?><testsuites name="pytest tests"><testsuite name="pytest" errors="0" failures="0" skipped="0" tests="34" time="7.830" timestamp="2026-03-18T14:28:21.038043+00:00" hostname="agent-env-dd4689e7-6442-4ec7-826a-e05c9c7363c3"><testcase classname="backend.tests.test_admin_scenario" name="test_01_admin_login_success" time="0.405" /><testcase classname="backend.tests.test_admin_scenario" name="test_02_admin_login_wrong_password" time="0.882" /><testcase classname="backend.tests.test_admin_scenario" name="test_03_admin_profile" time="1.472" /><testcase classname="backend.tests.test_admin_scenario" name="test_04_get_admin_stats" time="0.130" /><testcase classname="backend.tests.test_admin_scenario" name="test_05_stats_requires_auth" time="0.121" /><testcase classname="backend.tests.test_admin_scenario" name="test_06_get_all_users" time="0.139" /><testcase classname="backend.tests.test_admin_scenario" name="test_07_get_pending_sellers" time="0.168" /><testcase classname="backend.tests.test_admin_scenario" name="test_08_get_all_sellers" time="0.118" /><testcase classname="backend.tests.test_admin_scenario" name="test_09_approve_nonexistent_seller" time="0.113" /><testcase classname="backend.tests.test_admin_scenario" name="test_10_get_pending_delivery" time="0.118" /><testcase classname="backend.tests.test_admin_scenario" name="test_11_get_all_delivery" time="0.113" /><testcase classname="backend.tests.test_admin_scenario" name="test_12_get_pending_products" time="0.104" /><testcase classname="backend.tests.test_admin_scenario" name="test_13_get_all_products" time="0.153" /><testcase classname="backend.tests.test_admin_scenario" name="test_14_get_categories" time="0.146" /><testcase classname="backend.tests.test_admin_scenario" name="test_15_get_platform_settings" time="0.133" /><testcase classname="backend.tests.test_admin_scenario" name="test_16_get_public_settings" time="0.111" /><testcase classname="backend.tests.test_admin_scenario" name="test_17_get_admin_settings" time="0.152" /><testcase classname="backend.tests.test_admin_scenario" name="test_18_get_featured_stores_settings" time="0.126" /><testcase classname="backend.tests.test_admin_scenario" name="test_19_get_featured_stores_public" time="0.139" /><testcase classname="backend.tests.test_admin_scenario" name="test_20_get_coupons" time="0.135" /><testcase classname="backend.tests.test_admin_scenario" name="test_21_create_coupon" time="0.289" /><testcase classname="backend.tests.test_admin_scenario" name="test_22_get_all_orders" time="0.169" /><testcase classname="backend.tests.test_admin_scenario" name="test_23_get_sub_admins" time="0.172" /><testcase classname="backend.tests.test_admin_scenario" name="test_24_create_and_delete_sub_admin" time="0.244" /><testcase classname="backend.tests.test_admin_scenario" name="test_25_get_commissions_report" time="0.218" /><testcase classname="backend.tests.test_admin_scenario" name="test_26_get_commission_rates" time="0.125" /><testcase classname="backend.tests.test_admin_scenario" name="test_27_get_admin_notifications" time="0.139" /><testcase classname="backend.tests.test_admin_scenario" name="test_28_create_notification" time="0.142" /><testcase classname="backend.tests.test_admin_scenario" name="test_29_get_food_stores_admin" time="0.112" /><testcase classname="backend.tests.test_admin_scenario" name="test_30_get_food_stats" time="0.138" /><testcase classname="backend.tests.test_admin_scenario" name="test_31_get_flash_sales" time="0.113" /><testcase classname="backend.tests.test_admin_scenario" name="test_32_get_homepage_banners" time="0.115" /><testcase classname="backend.tests.test_admin_scenario" name="test_33_stats_denied_without_token" time="0.113" /><testcase classname="backend.tests.test_admin_scenario" name="test_34_stats_denied_for_customer" time="0.663" /></testsuite></testsuites>