<?xml version="1.0" encoding="utf-8"?><testsuites name="pytest tests"><testsuite name="pytest" errors="0" failures="3" skipped="0" tests="13" time="2.726" timestamp="2026-04-09T11:26:42.373101+00:00" hostname="agent-env-dd4689e7-6442-4ec7-826a-e05c9c7363c3"><testcase classname="backend.tests.test_admin_browse_as_customer.TestAdminBrowseAsCustomer" name="test_admin_wallet_balance" time="0.535" /><testcase classname="backend.tests.test_admin_browse_as_customer.TestAdminBrowseAsCustomer" name="test_admin_topup_request" time="0.114" /><testcase classname="backend.tests.test_admin_browse_as_customer.TestAdminBrowseAsCustomer" name="test_admin_topup_history" time="0.136" /><testcase classname="backend.tests.test_admin_browse_as_customer.TestAdminBrowseAsCustomer" name="test_admin_wallet_transactions" time="0.111" /><testcase classname="backend.tests.test_admin_browse_as_customer.TestAdminBrowseAsCustomer" name="test_admin_get_cart" time="0.104" /><testcase classname="backend.tests.test_admin_browse_as_customer.TestAdminBrowseAsCustomer" name="test_admin_add_to_cart" time="0.108"><failure message="KeyError: 0">backend/tests/test_admin_browse_as_customer.py:122: in test_admin_add_to_cart
    product = products[0]
              ^^^^^^^^^^^
E   KeyError: 0</failure></testcase><testcase classname="backend.tests.test_admin_browse_as_customer.TestAdminBrowseAsCustomer" name="test_admin_get_orders" time="0.110"><failure message="AssertionError: Failed to get orders: {&quot;detail&quot;:&quot;الطلب غير موجود&quot;}&#10;assert 404 == 200&#10; +  where 404 = &lt;Response [404]&gt;.status_code">backend/tests/test_admin_browse_as_customer.py:146: in test_admin_get_orders
    assert response.status_code == 200, f"Failed to get orders: {response.text}"
E   AssertionError: Failed to get orders: {"detail":"الطلب غير موجود"}
E   assert 404 == 200
E    +  where 404 = &lt;Response [404]&gt;.status_code</failure></testcase><testcase classname="backend.tests.test_admin_browse_as_customer.TestAdminBrowseAsCustomer" name="test_wallet_pay_api_accessible" time="0.100" /><testcase classname="backend.tests.test_admin_browse_as_customer.TestWalletPaymentFlow" name="test_check_wallet_balance_for_payment" time="0.464" /><testcase classname="backend.tests.test_admin_browse_as_customer.TestWalletPaymentFlow" name="test_find_paid_order_with_delivery_code" time="0.173"><failure message="assert 404 == 200&#10; +  where 404 = &lt;Response [404]&gt;.status_code">backend/tests/test_admin_browse_as_customer.py:215: in test_find_paid_order_with_delivery_code
    assert response.status_code == 200
E   assert 404 == 200
E    +  where 404 = &lt;Response [404]&gt;.status_code</failure></testcase><testcase classname="backend.tests.test_admin_browse_as_customer.TestWalletAPIsNoRestriction" name="test_topup_request_no_buyer_restriction" time="0.433" /><testcase classname="backend.tests.test_admin_browse_as_customer.TestWalletAPIsNoRestriction" name="test_topup_history_no_buyer_restriction" time="0.103" /><testcase classname="backend.tests.test_admin_browse_as_customer.TestWalletAPIsNoRestriction" name="test_wallet_pay_no_buyer_restriction" time="0.122" /></testsuite></testsuites>