<?xml version="1.0" encoding="utf-8"?><testsuites name="pytest tests"><testsuite name="pytest" errors="0" failures="0" skipped="0" tests="26" time="3.626" timestamp="2026-03-22T00:02:20.226809+00:00" hostname="agent-env-dd4689e7-6442-4ec7-826a-e05c9c7363c3"><testcase classname="backend.tests.test_admin_dashboard.TestAdminStats" name="test_get_admin_stats" time="0.521" /><testcase classname="backend.tests.test_admin_dashboard.TestUsersManagement" name="test_get_all_users" time="0.109" /><testcase classname="backend.tests.test_admin_dashboard.TestSellersManagement" name="test_get_pending_sellers" time="0.153" /><testcase classname="backend.tests.test_admin_dashboard.TestSellersManagement" name="test_get_all_sellers" time="0.104" /><testcase classname="backend.tests.test_admin_dashboard.TestDeliveryManagement" name="test_get_pending_delivery" time="0.115" /><testcase classname="backend.tests.test_admin_dashboard.TestDeliveryManagement" name="test_get_all_delivery" time="0.119" /><testcase classname="backend.tests.test_admin_dashboard.TestProductsManagement" name="test_get_pending_products" time="0.119" /><testcase classname="backend.tests.test_admin_dashboard.TestProductsManagement" name="test_get_all_products" time="0.127" /><testcase classname="backend.tests.test_admin_dashboard.TestOrdersManagement" name="test_get_all_orders" time="0.157" /><testcase classname="backend.tests.test_admin_dashboard.TestPlatformSettings" name="test_get_platform_settings" time="0.111" /><testcase classname="backend.tests.test_admin_dashboard.TestPlatformSettings" name="test_get_public_settings" time="0.120" /><testcase classname="backend.tests.test_admin_dashboard.TestNotifications" name="test_get_admin_notifications" time="0.177" /><testcase classname="backend.tests.test_admin_dashboard.TestCommissions" name="test_get_commissions_report" time="0.123" /><testcase classname="backend.tests.test_admin_dashboard.TestCommissions" name="test_get_commission_rates" time="0.107" /><testcase classname="backend.tests.test_admin_dashboard.TestSubAdmins" name="test_get_sub_admins" time="0.113" /><testcase classname="backend.tests.test_admin_dashboard.TestCallRequestsAndEmergency" name="test_get_call_requests_count" time="0.108" /><testcase classname="backend.tests.test_admin_dashboard.TestCallRequestsAndEmergency" name="test_get_emergency_help_count" time="0.132" /><testcase classname="backend.tests.test_admin_dashboard.TestFoodStores" name="test_get_food_stores" time="0.111" /><testcase classname="backend.tests.test_admin_dashboard.TestFoodStores" name="test_get_food_stats" time="0.124" /><testcase classname="backend.tests.test_admin_dashboard.TestDeliverySettings" name="test_get_delivery_settings" time="0.101" /><testcase classname="backend.tests.test_admin_dashboard.TestDeliverySettings" name="test_get_distance_delivery_settings" time="0.132" /><testcase classname="backend.tests.test_admin_dashboard.TestDeliverySettings" name="test_get_driver_earnings_settings" time="0.105" /><testcase classname="backend.tests.test_admin_dashboard.TestDriverReports" name="test_get_driver_reports" time="0.103" /><testcase classname="backend.tests.test_admin_dashboard.TestLowStock" name="test_get_low_stock_products" time="0.115" /><testcase classname="backend.tests.test_admin_dashboard.TestFlashSales" name="test_get_flash_sales" time="0.108" /><testcase classname="backend.tests.test_admin_dashboard.TestFoodOffers" name="test_get_food_offers" time="0.115" /></testsuite></testsuites>