<?xml version="1.0" encoding="utf-8"?><testsuites name="pytest tests"><testsuite name="pytest" errors="0" failures="0" skipped="0" tests="9" time="11.181" timestamp="2026-04-09T10:29:52.755564+00:00" hostname="agent-env-dd4689e7-6442-4ec7-826a-e05c9c7363c3"><testcase classname="backend.tests.test_ai_chatbot.TestAIChatbotQuickQuestions" name="test_get_quick_questions_success" time="0.205" /><testcase classname="backend.tests.test_ai_chatbot.TestAIChatbotSendMessage" name="test_send_message_hello" time="0.838" /><testcase classname="backend.tests.test_ai_chatbot.TestAIChatbotSendMessage" name="test_send_message_track_order" time="0.755" /><testcase classname="backend.tests.test_ai_chatbot.TestAIChatbotSendMessage" name="test_send_message_return_product" time="1.172" /><testcase classname="backend.tests.test_ai_chatbot.TestAIChatbotSendMessage" name="test_send_message_payment_methods" time="1.010" /><testcase classname="backend.tests.test_ai_chatbot.TestAIChatbotSessionContinuity" name="test_session_continuity" time="4.397" /><testcase classname="backend.tests.test_ai_chatbot.TestAIChatbotResponseStructure" name="test_response_has_all_required_fields" time="0.617" /><testcase classname="backend.tests.test_ai_chatbot.TestAIChatbotResponseStructure" name="test_quick_replies_are_strings" time="0.925" /><testcase classname="backend.tests.test_ai_chatbot.TestAIChatbotArabicResponses" name="test_response_is_in_arabic" time="1.187" /></testsuite></testsuites>