<?xml version="1.0" encoding="utf-8"?><testsuites name="pytest tests"><testsuite name="pytest" errors="0" failures="0" skipped="0" tests="21" time="10.449" timestamp="2026-03-07T07:07:51.060169+00:00" hostname="agent-env-dd4689e7-6442-4ec7-826a-e05c9c7363c3"><testcase classname="backend.tests.test_banners_flash_requests.TestHomepageBanners" name="test_admin_get_homepage_banners" time="0.570" /><testcase classname="backend.tests.test_banners_flash_requests.TestHomepageBanners" name="test_admin_create_homepage_banner" time="0.553" /><testcase classname="backend.tests.test_banners_flash_requests.TestHomepageBanners" name="test_admin_update_homepage_banner" time="0.623" /><testcase classname="backend.tests.test_banners_flash_requests.TestHomepageBanners" name="test_admin_toggle_homepage_banner_active" time="0.658" /><testcase classname="backend.tests.test_banners_flash_requests.TestHomepageBanners" name="test_admin_delete_homepage_banner" time="0.577" /><testcase classname="backend.tests.test_banners_flash_requests.TestHomepageBanners" name="test_buyer_cannot_access_homepage_banners" time="0.437" /><testcase classname="backend.tests.test_banners_flash_requests.TestFoodBanners" name="test_admin_get_food_banners" time="0.366" /><testcase classname="backend.tests.test_banners_flash_requests.TestFoodBanners" name="test_admin_create_food_banner" time="0.443" /><testcase classname="backend.tests.test_banners_flash_requests.TestFoodBanners" name="test_admin_update_food_banner" time="0.507" /><testcase classname="backend.tests.test_banners_flash_requests.TestFoodBanners" name="test_admin_delete_food_banner" time="0.450" /><testcase classname="backend.tests.test_banners_flash_requests.TestFoodBanners" name="test_public_food_banners_endpoint" time="0.329" /><testcase classname="backend.tests.test_banners_flash_requests.TestFlashSaleRequests" name="test_get_flash_sale_settings" time="0.599" /><testcase classname="backend.tests.test_banners_flash_requests.TestFlashSaleRequests" name="test_get_available_flash_sales_for_seller" time="0.444" /><testcase classname="backend.tests.test_banners_flash_requests.TestFlashSaleRequests" name="test_get_my_flash_requests" time="0.424" /><testcase classname="backend.tests.test_banners_flash_requests.TestFlashSaleRequests" name="test_admin_get_flash_sale_requests" time="0.424" /><testcase classname="backend.tests.test_banners_flash_requests.TestFlashSaleRequests" name="test_admin_get_flash_sale_requests_by_status" time="0.647" /><testcase classname="backend.tests.test_banners_flash_requests.TestFlashSaleRequests" name="test_admin_get_flash_sale_settings" time="0.489" /><testcase classname="backend.tests.test_banners_flash_requests.TestFlashSaleRequests" name="test_admin_update_flash_sale_settings" time="0.671" /><testcase classname="backend.tests.test_banners_flash_requests.TestFlashSaleRequests" name="test_buyer_cannot_access_admin_flash_requests" time="0.417" /><testcase classname="backend.tests.test_banners_flash_requests.TestSellerFoodStoreIntegration" name="test_seller_my_store_endpoint" time="0.315" /><testcase classname="backend.tests.test_banners_flash_requests.TestSellerFoodStoreIntegration" name="test_flash_request_requires_approved_store" time="0.394" /></testsuite></testsuites>