<?xml version="1.0" encoding="utf-8"?><testsuites name="pytest tests"><testsuite name="pytest" errors="0" failures="0" skipped="0" tests="15" time="3.032" timestamp="2026-03-06T19:00:27.086182+00:00" hostname="agent-env-dd4689e7-6442-4ec7-826a-e05c9c7363c3"><testcase classname="backend.tests.test_bonus_points.TestBonusPointsConstants" name="test_bonus_points_values_documented" time="0.000" /><testcase classname="backend.tests.test_bonus_points.TestBonusPointsConstants" name="test_max_penalty_points_cap" time="0.332" /><testcase classname="backend.tests.test_bonus_points.TestBonusPointsHistory" name="test_penalty_points_endpoint_returns_history" time="0.250" /><testcase classname="backend.tests.test_bonus_points.TestBonusPointsHistory" name="test_history_structure_for_bonuses" time="0.294" /><testcase classname="backend.tests.test_bonus_points.TestFiveStarRatingBonus" name="test_rate_delivery_endpoint_exists" time="0.170" /><testcase classname="backend.tests.test_bonus_points.TestFiveStarRatingBonus" name="test_rate_delivery_requires_auth" time="0.154" /><testcase classname="backend.tests.test_bonus_points.TestFiveStarRatingBonus" name="test_rate_delivery_validates_rating_range" time="0.267" /><testcase classname="backend.tests.test_bonus_points.TestFiveStarRatingBonus" name="test_check_rating_endpoint_exists" time="0.190" /><testcase classname="backend.tests.test_bonus_points.TestTenDeliveriesMilestoneBonus" name="test_deliver_endpoint_exists" time="0.101" /><testcase classname="backend.tests.test_bonus_points.TestTenDeliveriesMilestoneBonus" name="test_deliver_requires_delivery_driver" time="0.179" /><testcase classname="backend.tests.test_bonus_points.TestTenDeliveriesMilestoneBonus" name="test_delivery_stats_shows_total_delivered" time="0.239" /><testcase classname="backend.tests.test_bonus_points.TestBonusPointsUIIntegration" name="test_my_penalty_points_returns_mixed_history" time="0.186" /><testcase classname="backend.tests.test_bonus_points.TestBonusPointsEndToEnd" name="test_delivery_driver_can_view_points" time="0.176" /><testcase classname="backend.tests.test_bonus_points.TestBonusPointsEndToEnd" name="test_driver_performance_endpoint" time="0.174" /><testcase classname="backend.tests.test_bonus_points.TestBonusPointsEndToEnd" name="test_my_ratings_endpoint" time="0.210" /></testsuite></testsuites>