<?xml version="1.0" encoding="utf-8"?><testsuites name="pytest tests"><testsuite name="pytest" errors="0" failures="1" skipped="0" tests="24" time="5.658" timestamp="2026-03-06T10:28:38.561378+00:00" hostname="agent-env-dd4689e7-6442-4ec7-826a-e05c9c7363c3"><testcase classname="backend.tests.test_challenges_settings.TestSetup" name="test_api_health" time="0.249"><failure message="assert 404 == 200&#10; +  where 404 = &lt;Response [404]&gt;.status_code">backend/tests/test_challenges_settings.py:25: in test_api_health
    assert response.status_code == 200
E   assert 404 == 200
E    +  where 404 = &lt;Response [404]&gt;.status_code</failure></testcase><testcase classname="backend.tests.test_challenges_settings.TestAdminLogin" name="test_admin_login_success" time="0.150" /><testcase classname="backend.tests.test_challenges_settings.TestDeliveryLogin" name="test_delivery_login_success" time="0.109" /><testcase classname="backend.tests.test_challenges_settings.TestDeliverySettings" name="test_get_delivery_settings_success" time="0.097" /><testcase classname="backend.tests.test_challenges_settings.TestDeliverySettings" name="test_delivery_settings_performance_levels_ascending" time="0.108" /><testcase classname="backend.tests.test_challenges_settings.TestAdminPerformanceLevels" name="test_update_performance_levels_without_auth" time="0.137" /><testcase classname="backend.tests.test_challenges_settings.TestAdminPerformanceLevels" name="test_update_performance_levels_with_admin" time="0.242" /><testcase classname="backend.tests.test_challenges_settings.TestAdminPerformanceLevels" name="test_invalid_performance_levels_order" time="0.204" /><testcase classname="backend.tests.test_challenges_settings.TestAdminWorkingHours" name="test_update_working_hours_without_auth" time="0.150" /><testcase classname="backend.tests.test_challenges_settings.TestAdminWorkingHours" name="test_update_working_hours_with_admin" time="0.209" /><testcase classname="backend.tests.test_challenges_settings.TestAdminWorkingHours" name="test_disable_working_hours" time="0.301" /><testcase classname="backend.tests.test_challenges_settings.TestAdminWorkingHours" name="test_invalid_working_hours" time="0.208" /><testcase classname="backend.tests.test_challenges_settings.TestChallengesAdmin" name="test_get_all_challenges_without_auth" time="0.114" /><testcase classname="backend.tests.test_challenges_settings.TestChallengesAdmin" name="test_get_all_challenges_with_admin" time="0.212" /><testcase classname="backend.tests.test_challenges_settings.TestChallengesAdmin" name="test_create_weekly_challenge" time="0.340" /><testcase classname="backend.tests.test_challenges_settings.TestChallengesAdmin" name="test_create_monthly_challenge" time="0.307" /><testcase classname="backend.tests.test_challenges_settings.TestChallengesAdmin" name="test_update_challenge" time="0.447" /><testcase classname="backend.tests.test_challenges_settings.TestChallengesAdmin" name="test_toggle_challenge_active" time="0.501" /><testcase classname="backend.tests.test_challenges_settings.TestChallengesAdmin" name="test_delete_challenge" time="0.466" /><testcase classname="backend.tests.test_challenges_settings.TestChallengesAdmin" name="test_delete_nonexistent_challenge" time="0.193" /><testcase classname="backend.tests.test_challenges_settings.TestChallengesDriver" name="test_get_active_challenges_without_auth" time="0.100" /><testcase classname="backend.tests.test_challenges_settings.TestChallengesDriver" name="test_get_active_challenges_with_driver" time="0.214" /><testcase classname="backend.tests.test_challenges_settings.TestChallengesDriver" name="test_get_challenge_history" time="0.232" /><testcase classname="backend.tests.test_challenges_settings.TestCleanup" name="test_cleanup_test_challenges" time="0.206" /></testsuite></testsuites>