<?xml version="1.0" encoding="utf-8"?><testsuites name="pytest tests"><testsuite name="pytest" errors="0" failures="0" skipped="0" tests="15" time="2.066" timestamp="2026-03-06T13:05:51.310040+00:00" hostname="agent-env-dd4689e7-6442-4ec7-826a-e05c9c7363c3"><testcase classname="backend.tests.test_chatbot.TestChatbotAPI" name="test_get_quick_questions" time="0.131" /><testcase classname="backend.tests.test_chatbot.TestChatbotAPI" name="test_quick_questions_include_expected_items" time="0.100" /><testcase classname="backend.tests.test_chatbot.TestChatbotAPI" name="test_send_message_order_tracking" time="0.218" /><testcase classname="backend.tests.test_chatbot.TestChatbotAPI" name="test_send_message_returns_response" time="0.110" /><testcase classname="backend.tests.test_chatbot.TestChatbotAPI" name="test_send_message_payment_methods" time="0.109" /><testcase classname="backend.tests.test_chatbot.TestChatbotAPI" name="test_send_message_shipping_cost" time="0.105" /><testcase classname="backend.tests.test_chatbot.TestChatbotAPI" name="test_send_message_become_seller" time="0.108" /><testcase classname="backend.tests.test_chatbot.TestChatbotAPI" name="test_send_message_become_driver" time="0.113" /><testcase classname="backend.tests.test_chatbot.TestChatbotAPI" name="test_send_message_unknown_triggers_needs_human" time="0.104" /><testcase classname="backend.tests.test_chatbot.TestChatbotAPI" name="test_send_message_greeting" time="0.127" /><testcase classname="backend.tests.test_chatbot.TestChatbotAPI" name="test_send_message_session_persistence" time="0.222" /><testcase classname="backend.tests.test_chatbot.TestChatbotAPI" name="test_request_support_requires_session" time="0.212" /><testcase classname="backend.tests.test_chatbot.TestChatbotAPI" name="test_send_message_requires_auth" time="0.102" /><testcase classname="backend.tests.test_chatbot.TestChatbotAPI" name="test_request_support_requires_auth" time="0.109" /><testcase classname="backend.tests.test_chatbot.TestChatbotAPI" name="test_quick_questions_no_auth_required" time="0.124" /></testsuite></testsuites>