<?xml version="1.0" encoding="utf-8"?><testsuites name="pytest tests"><testsuite name="pytest" errors="0" failures="0" skipped="0" tests="11" time="3.090" timestamp="2026-03-15T10:59:54.538803+00:00" hostname="agent-env-dd4689e7-6442-4ec7-826a-e05c9c7363c3"><testcase classname="backend.tests.test_commission_system.TestCommissionAPI" name="test_commission_api_returns_success" time="0.513" /><testcase classname="backend.tests.test_commission_system.TestCommissionAPI" name="test_commission_api_returns_correct_fields" time="0.412" /><testcase classname="backend.tests.test_commission_system.TestCommissionAPI" name="test_commission_rate_is_valid" time="0.382" /><testcase classname="backend.tests.test_commission_system.TestCommissionAPI" name="test_commission_totals_are_numbers" time="0.401" /><testcase classname="backend.tests.test_commission_system.TestCommissionRates" name="test_admin_food_commissions_endpoint_exists" time="0.098" /><testcase classname="backend.tests.test_commission_system.TestCommissionRates" name="test_default_commission_rates_match_expected" time="0.000" /><testcase classname="backend.tests.test_commission_system.TestCommissionCalculation" name="test_commission_formula" time="0.000" /><testcase classname="backend.tests.test_commission_system.TestCommissionCalculation" name="test_commission_with_discounts" time="0.000" /><testcase classname="backend.tests.test_commission_system.TestOrderCommissionFields" name="test_seller_can_view_orders_with_commission" time="0.432" /><testcase classname="backend.tests.test_commission_system.TestMyStoreEndpoint" name="test_my_store_endpoint_returns_store_data" time="0.380" /><testcase classname="backend.tests.test_commission_system.TestMyStoreEndpoint" name="test_store_type_is_valid" time="0.407" /></testsuite></testsuites>