<?xml version="1.0" encoding="utf-8"?><testsuites name="pytest tests"><testsuite name="pytest" errors="0" failures="0" skipped="0" tests="9" time="2.603" timestamp="2026-03-15T11:23:09.881179+00:00" hostname="agent-env-dd4689e7-6442-4ec7-826a-e05c9c7363c3"><testcase classname="backend.tests.test_commission_calculator.TestFoodSellerCommissionAPI" name="test_food_commission_api_requires_auth" time="0.209" /><testcase classname="backend.tests.test_commission_calculator.TestFoodSellerCommissionAPI" name="test_food_commission_api_returns_data" time="0.478" /><testcase classname="backend.tests.test_commission_calculator.TestFoodSellerCommissionAPI" name="test_food_commission_api_structure" time="0.427" /><testcase classname="backend.tests.test_commission_calculator.TestProductSellerCommissionAPI" name="test_seller_commission_api_requires_auth" time="0.102" /><testcase classname="backend.tests.test_commission_calculator.TestProductSellerCommissionAPI" name="test_seller_commission_api_requires_seller_role" time="0.440" /><testcase classname="backend.tests.test_commission_calculator.TestProductSellerCommissionAPI" name="test_seller_commission_api_structure" time="0.444" /><testcase classname="backend.tests.test_commission_calculator.TestCommissionCalculation" name="test_commission_calculation_accuracy" time="0.439" /><testcase classname="backend.tests.test_commission_calculator.TestCommissionRatesValidity" name="test_food_commission_rates_valid" time="0.000" /><testcase classname="backend.tests.test_commission_calculator.TestCommissionRatesValidity" name="test_product_commission_rates_valid" time="0.000" /></testsuite></testsuites>