<?xml version="1.0" encoding="utf-8"?><testsuites name="pytest tests"><testsuite name="pytest" errors="0" failures="0" skipped="4" tests="20" time="5.212" timestamp="2026-03-09T09:26:35.194738+00:00" hostname="agent-env-dd4689e7-6442-4ec7-826a-e05c9c7363c3"><testcase classname="backend.tests.test_comprehensive_app.TestAuthentication" name="test_admin_login_success" time="0.386" /><testcase classname="backend.tests.test_comprehensive_app.TestAuthentication" name="test_login_invalid_credentials" time="0.109" /><testcase classname="backend.tests.test_comprehensive_app.TestProducts" name="test_get_products" time="0.112" /><testcase classname="backend.tests.test_comprehensive_app.TestProducts" name="test_get_featured_products" time="0.109" /><testcase classname="backend.tests.test_comprehensive_app.TestProducts" name="test_get_categories" time="0.105" /><testcase classname="backend.tests.test_comprehensive_app.TestCart" name="test_get_cart" time="0.462" /><testcase classname="backend.tests.test_comprehensive_app.TestGiftSystem" name="test_get_sent_gifts" time="0.433" /><testcase classname="backend.tests.test_comprehensive_app.TestGiftSystem" name="test_get_received_gifts" time="0.455" /><testcase classname="backend.tests.test_comprehensive_app.TestGiftSystem" name="test_send_gift_requires_auth" time="0.105" /><testcase classname="backend.tests.test_comprehensive_app.TestWhatsAppSupport" name="test_get_public_settings" time="0.098" /><testcase classname="backend.tests.test_comprehensive_app.TestWhatsAppSupport" name="test_get_admin_settings" time="0.453" /><testcase classname="backend.tests.test_comprehensive_app.TestWhatsAppSupport" name="test_update_whatsapp_number" time="0.538" /><testcase classname="backend.tests.test_comprehensive_app.TestWhatsAppSupport" name="test_toggle_whatsapp_support" time="0.640" /><testcase classname="backend.tests.test_comprehensive_app.TestOrderTracking" name="test_get_user_orders" time="0.101"><skipped type="pytest.skip" message="Auth failed">/app/backend/tests/test_comprehensive_app.py:276: Auth failed</skipped></testcase><testcase classname="backend.tests.test_comprehensive_app.TestNotifications" name="test_get_notifications" time="0.139"><skipped type="pytest.skip" message="Auth failed">/app/backend/tests/test_comprehensive_app.py:304: Auth failed</skipped></testcase><testcase classname="backend.tests.test_comprehensive_app.TestNotifications" name="test_get_unread_count" time="0.116"><skipped type="pytest.skip" message="Auth failed">/app/backend/tests/test_comprehensive_app.py:315: Auth failed</skipped></testcase><testcase classname="backend.tests.test_comprehensive_app.TestRecommendations" name="test_get_recommendations" time="0.424" /><testcase classname="backend.tests.test_comprehensive_app.TestDailyDealsFlashSales" name="test_get_daily_deal" time="0.104" /><testcase classname="backend.tests.test_comprehensive_app.TestDailyDealsFlashSales" name="test_get_flash_sales" time="0.102" /><testcase classname="backend.tests.test_comprehensive_app.TestAdminStats" name="test_get_admin_stats" time="0.129"><skipped type="pytest.skip" message="Admin auth failed">/app/backend/tests/test_comprehensive_app.py:400: Admin auth failed</skipped></testcase></testsuite></testsuites>