<?xml version="1.0" encoding="utf-8"?><testsuites name="pytest tests"><testsuite name="pytest" errors="0" failures="2" skipped="0" tests="37" time="14.835" timestamp="2026-04-07T16:36:32.293726+00:00" hostname="agent-env-dd4689e7-6442-4ec7-826a-e05c9c7363c3"><testcase classname="tests.test_comprehensive_iteration143.TestHealthAndBasics" name="test_health_endpoint" time="0.230" /><testcase classname="tests.test_comprehensive_iteration143.TestHealthAndBasics" name="test_homepage_data" time="0.130" /><testcase classname="tests.test_comprehensive_iteration143.TestHealthAndBasics" name="test_categories_endpoint" time="0.157" /><testcase classname="tests.test_comprehensive_iteration143.TestHealthAndBasics" name="test_products_endpoint" time="0.116" /><testcase classname="tests.test_comprehensive_iteration143.TestAuthentication" name="test_admin_login" time="0.429" /><testcase classname="tests.test_comprehensive_iteration143.TestAuthentication" name="test_seller_login" time="0.360" /><testcase classname="tests.test_comprehensive_iteration143.TestAuthentication" name="test_driver_login" time="0.335" /><testcase classname="tests.test_comprehensive_iteration143.TestAuthentication" name="test_buyer_login" time="0.400" /><testcase classname="tests.test_comprehensive_iteration143.TestAuthentication" name="test_invalid_login" time="0.196" /><testcase classname="tests.test_comprehensive_iteration143.TestBuyerFlow" name="test_view_products" time="0.499" /><testcase classname="tests.test_comprehensive_iteration143.TestBuyerFlow" name="test_view_product_detail" time="0.606" /><testcase classname="tests.test_comprehensive_iteration143.TestBuyerFlow" name="test_cart_operations" time="0.985" /><testcase classname="tests.test_comprehensive_iteration143.TestBuyerFlow" name="test_view_orders" time="0.442" /><testcase classname="tests.test_comprehensive_iteration143.TestSellerFlow" name="test_seller_products" time="0.495" /><testcase classname="tests.test_comprehensive_iteration143.TestSellerFlow" name="test_seller_orders" time="0.475" /><testcase classname="tests.test_comprehensive_iteration143.TestSellerFlow" name="test_seller_wallet" time="0.438" /><testcase classname="tests.test_comprehensive_iteration143.TestSellerFlow" name="test_seller_store_settings" time="0.513" /><testcase classname="tests.test_comprehensive_iteration143.TestDriverFlow" name="test_driver_documents_status" time="0.445" /><testcase classname="tests.test_comprehensive_iteration143.TestDriverFlow" name="test_driver_available_orders" time="0.485" /><testcase classname="tests.test_comprehensive_iteration143.TestDriverFlow" name="test_driver_my_orders" time="0.494" /><testcase classname="tests.test_comprehensive_iteration143.TestDriverFlow" name="test_driver_wallet" time="0.491" /><testcase classname="tests.test_comprehensive_iteration143.TestDriverFlow" name="test_driver_availability_toggle" time="0.436" /><testcase classname="tests.test_comprehensive_iteration143.TestDriverFlow" name="test_driver_ratings" time="0.466" /><testcase classname="tests.test_comprehensive_iteration143.TestAdminDashboard" name="test_admin_stats" time="0.447" /><testcase classname="tests.test_comprehensive_iteration143.TestAdminDashboard" name="test_admin_users_list" time="0.510" /><testcase classname="tests.test_comprehensive_iteration143.TestAdminDashboard" name="test_admin_orders_list" time="0.449" /><testcase classname="tests.test_comprehensive_iteration143.TestAdminDashboard" name="test_admin_pending_sellers" time="0.497" /><testcase classname="tests.test_comprehensive_iteration143.TestAdminDashboard" name="test_admin_pending_drivers" time="0.454" /><testcase classname="tests.test_comprehensive_iteration143.TestAdminDashboard" name="test_platform_wallet" time="0.448" /><testcase classname="tests.test_comprehensive_iteration143.TestAdminDashboard" name="test_admin_products_list" time="0.483"><failure message="assert 404 == 200&#10; +  where 404 = &lt;Response [404]&gt;.status_code">tests/test_comprehensive_iteration143.py:367: in test_admin_products_list
    assert response.status_code == 200
E   assert 404 == 200
E    +  where 404 = &lt;Response [404]&gt;.status_code</failure></testcase><testcase classname="tests.test_comprehensive_iteration143.TestNotifications" name="test_get_notifications" time="0.446" /><testcase classname="tests.test_comprehensive_iteration143.TestNotifications" name="test_unread_count" time="0.438"><failure message="assert 404 == 200&#10; +  where 404 = &lt;Response [404]&gt;.status_code">tests/test_comprehensive_iteration143.py:393: in test_unread_count
    assert response.status_code == 200
E   assert 404 == 200
E    +  where 404 = &lt;Response [404]&gt;.status_code</failure></testcase><testcase classname="tests.test_comprehensive_iteration143.TestFoodPlatform" name="test_food_stores_list" time="0.108" /><testcase classname="tests.test_comprehensive_iteration143.TestFoodPlatform" name="test_food_categories" time="0.113" /><testcase classname="tests.test_comprehensive_iteration143.TestCommissionSystem" name="test_commission_calculation" time="0.113" /><testcase classname="tests.test_comprehensive_iteration143.TestShippingCalculation" name="test_shipping_calculation" time="0.581" /><testcase classname="tests.test_comprehensive_iteration143.TestOTPVerification" name="test_otp_bypass_code" time="0.000" /></testsuite></testsuites>