<?xml version="1.0" encoding="utf-8"?><testsuites name="pytest tests"><testsuite name="pytest" errors="0" failures="0" skipped="0" tests="25" time="4.795" timestamp="2026-03-18T13:39:22.004582+00:00" hostname="agent-env-dd4689e7-6442-4ec7-826a-e05c9c7363c3"><testcase classname="backend.tests.test_customer_scenario.TestCustomerScenario" name="test_01_customer_registration_success" time="0.424" /><testcase classname="backend.tests.test_customer_scenario.TestCustomerScenario" name="test_02_customer_registration_duplicate_phone" time="0.135" /><testcase classname="backend.tests.test_customer_scenario.TestCustomerScenario" name="test_03_customer_login_success" time="0.360" /><testcase classname="backend.tests.test_customer_scenario.TestCustomerScenario" name="test_04_customer_login_wrong_password" time="0.340" /><testcase classname="backend.tests.test_customer_scenario.TestCustomerScenario" name="test_05_customer_get_me" time="0.119" /><testcase classname="backend.tests.test_customer_scenario.TestCustomerScenario" name="test_06_add_address_with_location" time="0.116" /><testcase classname="backend.tests.test_customer_scenario.TestCustomerScenario" name="test_07_get_addresses" time="0.182" /><testcase classname="backend.tests.test_customer_scenario.TestCustomerScenario" name="test_08_update_address" time="0.161" /><testcase classname="backend.tests.test_customer_scenario.TestCustomerScenario" name="test_09_browse_products" time="0.120" /><testcase classname="backend.tests.test_customer_scenario.TestCustomerScenario" name="test_10_browse_products_by_category" time="0.166" /><testcase classname="backend.tests.test_customer_scenario.TestCustomerScenario" name="test_11_get_product_categories" time="0.137" /><testcase classname="backend.tests.test_customer_scenario.TestCustomerScenario" name="test_12_get_featured_products" time="0.116" /><testcase classname="backend.tests.test_customer_scenario.TestCustomerScenario" name="test_13_get_empty_cart" time="0.121" /><testcase classname="backend.tests.test_customer_scenario.TestCustomerScenario" name="test_14_add_to_cart" time="0.123" /><testcase classname="backend.tests.test_customer_scenario.TestCustomerScenario" name="test_15_get_cart_with_items" time="0.136" /><testcase classname="backend.tests.test_customer_scenario.TestCustomerScenario" name="test_16_update_cart_quantity" time="0.246" /><testcase classname="backend.tests.test_customer_scenario.TestCustomerScenario" name="test_17_create_order" time="0.130" /><testcase classname="backend.tests.test_customer_scenario.TestCustomerScenario" name="test_18_get_order_details" time="0.118" /><testcase classname="backend.tests.test_customer_scenario.TestCustomerScenario" name="test_19_get_customer_orders" time="0.140" /><testcase classname="backend.tests.test_customer_scenario.TestCustomerScenario" name="test_20_get_order_tracking" time="0.117" /><testcase classname="backend.tests.test_customer_scenario.TestCustomerScenario" name="test_21_clear_cart" time="0.240" /><testcase classname="backend.tests.test_customer_scenario.TestCustomerScenario" name="test_22_payment_methods_crud" time="0.390" /><testcase classname="backend.tests.test_customer_scenario.TestCustomerScenario" name="test_23_unauthorized_access" time="0.363" /><testcase classname="backend.tests.test_customer_scenario.TestCustomerScenario" name="test_24_best_sellers_products" time="0.103" /><testcase classname="backend.tests.test_customer_scenario.TestCustomerScenario" name="test_25_newly_added_products" time="0.130" /></testsuite></testsuites>