<?xml version="1.0" encoding="utf-8"?><testsuites name="pytest tests"><testsuite name="pytest" errors="0" failures="0" skipped="7" tests="9" time="1.987" timestamp="2026-04-21T16:50:33.605656+00:00" hostname="agent-env-dd4689e7-6442-4ec7-826a-e05c9c7363c3"><testcase classname="backend.tests.test_delivery_driver_registration.TestDeliveryFuelTypes" name="test_fuel_types_endpoint_returns_200" time="0.240" /><testcase classname="backend.tests.test_delivery_driver_registration.TestDeliveryFuelTypes" name="test_fuel_types_returns_petrol_and_electric" time="0.176" /><testcase classname="backend.tests.test_delivery_driver_registration.TestDeliveryDocumentsValidation" name="test_documents_rejects_empty_bike_photo" time="0.267"><skipped type="pytest.skip" message="Could not create or login test delivery user">/app/backend/tests/test_delivery_driver_registration.py:89: Could not create or login test delivery user</skipped></testcase><testcase classname="backend.tests.test_delivery_driver_registration.TestDeliveryDocumentsValidation" name="test_documents_rejects_invalid_fuel_type" time="0.251"><skipped type="pytest.skip" message="Could not create or login test delivery user">/app/backend/tests/test_delivery_driver_registration.py:113: Could not create or login test delivery user</skipped></testcase><testcase classname="backend.tests.test_delivery_driver_registration.TestDeliveryDocumentsValidation" name="test_documents_rejects_empty_latitude" time="0.226"><skipped type="pytest.skip" message="Could not create or login test delivery user">/app/backend/tests/test_delivery_driver_registration.py:137: Could not create or login test delivery user</skipped></testcase><testcase classname="backend.tests.test_delivery_driver_registration.TestDeliveryDocumentsValidation" name="test_documents_rejects_empty_longitude" time="0.320"><skipped type="pytest.skip" message="Could not create or login test delivery user">/app/backend/tests/test_delivery_driver_registration.py:161: Could not create or login test delivery user</skipped></testcase><testcase classname="backend.tests.test_delivery_driver_registration.TestDeliveryDocumentsAcceptsNewFields" name="test_documents_accepts_bike_photo_and_fuel_type" time="0.188"><skipped type="pytest.skip" message="Could not create test delivery user">/app/backend/tests/test_delivery_driver_registration.py:211: Could not create test delivery user</skipped></testcase><testcase classname="backend.tests.test_delivery_driver_registration.TestDeliveryDocumentsAcceptsNewFields" name="test_documents_accepts_electric_fuel_type" time="0.122"><skipped type="pytest.skip" message="Could not create test delivery user">/app/backend/tests/test_delivery_driver_registration.py:244: Could not create test delivery user</skipped></testcase><testcase classname="backend.tests.test_delivery_driver_registration.TestDeliveryDocumentsStatus" name="test_documents_status_returns_fuel_type" time="0.127"><skipped type="pytest.skip" message="Could not create test user">/app/backend/tests/test_delivery_driver_registration.py:307: Could not create test user</skipped></testcase></testsuite></testsuites>