<?xml version="1.0" encoding="utf-8"?><testsuites name="pytest tests"><testsuite name="pytest" errors="0" failures="0" skipped="6" tests="12" time="6.018" timestamp="2026-03-14T11:55:28.700195+00:00" hostname="agent-env-dd4689e7-6442-4ec7-826a-e05c9c7363c3"><testcase classname="backend.tests.test_dispatch_violations.TestDispatchViolationsAPIs" name="test_dispatch_status_endpoint_exists" time="0.952" /><testcase classname="backend.tests.test_dispatch_violations.TestDispatchViolationsAPIs" name="test_dispatch_status_response_structure" time="0.859" /><testcase classname="backend.tests.test_dispatch_violations.TestDispatchViolationsAPIs" name="test_dispatch_status_requires_admin" time="0.909" /><testcase classname="backend.tests.test_dispatch_violations.TestDispatchViolationsAPIs" name="test_violations_report_endpoint_exists" time="0.781" /><testcase classname="backend.tests.test_dispatch_violations.TestDispatchViolationsAPIs" name="test_violations_report_response_structure" time="0.220"><skipped type="pytest.skip" message="Admin auth failed">/app/backend/tests/test_dispatch_violations.py:119: Admin auth failed</skipped></testcase><testcase classname="backend.tests.test_dispatch_violations.TestDispatchViolationsAPIs" name="test_violations_report_with_different_days" time="0.207"><skipped type="pytest.skip" message="Admin auth failed">/app/backend/tests/test_dispatch_violations.py:148: Admin auth failed</skipped></testcase><testcase classname="backend.tests.test_dispatch_violations.TestDispatchViolationsAPIs" name="test_violations_report_requires_admin" time="0.859" /><testcase classname="backend.tests.test_dispatch_violations.TestDispatchViolationsAPIs" name="test_admin_delivery_settings_endpoint" time="0.216"><skipped type="pytest.skip" message="Admin auth failed">/app/backend/tests/test_dispatch_violations.py:182: Admin auth failed</skipped></testcase><testcase classname="backend.tests.test_dispatch_violations.TestDispatchViolationsAPIs" name="test_verify_pickup_requires_driver_auth" time="0.320" /><testcase classname="backend.tests.test_dispatch_violations.TestDispatchViolationsAPIs" name="test_verify_pickup_with_invalid_order" time="0.222"><skipped type="pytest.skip" message="Driver auth failed">/app/backend/tests/test_dispatch_violations.py:221: Driver auth failed</skipped></testcase><testcase classname="backend.tests.test_dispatch_violations.TestDispatchViolationsAPIs" name="test_driver_arrived_endpoint_exists" time="0.199"><skipped type="pytest.skip" message="Driver auth failed">/app/backend/tests/test_dispatch_violations.py:238: Driver auth failed</skipped></testcase><testcase classname="backend.tests.test_dispatch_violations.TestDispatchViolationsAPIs" name="test_violations_list_endpoint" time="0.208"><skipped type="pytest.skip" message="Admin auth failed">/app/backend/tests/test_dispatch_violations.py:255: Admin auth failed</skipped></testcase></testsuite></testsuites>