<?xml version="1.0" encoding="utf-8"?><testsuites name="pytest tests"><testsuite name="pytest" errors="0" failures="0" skipped="0" tests="12" time="1.585" timestamp="2026-03-15T10:39:28.179671+00:00" hostname="agent-env-dd4689e7-6442-4ec7-826a-e05c9c7363c3"><testcase classname="tests.test_driver_store_proximity.TestDriverStoreProximityNotification" name="test_01_seller_login" time="0.673" /><testcase classname="tests.test_driver_store_proximity.TestDriverStoreProximityNotification" name="test_02_driver_login" time="0.000" /><testcase classname="tests.test_driver_store_proximity.TestDriverStoreProximityNotification" name="test_03_seller_store_exists" time="0.108" /><testcase classname="tests.test_driver_store_proximity.TestDriverStoreProximityNotification" name="test_04_driver_location_update_api" time="0.110" /><testcase classname="tests.test_driver_store_proximity.TestDriverStoreProximityNotification" name="test_05_notifications_endpoint" time="0.101" /><testcase classname="tests.test_driver_store_proximity.TestDriverStoreProximityNotification" name="test_06_check_proximity_logic_in_delivery_code" time="0.001" /><testcase classname="tests.test_driver_store_proximity.TestDriverStoreProximityNotification" name="test_07_notification_structure" time="0.107" /><testcase classname="tests.test_driver_store_proximity.TestFoodStoreDashboardNotification" name="test_frontend_notification_code_exists" time="0.000" /><testcase classname="tests.test_driver_store_proximity.TestFoodStoreDashboardNotification" name="test_notification_sound_file_exists" time="0.000" /><testcase classname="tests.test_driver_store_proximity.TestDeliveryLocationUpdateWithOrder" name="test_driver_my_food_orders" time="0.106" /><testcase classname="tests.test_driver_store_proximity.TestDeliveryLocationUpdateWithOrder" name="test_location_update_with_order_id" time="0.209" /><testcase classname="tests.test_driver_store_proximity.TestUnreadNotificationsEndpoint" name="test_unread_notifications_endpoint" time="0.117" /></testsuite></testsuites>