<?xml version="1.0" encoding="utf-8"?><testsuites name="pytest tests"><testsuite name="pytest" errors="0" failures="1" skipped="4" tests="21" time="4.140" timestamp="2026-03-06T07:47:19.540367+00:00" hostname="agent-env-dd4689e7-6442-4ec7-826a-e05c9c7363c3"><testcase classname="backend.tests.test_driver_rating_legal.TestAuthentication" name="test_customer_login" time="0.206" /><testcase classname="backend.tests.test_driver_rating_legal.TestAuthentication" name="test_seller_login" time="0.109" /><testcase classname="backend.tests.test_driver_rating_legal.TestAuthentication" name="test_admin_login" time="0.107" /><testcase classname="backend.tests.test_driver_rating_legal.TestDriverRatingSystem" name="test_check_rating_status_unauthenticated" time="0.114" /><testcase classname="backend.tests.test_driver_rating_legal.TestDriverRatingSystem" name="test_check_rating_status_authenticated" time="0.214" /><testcase classname="backend.tests.test_driver_rating_legal.TestDriverRatingSystem" name="test_rate_delivery_invalid_order" time="0.217" /><testcase classname="backend.tests.test_driver_rating_legal.TestDriverRatingSystem" name="test_rate_delivery_invalid_rating_value" time="0.376" /><testcase classname="backend.tests.test_driver_rating_legal.TestDriverRatingSystem" name="test_get_driver_ratings_public" time="0.143" /><testcase classname="backend.tests.test_driver_rating_legal.TestDriverRatingSystem" name="test_delivery_my_ratings_unauthenticated" time="0.146" /><testcase classname="backend.tests.test_driver_rating_legal.TestDeliveryDashboardWithRatings" name="test_delivery_login" time="0.104" /><testcase classname="backend.tests.test_driver_rating_legal.TestDeliveryDashboardWithRatings" name="test_delivery_orders_endpoint" time="0.098"><skipped type="pytest.skip" message="No delivery user - needs registration first">/app/backend/tests/test_driver_rating_legal.py:173: No delivery user - needs registration first</skipped></testcase><testcase classname="backend.tests.test_driver_rating_legal.TestDeliveryDashboardWithRatings" name="test_delivery_available_orders_endpoint" time="0.130"><skipped type="pytest.skip" message="No delivery user - needs registration first">/app/backend/tests/test_driver_rating_legal.py:185: No delivery user - needs registration first</skipped></testcase><testcase classname="backend.tests.test_driver_rating_legal.TestDeliveryDashboardWithRatings" name="test_delivery_my_orders_endpoint" time="0.142"><skipped type="pytest.skip" message="No delivery user - needs registration first">/app/backend/tests/test_driver_rating_legal.py:197: No delivery user - needs registration first</skipped></testcase><testcase classname="backend.tests.test_driver_rating_legal.TestDeliveryDashboardWithRatings" name="test_delivery_stats_endpoint" time="0.099"><skipped type="pytest.skip" message="No delivery user - needs registration first">/app/backend/tests/test_driver_rating_legal.py:209: No delivery user - needs registration first</skipped></testcase><testcase classname="backend.tests.test_driver_rating_legal.TestOrderTrackingRatingIntegration" name="test_get_customer_orders" time="0.212" /><testcase classname="backend.tests.test_driver_rating_legal.TestOrderTrackingRatingIntegration" name="test_order_tracking_with_rating_button" time="0.348" /><testcase classname="backend.tests.test_driver_rating_legal.TestSellerPackagingWorkflow" name="test_seller_get_orders" time="0.310" /><testcase classname="backend.tests.test_driver_rating_legal.TestSellerPackagingWorkflow" name="test_seller_order_detail_for_label" time="0.389" /><testcase classname="backend.tests.test_driver_rating_legal.TestPrivacyInOrderTracking" name="test_order_tracking_hides_driver_phone_from_customer" time="0.310" /><testcase classname="backend.tests.test_driver_rating_legal.TestHealthAndStatus" name="test_api_health" time="0.114"><failure message="AssertionError: Health check failed: {&quot;detail&quot;:&quot;Not Found&quot;}&#10;assert 404 == 200&#10; +  where 404 = &lt;Response [404]&gt;.status_code">backend/tests/test_driver_rating_legal.py:375: in test_api_health
    assert response.status_code == 200, f"Health check failed: {response.text}"
E   AssertionError: Health check failed: {"detail":"Not Found"}
E   assert 404 == 200
E    +  where 404 = &lt;Response [404]&gt;.status_code</failure></testcase><testcase classname="backend.tests.test_driver_rating_legal.TestHealthAndStatus" name="test_products_endpoint" time="0.109" /></testsuite></testsuites>