<?xml version="1.0" encoding="utf-8"?><testsuites name="pytest tests"><testsuite name="pytest" errors="0" failures="0" skipped="0" tests="10" time="3.888" timestamp="2026-03-13T08:14:15.358640+00:00" hostname="agent-env-dd4689e7-6442-4ec7-826a-e05c9c7363c3"><testcase classname="test_driver_earnings_settings.TestDriverEarningsSettings" name="test_get_driver_earnings_settings_public" time="1.739" /><testcase classname="test_driver_earnings_settings.TestDriverEarningsSettings" name="test_get_driver_earnings_settings_default_values" time="0.141" /><testcase classname="test_driver_earnings_settings.TestDriverEarningsSettings" name="test_update_driver_earnings_settings_as_admin" time="0.522" /><testcase classname="test_driver_earnings_settings.TestDriverEarningsSettings" name="test_update_driver_earnings_settings_as_driver_should_fail" time="0.391" /><testcase classname="test_driver_earnings_settings.TestDriverEarningsSettings" name="test_update_driver_earnings_settings_without_auth" time="0.115" /><testcase classname="test_driver_earnings_settings.TestDriverEarningsSettings" name="test_calculate_driver_earnings_basic" time="0.103" /><testcase classname="test_driver_earnings_settings.TestDriverEarningsSettings" name="test_calculate_driver_earnings_without_driver_location" time="0.098" /><testcase classname="test_driver_earnings_settings.TestDriverEarningsSettings" name="test_calculate_driver_earnings_minimum_fee" time="0.129" /><testcase classname="test_driver_earnings_settings.TestDriverEarningsSettings" name="test_calculate_driver_earnings_formula" time="0.196" /><testcase classname="test_driver_earnings_settings.TestDriverEarningsSettings" name="test_zz_reset_to_default_values" time="0.388" /></testsuite></testsuites>