<?xml version="1.0" encoding="utf-8"?><testsuites name="pytest tests"><testsuite name="pytest" errors="0" failures="0" skipped="0" tests="10" time="0.969" timestamp="2026-03-06T10:15:52.234462+00:00" hostname="agent-env-dd4689e7-6442-4ec7-826a-e05c9c7363c3"><testcase classname="backend.tests.test_driver_performance.TestDriverPerformanceAPI" name="test_delivery_user_login" time="0.176" /><testcase classname="backend.tests.test_driver_performance.TestDriverPerformanceAPI" name="test_performance_endpoint_returns_200" time="0.117" /><testcase classname="backend.tests.test_driver_performance.TestDriverPerformanceAPI" name="test_performance_has_overview_section" time="0.054" /><testcase classname="backend.tests.test_driver_performance.TestDriverPerformanceAPI" name="test_performance_has_period_stats" time="0.054" /><testcase classname="backend.tests.test_driver_performance.TestDriverPerformanceAPI" name="test_performance_has_charts_data" time="0.056" /><testcase classname="backend.tests.test_driver_performance.TestDriverPerformanceAPI" name="test_performance_has_performance_level" time="0.054" /><testcase classname="backend.tests.test_driver_performance.TestDriverPerformanceAPI" name="test_performance_has_tips" time="0.054" /><testcase classname="backend.tests.test_driver_performance.TestDriverPerformanceAPI" name="test_performance_level_logic_for_beginner" time="0.054" /><testcase classname="backend.tests.test_driver_performance.TestPerformanceEndpointSecurity" name="test_performance_requires_authentication" time="0.102" /><testcase classname="backend.tests.test_driver_performance.TestPerformanceEndpointSecurity" name="test_performance_requires_delivery_user" time="0.152" /></testsuite></testsuites>