<?xml version="1.0" encoding="utf-8"?><testsuites name="pytest tests"><testsuite name="pytest" errors="0" failures="0" skipped="0" tests="14" time="9.504" timestamp="2026-03-22T15:23:10.698564+00:00" hostname="agent-env-dd4689e7-6442-4ec7-826a-e05c9c7363c3"><testcase classname="backend.tests.test_driver_seller_coordination.TestDriverSellerCoordination" name="test_01_driver_login" time="1.097" /><testcase classname="backend.tests.test_driver_seller_coordination.TestDriverSellerCoordination" name="test_02_seller_login" time="1.005" /><testcase classname="backend.tests.test_driver_seller_coordination.TestDriverSellerCoordination" name="test_03_delivery_available_api_returns_driver_requested_orders" time="0.770" /><testcase classname="backend.tests.test_driver_seller_coordination.TestDriverSellerCoordination" name="test_04_get_seller_store_orders" time="0.816" /><testcase classname="backend.tests.test_driver_seller_coordination.TestDriverSellerCoordination" name="test_05_request_driver_api" time="0.783" /><testcase classname="backend.tests.test_driver_seller_coordination.TestDriverSellerCoordination" name="test_06_driver_accept_order_api" time="0.971" /><testcase classname="backend.tests.test_driver_seller_coordination.TestDriverSellerCoordination" name="test_07_set_preparation_time_api" time="0.886" /><testcase classname="backend.tests.test_driver_seller_coordination.TestDriverSellerCoordination" name="test_08_driver_reject_order_api" time="0.765" /><testcase classname="backend.tests.test_driver_seller_coordination.TestDriverSellerCoordination" name="test_09_delivery_available_with_coordinates" time="0.789" /><testcase classname="backend.tests.test_driver_seller_coordination.TestDriverSellerCoordination" name="test_10_order_status_tracking" time="0.756" /><testcase classname="backend.tests.test_driver_seller_coordination.TestAPIEndpointValidation" name="test_request_driver_requires_auth" time="0.108" /><testcase classname="backend.tests.test_driver_seller_coordination.TestAPIEndpointValidation" name="test_driver_accept_requires_auth" time="0.113" /><testcase classname="backend.tests.test_driver_seller_coordination.TestAPIEndpointValidation" name="test_set_preparation_time_requires_auth" time="0.119" /><testcase classname="backend.tests.test_driver_seller_coordination.TestAPIEndpointValidation" name="test_delivery_available_requires_driver_role" time="0.455" /></testsuite></testsuites>