<?xml version="1.0" encoding="utf-8"?><testsuites name="pytest tests"><testsuite name="pytest" errors="0" failures="1" skipped="12" tests="17" time="5.661" timestamp="2026-03-16T09:09:12.757129+00:00" hostname="agent-env-dd4689e7-6442-4ec7-826a-e05c9c7363c3"><testcase classname="backend.tests.test_driver_tracking.TestDriverTrackingAPIs" name="test_customer_auth" time="0.915" /><testcase classname="backend.tests.test_driver_tracking.TestDriverTrackingAPIs" name="test_driver_auth" time="0.914" /><testcase classname="backend.tests.test_driver_tracking.TestDriverTrackingAPIs" name="test_seller_auth" time="0.430"><failure message="AssertionError: Seller login should succeed&#10;assert None is not None&#10; +  where None = &lt;test_driver_tracking.TestDriverTrackingAPIs object at 0xf98a7377c050&gt;.seller_token">backend/tests/test_driver_tracking.py:63: in test_seller_auth
    assert self.seller_token is not None, "Seller login should succeed"
E   AssertionError: Seller login should succeed
E   assert None is not None
E    +  where None = &lt;test_driver_tracking.TestDriverTrackingAPIs object at 0xf98a7377c050&gt;.seller_token</failure></testcase><testcase classname="backend.tests.test_driver_tracking.TestDriverTrackingAPIs" name="test_driver_location_update" time="0.717" /><testcase classname="backend.tests.test_driver_tracking.TestDriverTrackingAPIs" name="test_driver_location_update_with_order" time="0.220"><skipped type="pytest.skip" message="Driver token not available">/app/backend/tests/test_driver_tracking.py:91: Driver token not available</skipped></testcase><testcase classname="backend.tests.test_driver_tracking.TestDriverTrackingAPIs" name="test_customer_cannot_update_driver_location" time="0.209"><skipped type="pytest.skip" message="Customer token not available">/app/backend/tests/test_driver_tracking.py:110: Customer token not available</skipped></testcase><testcase classname="backend.tests.test_driver_tracking.TestDriverTrackingAPIs" name="test_get_driver_location_no_auth" time="0.269" /><testcase classname="backend.tests.test_driver_tracking.TestDriverTrackingAPIs" name="test_get_driver_location_nonexistent_order" time="0.210"><skipped type="pytest.skip" message="Customer token not available">/app/backend/tests/test_driver_tracking.py:138: Customer token not available</skipped></testcase><testcase classname="backend.tests.test_driver_tracking.TestDriverTrackingAPIs" name="test_get_driver_location_for_existing_order" time="0.238"><skipped type="pytest.skip" message="Customer token not available">/app/backend/tests/test_driver_tracking.py:151: Customer token not available</skipped></testcase><testcase classname="backend.tests.test_driver_tracking.TestDriverTrackingAPIs" name="test_optimize_route_api_requires_driver" time="0.204"><skipped type="pytest.skip" message="Customer token not available">/app/backend/tests/test_driver_tracking.py:191: Customer token not available</skipped></testcase><testcase classname="backend.tests.test_driver_tracking.TestDriverTrackingAPIs" name="test_optimize_route_api_with_driver" time="0.213"><skipped type="pytest.skip" message="Driver token not available">/app/backend/tests/test_driver_tracking.py:204: Driver token not available</skipped></testcase><testcase classname="backend.tests.test_driver_tracking.TestDriverTrackingAPIs" name="test_smart_route_evaluate_api_requires_driver" time="0.211"><skipped type="pytest.skip" message="Customer token not available">/app/backend/tests/test_driver_tracking.py:222: Customer token not available</skipped></testcase><testcase classname="backend.tests.test_driver_tracking.TestDriverTrackingAPIs" name="test_smart_route_evaluate_with_driver" time="0.210"><skipped type="pytest.skip" message="Driver token not available">/app/backend/tests/test_driver_tracking.py:240: Driver token not available</skipped></testcase><testcase classname="backend.tests.test_driver_tracking.TestDriverTrackingAPIs" name="test_seller_can_access_driver_location" time="0.208"><skipped type="pytest.skip" message="Seller token not available">/app/backend/tests/test_driver_tracking.py:267: Seller token not available</skipped></testcase><testcase classname="backend.tests.test_driver_tracking.TestDriverTrackingWithRealOrder" name="test_get_specific_order_tracking" time="0.196"><skipped type="pytest.skip" message="Customer token not available">/app/backend/tests/test_driver_tracking.py:341: Customer token not available</skipped></testcase><testcase classname="backend.tests.test_driver_tracking.TestFoodOrderTrackingPage" name="test_get_customer_orders" time="0.105"><skipped type="pytest.skip" message="Customer token not available">/app/backend/tests/test_driver_tracking.py:395: Customer token not available</skipped></testcase><testcase classname="backend.tests.test_driver_tracking.TestFoodOrderTrackingPage" name="test_order_detail_api" time="0.112"><skipped type="pytest.skip" message="Customer token not available">/app/backend/tests/test_driver_tracking.py:414: Customer token not available</skipped></testcase></testsuite></testsuites>