<?xml version="1.0" encoding="utf-8"?><testsuites name="pytest tests"><testsuite name="pytest" errors="0" failures="0" skipped="0" tests="20" time="3.358" timestamp="2026-03-06T17:04:15.304351+00:00" hostname="agent-env-dd4689e7-6442-4ec7-826a-e05c9c7363c3"><testcase classname="backend.tests.test_driver_reports.TestReportDriverEndpoint" name="test_report_driver_requires_auth" time="0.300" /><testcase classname="backend.tests.test_driver_reports.TestReportDriverEndpoint" name="test_report_driver_forbidden_for_delivery" time="0.313" /><testcase classname="backend.tests.test_driver_reports.TestReportDriverEndpoint" name="test_report_driver_requires_minimum_details" time="0.334" /><testcase classname="backend.tests.test_driver_reports.TestReportDriverEndpoint" name="test_report_driver_validates_category" time="0.158" /><testcase classname="backend.tests.test_driver_reports.TestReportDriverEndpoint" name="test_report_driver_order_not_found" time="0.121" /><testcase classname="backend.tests.test_driver_reports.TestReportDriverEndpoint" name="test_valid_categories" time="0.000" /><testcase classname="backend.tests.test_driver_reports.TestAdminDriverReportsEndpoint" name="test_get_reports_requires_auth" time="0.097" /><testcase classname="backend.tests.test_driver_reports.TestAdminDriverReportsEndpoint" name="test_get_reports_forbidden_for_customer" time="0.117" /><testcase classname="backend.tests.test_driver_reports.TestAdminDriverReportsEndpoint" name="test_get_reports_forbidden_for_seller" time="0.276" /><testcase classname="backend.tests.test_driver_reports.TestAdminDriverReportsEndpoint" name="test_get_reports_forbidden_for_delivery" time="0.107" /><testcase classname="backend.tests.test_driver_reports.TestAdminDriverReportsEndpoint" name="test_get_reports_success_for_admin" time="0.268" /><testcase classname="backend.tests.test_driver_reports.TestAdminDriverReportsEndpoint" name="test_reports_response_structure" time="0.110" /><testcase classname="backend.tests.test_driver_reports.TestHandleDriverReportEndpoint" name="test_handle_report_requires_auth" time="0.128" /><testcase classname="backend.tests.test_driver_reports.TestHandleDriverReportEndpoint" name="test_handle_report_forbidden_for_non_admin" time="0.169" /><testcase classname="backend.tests.test_driver_reports.TestHandleDriverReportEndpoint" name="test_handle_report_validates_action" time="0.162" /><testcase classname="backend.tests.test_driver_reports.TestHandleDriverReportEndpoint" name="test_handle_report_not_found" time="0.196" /><testcase classname="backend.tests.test_driver_reports.TestSuspensionStatus" name="test_suspension_status_requires_auth" time="0.141" /><testcase classname="backend.tests.test_driver_reports.TestSuspensionStatus" name="test_suspension_status_forbidden_for_non_delivery" time="0.127" /><testcase classname="backend.tests.test_driver_reports.TestSuspensionStatus" name="test_suspension_status_success_for_delivery" time="0.138" /><testcase classname="backend.tests.test_driver_reports" name="test_summary" time="0.000" /></testsuite></testsuites>