<?xml version="1.0" encoding="utf-8"?><testsuites name="pytest tests"><testsuite name="pytest" errors="0" failures="0" skipped="0" tests="14" time="3.115" timestamp="2026-03-20T09:28:33.020766+00:00" hostname="agent-env-dd4689e7-6442-4ec7-826a-e05c9c7363c3"><testcase classname="tests.test_driver_bugs.TestDriverAvailability" name="test_driver_login_success" time="0.387" /><testcase classname="tests.test_driver_bugs.TestDriverAvailability" name="test_get_availability_returns_boolean" time="0.105" /><testcase classname="tests.test_driver_bugs.TestDriverAvailability" name="test_set_availability_to_true" time="0.109" /><testcase classname="tests.test_driver_bugs.TestDriverAvailability" name="test_availability_persists_after_get" time="0.227" /><testcase classname="tests.test_driver_bugs.TestDriverAvailability" name="test_set_unavailable_with_active_orders_fails" time="0.365" /><testcase classname="tests.test_driver_bugs.TestDriverAvailability" name="test_my_orders_endpoint_works" time="0.112" /><testcase classname="tests.test_driver_bugs.TestDriverAvailability" name="test_my_product_orders_endpoint_works" time="0.100" /><testcase classname="tests.test_driver_bugs.TestAdminApprovalNotifications" name="test_admin_can_get_pending_sellers" time="0.462" /><testcase classname="tests.test_driver_bugs.TestAdminApprovalNotifications" name="test_admin_can_get_pending_delivery" time="0.102" /><testcase classname="tests.test_driver_bugs.TestAdminApprovalNotifications" name="test_approve_driver_endpoint_exists" time="0.098" /><testcase classname="tests.test_driver_bugs.TestAdminApprovalNotifications" name="test_reject_driver_endpoint_exists" time="0.148" /><testcase classname="tests.test_driver_bugs.TestAdminApprovalNotifications" name="test_approve_seller_endpoint_exists" time="0.115" /><testcase classname="tests.test_driver_bugs.TestAdminApprovalNotifications" name="test_reject_seller_endpoint_exists" time="0.113" /><testcase classname="tests.test_driver_bugs.TestNotificationSoundHook" name="test_driver_can_access_dashboard_without_errors" time="0.593" /></testsuite></testsuites>