<?xml version="1.0" encoding="utf-8"?><testsuites name="pytest tests"><testsuite name="pytest" errors="0" failures="0" skipped="0" tests="18" time="3.229" timestamp="2026-04-04T12:57:23.145801+00:00" hostname="agent-env-dd4689e7-6442-4ec7-826a-e05c9c7363c3"><testcase classname="backend.tests.test_driver_security.TestDriverSecurityAPIs" name="test_01_driver_security_status" time="0.843" /><testcase classname="backend.tests.test_driver_security.TestDriverSecurityAPIs" name="test_02_driver_security_settings" time="0.162" /><testcase classname="backend.tests.test_driver_security.TestDriverSecurityAPIs" name="test_03_driver_security_status_unauthorized" time="0.098" /><testcase classname="backend.tests.test_driver_security.TestDriverSecurityAPIs" name="test_04_submit_deposit_request" time="0.254" /><testcase classname="backend.tests.test_driver_security.TestDriverSecurityAPIs" name="test_05_submit_deposit_invalid_amount" time="0.107" /><testcase classname="backend.tests.test_driver_security.TestDriverSecurityAPIs" name="test_06_get_my_deposit_requests" time="0.110" /><testcase classname="backend.tests.test_driver_security.TestDriverSecurityAPIs" name="test_07_admin_get_all_drivers" time="0.141" /><testcase classname="backend.tests.test_driver_security.TestDriverSecurityAPIs" name="test_08_admin_get_pending_deposits" time="0.108" /><testcase classname="backend.tests.test_driver_security.TestDriverSecurityAPIs" name="test_09_admin_get_pending_resignations" time="0.129" /><testcase classname="backend.tests.test_driver_security.TestDriverSecurityAPIs" name="test_10_admin_endpoints_unauthorized" time="0.103" /><testcase classname="backend.tests.test_driver_security.TestDriverSecurityAPIs" name="test_11_get_my_resignation" time="0.111" /><testcase classname="backend.tests.test_driver_security.TestDriverSecurityAPIs" name="test_12_submit_resignation_request" time="0.249" /><testcase classname="backend.tests.test_driver_security.TestDriverSecurityAPIs" name="test_13_cancel_resignation_request" time="0.165" /><testcase classname="backend.tests.test_driver_security.TestDriverSecurityAPIs" name="test_14_admin_suspend_driver" time="0.142" /><testcase classname="backend.tests.test_driver_security.TestDriverSecurityAPIs" name="test_15_admin_activate_driver" time="0.107" /><testcase classname="backend.tests.test_driver_security.TestDriverSecurityAPIs" name="test_16_admin_suspend_nonexistent_driver" time="0.102" /><testcase classname="backend.tests.test_driver_security.TestDriverSecurityAPIs" name="test_17_admin_update_settings" time="0.105" /><testcase classname="backend.tests.test_driver_security.TestDriverSecurityAPIs" name="test_18_admin_get_all_deposits" time="0.109" /></testsuite></testsuites>