<?xml version="1.0" encoding="utf-8"?><testsuites name="pytest tests"><testsuite name="pytest" errors="0" failures="0" skipped="0" tests="11" time="2.844" timestamp="2026-03-15T08:36:24.258638+00:00" hostname="agent-env-dd4689e7-6442-4ec7-826a-e05c9c7363c3"><testcase classname="backend.tests.test_earnings_hold_and_tracking.TestEarningsHoldSettingsAPI" name="test_get_earnings_hold_settings" time="0.597" /><testcase classname="backend.tests.test_earnings_hold_and_tracking.TestEarningsHoldSettingsAPI" name="test_update_earnings_hold_settings" time="0.228" /><testcase classname="backend.tests.test_earnings_hold_and_tracking.TestEarningsHoldSettingsAPI" name="test_get_earnings_hold_settings_unauthorized" time="0.433" /><testcase classname="backend.tests.test_earnings_hold_and_tracking.TestHeldEarningsSummaryAPI" name="test_get_held_earnings_summary" time="0.103" /><testcase classname="backend.tests.test_earnings_hold_and_tracking.TestHeldEarningsSummaryAPI" name="test_manual_release_held_earnings" time="0.107" /><testcase classname="backend.tests.test_earnings_hold_and_tracking.TestUserHeldEarningsAPI" name="test_get_user_held_earnings" time="0.429" /><testcase classname="backend.tests.test_earnings_hold_and_tracking.TestUserHeldEarningsAPI" name="test_get_hold_settings_public" time="0.103" /><testcase classname="backend.tests.test_earnings_hold_and_tracking.TestDriverLocationTrackingAPI" name="test_update_driver_location" time="0.105" /><testcase classname="backend.tests.test_earnings_hold_and_tracking.TestDriverLocationTrackingAPI" name="test_update_driver_location_with_order" time="0.108" /><testcase classname="backend.tests.test_earnings_hold_and_tracking.TestWalletWithHeldBalance" name="test_wallet_balance_includes_held" time="0.112" /><testcase classname="backend.tests.test_earnings_hold_and_tracking.TestEarningsHoldIntegration" name="test_full_earnings_hold_flow" time="0.439" /></testsuite></testsuites>