<?xml version="1.0" encoding="utf-8"?><testsuites name="pytest tests"><testsuite name="pytest" errors="0" failures="0" skipped="0" tests="18" time="3.497" timestamp="2026-03-07T07:41:53.510404+00:00" hostname="agent-env-dd4689e7-6442-4ec7-826a-e05c9c7363c3"><testcase classname="backend.tests.test_food_order_status_rating.TestAuthentication" name="test_admin_login" time="0.240" /><testcase classname="backend.tests.test_food_order_status_rating.TestAuthentication" name="test_seller_login" time="0.115" /><testcase classname="backend.tests.test_food_order_status_rating.TestAuthentication" name="test_buyer_login" time="0.116" /><testcase classname="backend.tests.test_food_order_status_rating.TestOrderStatusUpdateAPI" name="test_seller_update_order_status_endpoint_exists" time="0.213" /><testcase classname="backend.tests.test_food_order_status_rating.TestOrderStatusUpdateAPI" name="test_admin_can_update_order_status" time="0.212" /><testcase classname="backend.tests.test_food_order_status_rating.TestOrderStatusUpdateAPI" name="test_status_update_creates_notification" time="0.220" /><testcase classname="backend.tests.test_food_order_status_rating.TestOrderStatusUpdateAPI" name="test_valid_order_statuses" time="0.000" /><testcase classname="backend.tests.test_food_order_status_rating.TestRatingSystem" name="test_rate_order_endpoint_exists" time="0.220" /><testcase classname="backend.tests.test_food_order_status_rating.TestRatingSystem" name="test_rate_order_requires_delivered_status" time="0.204" /><testcase classname="backend.tests.test_food_order_status_rating.TestRatingSystem" name="test_rate_order_requires_store_rating" time="0.217" /><testcase classname="backend.tests.test_food_order_status_rating.TestStoreReviews" name="test_get_store_reviews_endpoint" time="0.213" /><testcase classname="backend.tests.test_food_order_status_rating.TestStoreReviews" name="test_store_has_rating_after_review" time="0.107" /><testcase classname="backend.tests.test_food_order_status_rating.TestOrderTrackingFlow" name="test_get_order_details" time="0.210" /><testcase classname="backend.tests.test_food_order_status_rating.TestOrderTrackingFlow" name="test_my_orders_list" time="0.212" /><testcase classname="backend.tests.test_food_order_status_rating.TestOrderTrackingFlow" name="test_seller_store_orders" time="0.196" /><testcase classname="backend.tests.test_food_order_status_rating.TestNotificationOnStatusChange" name="test_admin_update_creates_notification" time="0.306" /><testcase classname="backend.tests.test_food_order_status_rating.TestDeliveredOrderRatingIntegration" name="test_delivered_order_can_be_rated" time="0.196" /><testcase classname="backend.tests.test_food_order_status_rating.TestDeliveredOrderRatingIntegration" name="test_store_average_rating_calculation" time="0.202" /></testsuite></testsuites>