<?xml version="1.0" encoding="utf-8"?><testsuites name="pytest tests"><testsuite name="pytest" errors="0" failures="0" skipped="0" tests="20" time="1.537" timestamp="2026-04-24T19:37:22.493287+00:00" hostname="agent-env-dd4689e7-6442-4ec7-826a-e05c9c7363c3"><testcase classname="tests.test_food_order_helpers_refactoring.TestBackendStartup" name="test_health_endpoint" time="0.287" /><testcase classname="tests.test_food_order_helpers_refactoring.TestBackendStartup" name="test_food_orders_router_loaded" time="0.134" /><testcase classname="tests.test_food_order_helpers_refactoring.TestPhase3Imports" name="test_import_batch_functions" time="0.320" /><testcase classname="tests.test_food_order_helpers_refactoring.TestPhase3Imports" name="test_import_earnings_functions" time="0.000" /><testcase classname="tests.test_food_order_helpers_refactoring.TestPhase3Imports" name="test_import_all_phase1_functions" time="0.000" /><testcase classname="tests.test_food_order_helpers_refactoring.TestPhase3Imports" name="test_import_constants" time="0.000" /><testcase classname="tests.test_food_order_helpers_refactoring.TestFoodOrdersImports" name="test_food_orders_imports_phase3_functions" time="0.042" /><testcase classname="tests.test_food_order_helpers_refactoring.TestFoodOrdersImports" name="test_food_orders_uses_imported_functions" time="0.001" /><testcase classname="tests.test_food_order_helpers_refactoring.TestEndpointsAuth" name="test_my_orders_requires_auth" time="0.169" /><testcase classname="tests.test_food_order_helpers_refactoring.TestEndpointsAuth" name="test_batch_requires_auth" time="0.110" /><testcase classname="tests.test_food_order_helpers_refactoring.TestEndpointsAuth" name="test_seller_orders_requires_auth" time="0.116" /><testcase classname="tests.test_food_order_helpers_refactoring.TestEndpointsAuth" name="test_store_orders_requires_auth" time="0.132" /><testcase classname="tests.test_food_order_helpers_refactoring.TestEndpointsAuth" name="test_delivery_available_requires_auth" time="0.137" /><testcase classname="tests.test_food_order_helpers_refactoring.TestFunctionLogic" name="test_get_first_name" time="0.000" /><testcase classname="tests.test_food_order_helpers_refactoring.TestFunctionLogic" name="test_calculate_haversine_distance" time="0.000" /><testcase classname="tests.test_food_order_helpers_refactoring.TestFunctionLogic" name="test_get_store_delivery_category" time="0.000" /><testcase classname="tests.test_food_order_helpers_refactoring.TestFunctionLogic" name="test_order_statuses_complete" time="0.000" /><testcase classname="tests.test_food_order_helpers_refactoring.TestFileStructure" name="test_food_orders_file_size_reduced" time="0.001" /><testcase classname="tests.test_food_order_helpers_refactoring.TestFileStructure" name="test_food_order_helpers_exists" time="0.000" /><testcase classname="tests.test_food_order_helpers_refactoring.TestFileStructure" name="test_food_order_models_exists" time="0.000" /></testsuite></testsuites>