<?xml version="1.0" encoding="utf-8"?><testsuites name="pytest tests"><testsuite name="pytest" errors="0" failures="1" skipped="11" tests="14" time="2.659" timestamp="2026-03-15T17:30:04.800728+00:00" hostname="agent-env-dd4689e7-6442-4ec7-826a-e05c9c7363c3"><testcase classname="backend.tests.test_food_priority_delivery.TestFoodPriorityDeliverySystem" name="test_my_product_orders_endpoint_exists" time="0.473" /><testcase classname="backend.tests.test_food_priority_delivery.TestFoodPriorityDeliverySystem" name="test_is_locked_false_when_no_active_food_orders" time="0.555" /><testcase classname="backend.tests.test_food_priority_delivery.TestFoodPriorityDeliverySystem" name="test_delivery_complete_endpoint_exists" time="0.112"><skipped type="pytest.skip" message="Could not login as driver: {&quot;detail&quot;:&quot;تم تجاوز الحد المسموح من الطلبات. يرجى الانتظار قليلاً.&quot;,&quot;retry_after&quot;:60}">/app/backend/tests/test_food_priority_delivery.py:130: Could not login as driver: {"detail":"تم تجاوز الحد المسموح من الطلبات. يرجى الانتظار قليلاً.","retry_after":60}</skipped></testcase><testcase classname="backend.tests.test_food_priority_delivery.TestFoodPriorityDeliverySystem" name="test_delivery_complete_blocked_when_active_food_order_exists" time="0.105"><skipped type="pytest.skip" message="Could not login as driver: {&quot;detail&quot;:&quot;تم تجاوز الحد المسموح من الطلبات. يرجى الانتظار قليلاً.&quot;,&quot;retry_after&quot;:60}">/app/backend/tests/test_food_priority_delivery.py:141: Could not login as driver: {"detail":"تم تجاوز الحد المسموح من الطلبات. يرجى الانتظار قليلاً.","retry_after":60}</skipped></testcase><testcase classname="backend.tests.test_food_priority_delivery.TestFoodPriorityDeliverySystem" name="test_available_orders_endpoint_exists" time="0.124"><skipped type="pytest.skip" message="Could not login as driver: {&quot;detail&quot;:&quot;تم تجاوز الحد المسموح من الطلبات. يرجى الانتظار قليلاً.&quot;,&quot;retry_after&quot;:60}">/app/backend/tests/test_food_priority_delivery.py:177: Could not login as driver: {"detail":"تم تجاوز الحد المسموح من الطلبات. يرجى الانتظار قليلاً.","retry_after":60}</skipped></testcase><testcase classname="backend.tests.test_food_priority_delivery.TestFoodPriorityDeliverySystem" name="test_available_orders_hides_products_when_food_active" time="0.108"><skipped type="pytest.skip" message="Could not login as driver: {&quot;detail&quot;:&quot;تم تجاوز الحد المسموح من الطلبات. يرجى الانتظار قليلاً.&quot;,&quot;retry_after&quot;:60}">/app/backend/tests/test_food_priority_delivery.py:188: Could not login as driver: {"detail":"تم تجاوز الحد المسموح من الطلبات. يرجى الانتظار قليلاً.","retry_after":60}</skipped></testcase><testcase classname="backend.tests.test_food_priority_delivery.TestFoodPriorityDeliverySystem" name="test_orders_have_is_locked_field" time="0.108"><skipped type="pytest.skip" message="Could not login as driver: {&quot;detail&quot;:&quot;تم تجاوز الحد المسموح من الطلبات. يرجى الانتظار قليلاً.&quot;,&quot;retry_after&quot;:60}">/app/backend/tests/test_food_priority_delivery.py:214: Could not login as driver: {"detail":"تم تجاوز الحد المسموح من الطلبات. يرجى الانتظار قليلاً.","retry_after":60}</skipped></testcase><testcase classname="backend.tests.test_food_priority_delivery.TestFoodPriorityDeliverySystem" name="test_my_food_orders_endpoint" time="0.117"><skipped type="pytest.skip" message="Could not login as driver: {&quot;detail&quot;:&quot;تم تجاوز الحد المسموح من الطلبات. يرجى الانتظار قليلاً.&quot;,&quot;retry_after&quot;:60}">/app/backend/tests/test_food_priority_delivery.py:237: Could not login as driver: {"detail":"تم تجاوز الحد المسموح من الطلبات. يرجى الانتظار قليلاً.","retry_after":60}</skipped></testcase><testcase classname="backend.tests.test_food_priority_delivery.TestFoodPriorityDeliverySystem" name="test_available_food_orders_endpoint" time="0.113"><skipped type="pytest.skip" message="Could not login as driver: {&quot;detail&quot;:&quot;تم تجاوز الحد المسموح من الطلبات. يرجى الانتظار قليلاً.&quot;,&quot;retry_after&quot;:60}">/app/backend/tests/test_food_priority_delivery.py:251: Could not login as driver: {"detail":"تم تجاوز الحد المسموح من الطلبات. يرجى الانتظار قليلاً.","retry_after":60}</skipped></testcase><testcase classname="backend.tests.test_food_priority_delivery.TestFoodPriorityDeliverySystem" name="test_driver_login" time="0.318"><failure message="AssertionError: Driver login failed: {&quot;detail&quot;:&quot;تم تجاوز الحد المسموح من الطلبات. يرجى الانتظار قليلاً.&quot;,&quot;retry_after&quot;:60}&#10;assert 429 == 200&#10; +  where 429 = &lt;Response [429]&gt;.status_code">backend/tests/test_food_priority_delivery.py:273: in test_driver_login
    assert response.status_code == 200, f"Driver login failed: {response.text}"
E   AssertionError: Driver login failed: {"detail":"تم تجاوز الحد المسموح من الطلبات. يرجى الانتظار قليلاً.","retry_after":60}
E   assert 429 == 200
E    +  where 429 = &lt;Response [429]&gt;.status_code</failure></testcase><testcase classname="backend.tests.test_food_priority_delivery.TestFoodPriorityDeliverySystem" name="test_customer_cannot_access_delivery_endpoints" time="0.116"><skipped type="pytest.skip" message="Could not login as customer: {&quot;detail&quot;:&quot;تم تجاوز الحد المسموح من الطلبات. يرجى الانتظار قليلاً.&quot;,&quot;retry_after&quot;:60}">/app/backend/tests/test_food_priority_delivery.py:284: Could not login as customer: {"detail":"تم تجاوز الحد المسموح من الطلبات. يرجى الانتظار قليلاً.","retry_after":60}</skipped></testcase><testcase classname="backend.tests.test_food_priority_delivery.TestFoodPriorityE2EScenario" name="test_lock_unlock_scenario_verification" time="0.110"><skipped type="pytest.skip" message="Could not login as driver: {&quot;detail&quot;:&quot;تم تجاوز الحد المسموح من الطلبات. يرجى الانتظار قليلاً.&quot;,&quot;retry_after&quot;:60}">/app/backend/tests/test_food_priority_delivery.py:316: Could not login as driver: {"detail":"تم تجاوز الحد المسموح من الطلبات. يرجى الانتظار قليلاً.","retry_after":60}</skipped></testcase><testcase classname="backend.tests.test_food_priority_delivery.TestFoodPriorityStatusMessages" name="test_lock_message_content" time="0.106"><skipped type="pytest.skip" message="Could not login as driver: {&quot;detail&quot;:&quot;تم تجاوز الحد المسموح من الطلبات. يرجى الانتظار قليلاً.&quot;,&quot;retry_after&quot;:60}">/app/backend/tests/test_food_priority_delivery.py:381: Could not login as driver: {"detail":"تم تجاوز الحد المسموح من الطلبات. يرجى الانتظار قليلاً.","retry_after":60}</skipped></testcase><testcase classname="backend.tests.test_food_priority_delivery.TestFoodPriorityStatusMessages" name="test_individual_order_lock_reason" time="0.112"><skipped type="pytest.skip" message="Could not login as driver: {&quot;detail&quot;:&quot;تم تجاوز الحد المسموح من الطلبات. يرجى الانتظار قليلاً.&quot;,&quot;retry_after&quot;:60}">/app/backend/tests/test_food_priority_delivery.py:401: Could not login as driver: {"detail":"تم تجاوز الحد المسموح من الطلبات. يرجى الانتظار قليلاً.","retry_after":60}</skipped></testcase></testsuite></testsuites>