<?xml version="1.0" encoding="utf-8"?><testsuites name="pytest tests"><testsuite name="pytest" errors="0" failures="0" skipped="0" tests="12" time="1.600" timestamp="2026-04-24T19:13:29.109337+00:00" hostname="agent-env-dd4689e7-6442-4ec7-826a-e05c9c7363c3"><testcase classname="tests.test_food_api_fixes.TestFoodProductsAPI" name="test_food_products_returns_200" time="0.169" /><testcase classname="tests.test_food_api_fixes.TestFoodProductsAPI" name="test_food_products_returns_correct_format" time="0.135" /><testcase classname="tests.test_food_api_fixes.TestNotificationsUnreadAPI" name="test_notifications_unread_without_auth_returns_401" time="0.162" /><testcase classname="tests.test_food_api_fixes.TestNotificationsUnreadAPI" name="test_notifications_unread_error_message" time="0.112" /><testcase classname="tests.test_food_api_fixes.TestFoodMyItemsAPI" name="test_food_my_items_without_auth_returns_401" time="0.107" /><testcase classname="tests.test_food_api_fixes.TestFoodMyItemsAPI" name="test_food_my_items_error_message" time="0.131" /><testcase classname="tests.test_food_api_fixes.TestFoodCategoriesAPI" name="test_food_categories_returns_200" time="0.135" /><testcase classname="tests.test_food_api_fixes.TestFoodCategoriesAPI" name="test_food_categories_returns_list" time="0.113" /><testcase classname="tests.test_food_api_fixes.TestFoodCategoriesAPI" name="test_food_categories_have_required_fields" time="0.131" /><testcase classname="tests.test_food_api_fixes.TestFoodStoresAPI" name="test_food_stores_returns_200" time="0.118" /><testcase classname="tests.test_food_api_fixes.TestFoodStoresAPI" name="test_food_stores_returns_list" time="0.120" /><testcase classname="tests.test_food_api_fixes.TestFoodMyFlashRequestsAPI" name="test_food_my_flash_requests_without_auth_returns_401" time="0.108" /></testsuite></testsuites>