<?xml version="1.0" encoding="utf-8"?><testsuites name="pytest tests"><testsuite name="pytest" errors="0" failures="0" skipped="0" tests="9" time="3.138" timestamp="2026-03-15T11:40:41.217837+00:00" hostname="agent-env-dd4689e7-6442-4ec7-826a-e05c9c7363c3"><testcase classname="backend.tests.test_food_commission_system.TestAdminFoodCommissionsAPI" name="test_admin_get_food_commissions" time="0.585" /><testcase classname="backend.tests.test_food_commission_system.TestAdminFoodCommissionsAPI" name="test_admin_update_food_commissions" time="0.424" /><testcase classname="backend.tests.test_food_commission_system.TestAdminFoodCommissionsAPI" name="test_admin_unauthorized_access" time="0.104" /><testcase classname="backend.tests.test_food_commission_system.TestAdminFoodCommissionsAPI" name="test_admin_invalid_commission_rate" time="0.109" /><testcase classname="backend.tests.test_food_commission_system.TestSellerCommissionReflectsAdminChanges" name="test_seller_sees_current_commission_rate" time="0.455" /><testcase classname="backend.tests.test_food_commission_system.TestSellerCommissionReflectsAdminChanges" name="test_commission_change_reflects_on_seller" time="0.671" /><testcase classname="backend.tests.test_food_commission_system.TestCommissionCalculationFlow" name="test_admin_commissions_stored_in_db" time="0.101" /><testcase classname="backend.tests.test_food_commission_system.TestCommissionCalculationFlow" name="test_update_persists_to_correct_collection" time="0.490" /><testcase classname="backend.tests.test_food_commission_system.TestFoodCommissionsTabUI" name="test_food_commissions_endpoint_structure" time="0.124" /></testsuite></testsuites>