<?xml version="1.0" encoding="utf-8"?><testsuites name="pytest tests"><testsuite name="pytest" errors="0" failures="0" skipped="1" tests="9" time="1.548" timestamp="2026-03-19T19:38:10.993225+00:00" hostname="agent-env-dd4689e7-6442-4ec7-826a-e05c9c7363c3"><testcase classname="backend.tests.test_food_distance_features.TestFoodStoresEndpoint" name="test_get_all_stores_no_distance_filter" time="0.250" /><testcase classname="backend.tests.test_food_distance_features.TestFoodStoresEndpoint" name="test_store_has_coordinates" time="0.111" /><testcase classname="backend.tests.test_food_distance_features.TestCheckDistanceEndpoint" name="test_check_distance_close_customer_no_warning" time="0.127" /><testcase classname="backend.tests.test_food_distance_features.TestCheckDistanceEndpoint" name="test_check_distance_medium_customer_low_warning" time="0.167" /><testcase classname="backend.tests.test_food_distance_features.TestCheckDistanceEndpoint" name="test_check_distance_far_customer_high_warning" time="0.147" /><testcase classname="backend.tests.test_food_distance_features.TestCheckDistanceEndpoint" name="test_check_distance_includes_delivery_fee" time="0.114" /><testcase classname="backend.tests.test_food_distance_features.TestCheckDistanceEndpoint" name="test_check_distance_invalid_store" time="0.118" /><testcase classname="backend.tests.test_food_distance_features.TestCreateOrderNoDistanceRestriction" name="test_order_not_rejected_for_far_distance" time="0.328"><skipped type="pytest.skip" message="Could not authenticate buyer: 401">/app/backend/tests/test_food_distance_features.py:210: Could not authenticate buyer: 401</skipped></testcase><testcase classname="backend.tests.test_food_distance_features.TestDistanceCalculation" name="test_distance_calculation_accuracy" time="0.114" /></testsuite></testsuites>