<?xml version="1.0" encoding="utf-8"?><testsuites name="pytest tests"><testsuite name="pytest" errors="0" failures="0" skipped="0" tests="15" time="2.910" timestamp="2026-03-07T04:45:24.615300+00:00" hostname="agent-env-dd4689e7-6442-4ec7-826a-e05c9c7363c3"><testcase classname="backend.tests.test_food_offers.TestFoodOffersAPI" name="test_01_create_buy_x_get_y_offer" time="0.329" /><testcase classname="backend.tests.test_food_offers.TestFoodOffersAPI" name="test_02_create_percentage_offer" time="0.146" /><testcase classname="backend.tests.test_food_offers.TestFoodOffersAPI" name="test_03_create_fixed_discount_offer" time="0.119" /><testcase classname="backend.tests.test_food_offers.TestFoodOffersAPI" name="test_04_get_my_offers" time="0.145" /><testcase classname="backend.tests.test_food_offers.TestFoodOffersAPI" name="test_05_get_store_offers_public" time="0.117" /><testcase classname="backend.tests.test_food_offers.TestFoodOffersAPI" name="test_06_update_offer_toggle_active" time="0.249" /><testcase classname="backend.tests.test_food_offers.TestFoodOffersAPI" name="test_07_update_offer_quantities" time="0.106" /><testcase classname="backend.tests.test_food_offers.TestFoodOffersAPI" name="test_08_buyer_cannot_create_offers" time="0.230" /><testcase classname="backend.tests.test_food_offers.TestFoodOffersAPI" name="test_09_buyer_cannot_update_offers" time="0.108" /><testcase classname="backend.tests.test_food_offers.TestFoodOffersAPI" name="test_10_verify_existing_offer_data" time="0.102" /><testcase classname="backend.tests.test_food_offers.TestFoodOffersAPI" name="test_11_delete_test_offers" time="0.500" /><testcase classname="backend.tests.test_food_offers.TestOfferDiscountCalculation" name="test_12_store_page_returns_offers" time="0.203" /><testcase classname="backend.tests.test_food_offers.TestOfferDiscountCalculation" name="test_13_store_has_products" time="0.111" /><testcase classname="backend.tests.test_food_offers.TestFoodStoreDashboardOffers" name="test_14_my_store_endpoint_returns_data" time="0.218" /><testcase classname="backend.tests.test_food_offers.TestFoodStoreDashboardOffers" name="test_15_my_offers_endpoint_returns_offers" time="0.106" /></testsuite></testsuites>