<?xml version="1.0" encoding="utf-8"?><testsuites name="pytest tests"><testsuite name="pytest" errors="0" failures="0" skipped="0" tests="9" time="1.541" timestamp="2026-03-19T14:04:33.357622+00:00" hostname="agent-env-dd4689e7-6442-4ec7-826a-e05c9c7363c3"><testcase classname="backend.tests.test_food_stores_page.TestFoodStoresAPI" name="test_get_all_stores" time="0.209" /><testcase classname="backend.tests.test_food_stores_page.TestFoodStoresAPI" name="test_get_stores_by_city" time="0.170" /><testcase classname="backend.tests.test_food_stores_page.TestFoodStoresAPI" name="test_stores_have_required_fields" time="0.165" /><testcase classname="backend.tests.test_food_stores_page.TestFoodStoresAPI" name="test_stores_sorting_by_rating" time="0.125" /><testcase classname="backend.tests.test_food_stores_page.TestFoodStoresAPI" name="test_stores_sorting_by_delivery_time" time="0.162" /><testcase classname="backend.tests.test_food_stores_page.TestFoodStoresAPI" name="test_stores_sorting_by_min_order" time="0.122" /><testcase classname="backend.tests.test_food_stores_page.TestFoodStoresAPI" name="test_store_search_filtering" time="0.120" /><testcase classname="backend.tests.test_food_stores_page.TestFoodStoresAPI" name="test_store_status_fields" time="0.170" /><testcase classname="backend.tests.test_food_stores_page.TestFoodStoreNavigation" name="test_get_store_by_id" time="0.235" /></testsuite></testsuites>