<?xml version="1.0" encoding="utf-8"?><testsuites name="pytest tests"><testsuite name="pytest" errors="0" failures="0" skipped="1" tests="15" time="12.720" timestamp="2026-03-20T23:25:32.943881+00:00" hostname="agent-env-dd4689e7-6442-4ec7-826a-e05c9c7363c3"><testcase classname="backend.tests.test_food_items_approval.TestFoodItemsApprovalSystem" name="test_01_admin_login" time="1.067" /><testcase classname="backend.tests.test_food_items_approval.TestFoodItemsApprovalSystem" name="test_02_get_pending_food_items" time="0.775" /><testcase classname="backend.tests.test_food_items_approval.TestFoodItemsApprovalSystem" name="test_03_get_food_items_stats" time="0.796" /><testcase classname="backend.tests.test_food_items_approval.TestFoodItemsApprovalSystem" name="test_04_unauthorized_access_pending" time="0.839" /><testcase classname="backend.tests.test_food_items_approval.TestFoodItemsApprovalSystem" name="test_05_unauthorized_access_stats" time="0.805" /><testcase classname="backend.tests.test_food_items_approval.TestFoodItemsApprovalSystem" name="test_06_food_seller_login" time="0.989" /><testcase classname="backend.tests.test_food_items_approval.TestFoodItemsApprovalSystem" name="test_07_get_food_seller_store" time="1.016" /><testcase classname="backend.tests.test_food_items_approval.TestFoodItemsApprovalSystem" name="test_08_create_food_item_pending_by_default" time="0.916" /><testcase classname="backend.tests.test_food_items_approval.TestFoodItemsApprovalSystem" name="test_09_approve_food_item" time="1.021" /><testcase classname="backend.tests.test_food_items_approval.TestFoodItemsApprovalSystem" name="test_10_approve_nonexistent_item" time="0.779" /><testcase classname="backend.tests.test_food_items_approval.TestFoodItemsApprovalSystem" name="test_11_reject_food_item_with_reason" time="0.892" /><testcase classname="backend.tests.test_food_items_approval.TestFoodItemsApprovalSystem" name="test_12_reject_food_item_without_reason" time="0.977" /><testcase classname="backend.tests.test_food_items_approval.TestFoodItemsApprovalSystem" name="test_13_reject_nonexistent_item" time="0.803" /><testcase classname="backend.tests.test_food_items_approval.TestFoodItemsApprovalSystem" name="test_14_stats_update_after_operations" time="0.870" /><testcase classname="backend.tests.test_food_items_approval.TestFoodItemCreationFlow" name="test_complete_approval_flow" time="0.106"><skipped type="pytest.skip" message="Admin login failed">/app/backend/tests/test_food_items_approval.py:382: Admin login failed</skipped></testcase></testsuite></testsuites>