<?xml version="1.0" encoding="utf-8"?><testsuites name="pytest tests"><testsuite name="pytest" errors="0" failures="0" skipped="0" tests="18" time="1.594" timestamp="2026-04-24T19:31:41.488406+00:00" hostname="agent-env-dd4689e7-6442-4ec7-826a-e05c9c7363c3"><testcase classname="tests.test_food_order_models_refactoring.TestBackendStartup" name="test_health_endpoint" time="0.210" /><testcase classname="tests.test_food_order_models_refactoring.TestModelsImport" name="test_import_all_models" time="0.055" /><testcase classname="tests.test_food_order_models_refactoring.TestModelsImport" name="test_food_orders_imports_from_models" time="0.309" /><testcase classname="tests.test_food_order_models_refactoring.TestModelValidation" name="test_distance_check_request" time="0.000" /><testcase classname="tests.test_food_order_models_refactoring.TestModelValidation" name="test_food_order_item" time="0.000" /><testcase classname="tests.test_food_order_models_refactoring.TestModelValidation" name="test_food_order_create" time="0.000" /><testcase classname="tests.test_food_order_models_refactoring.TestModelValidation" name="test_batch_order_create" time="0.000" /><testcase classname="tests.test_food_order_models_refactoring.TestModelValidation" name="test_driver_cancel_request" time="0.000" /><testcase classname="tests.test_food_order_models_refactoring.TestModelValidation" name="test_admin_cancel_request" time="0.000" /><testcase classname="tests.test_food_order_models_refactoring.TestEndpointsWithoutAuth" name="test_my_orders_requires_auth" time="0.116" /><testcase classname="tests.test_food_order_models_refactoring.TestEndpointsWithoutAuth" name="test_delivery_available_requires_auth" time="0.132" /><testcase classname="tests.test_food_order_models_refactoring.TestEndpointsWithoutAuth" name="test_seller_orders_requires_auth" time="0.140" /><testcase classname="tests.test_food_order_models_refactoring.TestEndpointsWithoutAuth" name="test_store_orders_requires_auth" time="0.136" /><testcase classname="tests.test_food_order_models_refactoring.TestEndpointsExist" name="test_check_distance_endpoint_exists" time="0.116" /><testcase classname="tests.test_food_order_models_refactoring.TestEndpointsExist" name="test_create_order_endpoint_exists" time="0.142" /><testcase classname="tests.test_food_order_models_refactoring.TestEndpointsExist" name="test_batch_orders_endpoint_exists" time="0.166" /><testcase classname="tests.test_food_order_models_refactoring.TestModelFieldsComplete" name="test_food_order_create_has_all_fields" time="0.000" /><testcase classname="tests.test_food_order_models_refactoring.TestModelFieldsComplete" name="test_batch_order_create_has_all_fields" time="0.000" /></testsuite></testsuites>