<?xml version="1.0" encoding="utf-8"?><testsuites name="pytest tests"><testsuite name="pytest" errors="0" failures="0" skipped="5" tests="12" time="5.788" timestamp="2026-03-14T12:43:32.050333+00:00" hostname="agent-env-dd4689e7-6442-4ec7-826a-e05c9c7363c3"><testcase classname="tests.test_geofencing_false_arrival.TestGeofencingAndFalseArrival" name="test_arrived_endpoint_exists" time="0.905" /><testcase classname="tests.test_geofencing_false_arrival.TestGeofencingAndFalseArrival" name="test_arrived_endpoint_accepts_lat_lng_params" time="0.806" /><testcase classname="tests.test_geofencing_false_arrival.TestGeofencingAndFalseArrival" name="test_geofencing_rejects_far_distance" time="0.777" /><testcase classname="tests.test_geofencing_false_arrival.TestGeofencingAndFalseArrival" name="test_report_false_arrival_endpoint_exists" time="0.580" /><testcase classname="tests.test_geofencing_false_arrival.TestGeofencingAndFalseArrival" name="test_report_false_arrival_requires_auth" time="0.766" /><testcase classname="tests.test_geofencing_false_arrival.TestGeofencingAndFalseArrival" name="test_report_false_arrival_requires_seller" time="0.204"><skipped type="pytest.skip" message="Driver token not available">/app/backend/tests/test_geofencing_false_arrival.py:106: Driver token not available</skipped></testcase><testcase classname="tests.test_geofencing_false_arrival.TestGeofencingAndFalseArrival" name="test_driver_complaints_collection_created" time="0.597" /><testcase classname="tests.test_geofencing_false_arrival.TestGeofencingAndFalseArrival" name="test_delivery_available_orders" time="0.206"><skipped type="pytest.skip" message="Driver token not available">/app/backend/tests/test_geofencing_false_arrival.py:142: Driver token not available</skipped></testcase><testcase classname="tests.test_geofencing_false_arrival.TestGeofencingAndFalseArrival" name="test_store_orders_endpoint" time="0.220"><skipped type="pytest.skip" message="Admin token not available">/app/backend/tests/test_geofencing_false_arrival.py:162: Admin token not available</skipped></testcase><testcase classname="tests.test_geofencing_false_arrival.TestGeofencingAndFalseArrival" name="test_geofencing_max_distance_setting" time="0.234"><skipped type="pytest.skip" message="Driver token not available">/app/backend/tests/test_geofencing_false_arrival.py:185: Driver token not available</skipped></testcase><testcase classname="tests.test_geofencing_false_arrival.TestGeofencingAndFalseArrival" name="test_false_arrival_penalty_logic_exists" time="0.325" /><testcase classname="tests.test_geofencing_false_arrival.TestDriverWaitingStatus" name="test_waiting_status_endpoint" time="0.109"><skipped type="pytest.skip" message="Driver token not available">/app/backend/tests/test_geofencing_false_arrival.py:233: Driver token not available</skipped></testcase></testsuite></testsuites>