<?xml version="1.0" encoding="utf-8"?><testsuites name="pytest tests"><testsuite name="pytest" errors="0" failures="0" skipped="0" tests="17" time="5.856" timestamp="2026-03-09T18:28:34.246989+00:00" hostname="agent-env-dd4689e7-6442-4ec7-826a-e05c9c7363c3"><testcase classname="backend.tests.test_gift_flow.TestGiftFlow" name="test_send_gift_success" time="2.113" /><testcase classname="backend.tests.test_gift_flow.TestGiftFlow" name="test_send_gift_anonymous" time="0.149" /><testcase classname="backend.tests.test_gift_flow.TestGiftFlow" name="test_send_gift_invalid_product" time="0.134" /><testcase classname="backend.tests.test_gift_flow.TestGiftFlow" name="test_send_gift_unauthorized" time="0.149" /><testcase classname="backend.tests.test_gift_flow.TestGiftFlow" name="test_get_received_gifts" time="0.112" /><testcase classname="backend.tests.test_gift_flow.TestGiftFlow" name="test_get_received_gifts_unauthorized" time="0.132" /><testcase classname="backend.tests.test_gift_flow.TestGiftFlow" name="test_get_sent_gifts" time="0.130" /><testcase classname="backend.tests.test_gift_flow.TestGiftFlow" name="test_complete_gift_flow" time="0.510" /><testcase classname="backend.tests.test_gift_flow.TestGiftFlow" name="test_accept_gift_twice" time="0.366" /><testcase classname="backend.tests.test_gift_flow.TestGiftFlow" name="test_accept_nonexistent_gift" time="0.116" /><testcase classname="backend.tests.test_gift_flow.TestGiftFlow" name="test_accept_gift_wrong_user" time="0.246" /><testcase classname="backend.tests.test_gift_flow.TestGiftFlow" name="test_submit_address_invalid_gift" time="0.120" /><testcase classname="backend.tests.test_gift_flow.TestGiftFlow" name="test_submit_address_missing_fields" time="0.370" /><testcase classname="backend.tests.test_gift_flow.TestGiftFlow" name="test_get_gift_details_as_recipient" time="0.245" /><testcase classname="backend.tests.test_gift_flow.TestGiftFlow" name="test_get_gift_details_as_sender" time="0.266" /><testcase classname="backend.tests.test_gift_flow.TestGiftFlow" name="test_reject_gift" time="0.256" /><testcase classname="backend.tests.test_gift_flow.TestGiftFlow" name="test_reject_already_processed_gift" time="0.365" /></testsuite></testsuites>