<?xml version="1.0" encoding="utf-8"?><testsuites name="pytest tests"><testsuite name="pytest" errors="0" failures="0" skipped="0" tests="12" time="19.401" timestamp="2026-03-09T08:36:09.734525+00:00" hostname="agent-env-dd4689e7-6442-4ec7-826a-e05c9c7363c3"><testcase classname="backend.tests.test_image_search_language.TestImageSearchAPI" name="test_image_search_endpoint_exists" time="0.202" /><testcase classname="backend.tests.test_image_search_language.TestImageSearchAPI" name="test_image_search_validation_empty_image" time="0.108" /><testcase classname="backend.tests.test_image_search_language.TestImageSearchAPI" name="test_image_search_validation_invalid_base64" time="0.097" /><testcase classname="backend.tests.test_image_search_language.TestImageSearchAPI" name="test_image_search_validation_too_small" time="0.098" /><testcase classname="backend.tests.test_image_search_language.TestImageSearchAPI" name="test_image_search_with_valid_image" time="6.881" /><testcase classname="backend.tests.test_image_search_language.TestImageSearchAPI" name="test_image_search_with_data_uri_prefix" time="5.561" /><testcase classname="backend.tests.test_image_search_language.TestImageUploadAPI" name="test_image_upload_endpoint_exists" time="0.128" /><testcase classname="backend.tests.test_image_search_language.TestImageUploadAPI" name="test_image_upload_validation_unsupported_type" time="0.149" /><testcase classname="backend.tests.test_image_search_language.TestImageUploadAPI" name="test_image_upload_with_valid_png" time="5.772" /><testcase classname="backend.tests.test_image_search_language.TestRecentSearchesAPI" name="test_recent_searches_requires_auth" time="0.123" /><testcase classname="backend.tests.test_image_search_language.TestLanguageIntegration" name="test_api_returns_arabic_messages" time="0.113" /><testcase classname="backend.tests.test_image_search_language.TestLanguageIntegration" name="test_main_api_returns_arabic" time="0.106" /></testsuite></testsuites>