<?xml version="1.0" encoding="utf-8"?><testsuites name="pytest tests"><testsuite name="pytest" errors="0" failures="0" skipped="3" tests="17" time="7.666" timestamp="2026-04-09T06:48:47.649297+00:00" hostname="agent-env-dd4689e7-6442-4ec7-826a-e05c9c7363c3"><testcase classname="backend.tests.test_join_request_approval_rejection.TestJoinRequestApprovalRejection" name="test_01_delivery_driver_incomplete_documents_rejected" time="0.675" /><testcase classname="backend.tests.test_join_request_approval_rejection.TestJoinRequestApprovalRejection" name="test_02_delivery_driver_complete_documents_accepted" time="0.882" /><testcase classname="backend.tests.test_join_request_approval_rejection.TestJoinRequestApprovalRejection" name="test_03_delivery_driver_after_approval_can_access_dashboard" time="0.585" /><testcase classname="backend.tests.test_join_request_approval_rejection.TestJoinRequestApprovalRejection" name="test_04_delivery_driver_after_rejection_sees_reason" time="0.923" /><testcase classname="backend.tests.test_join_request_approval_rejection.TestJoinRequestApprovalRejection" name="test_05_seller_incomplete_documents_rejected" time="0.403" /><testcase classname="backend.tests.test_join_request_approval_rejection.TestJoinRequestApprovalRejection" name="test_06_seller_complete_documents_accepted" time="0.546" /><testcase classname="backend.tests.test_join_request_approval_rejection.TestJoinRequestApprovalRejection" name="test_07_seller_after_approval_can_add_product" time="0.483" /><testcase classname="backend.tests.test_join_request_approval_rejection.TestJoinRequestApprovalRejection" name="test_08_seller_after_rejection_sees_reason" time="0.925" /><testcase classname="backend.tests.test_join_request_approval_rejection.TestJoinRequestApprovalRejection" name="test_09_food_seller_complete_documents_accepted" time="0.147"><skipped type="pytest.skip" message="Could not create test food seller user">/app/backend/tests/test_join_request_approval_rejection.py:438: Could not create test food seller user</skipped></testcase><testcase classname="backend.tests.test_join_request_approval_rejection.TestJoinRequestApprovalRejection" name="test_10_food_seller_after_approval_can_access_dashboard" time="0.000" /><testcase classname="backend.tests.test_join_request_approval_rejection.TestJoinRequestApprovalRejection" name="test_11_food_seller_after_rejection_sees_reason" time="0.098"><skipped type="pytest.skip" message="Could not create test food seller user">/app/backend/tests/test_join_request_approval_rejection.py:484: Could not create test food seller user</skipped></testcase><testcase classname="backend.tests.test_join_request_approval_rejection.TestJoinRequestApprovalRejection" name="test_12_product_appears_to_admin_with_all_info" time="0.443" /><testcase classname="backend.tests.test_join_request_approval_rejection.TestJoinRequestApprovalRejection" name="test_13_product_after_rejection_seller_sees_reason" time="0.427"><skipped type="pytest.skip" message="No pending products available">/app/backend/tests/test_join_request_approval_rejection.py:602: No pending products available</skipped></testcase><testcase classname="backend.tests.test_join_request_approval_rejection.TestJoinRequestApprovalRejection" name="test_14_rejected_requests_appear_in_log" time="0.379" /><testcase classname="backend.tests.test_join_request_approval_rejection.TestJoinRequestApprovalRejection" name="test_15_rejected_request_disappears_from_pending" time="0.435" /><testcase classname="backend.tests.test_join_request_approval_rejection.TestVehicleTypesAndSellerTypes" name="test_vehicle_types_available" time="0.132" /><testcase classname="backend.tests.test_join_request_approval_rejection.TestVehicleTypesAndSellerTypes" name="test_seller_types_available" time="0.100" /></testsuite></testsuites>