<?xml version="1.0" encoding="utf-8"?><testsuites name="pytest tests"><testsuite name="pytest" errors="0" failures="0" skipped="0" tests="15" time="2.929" timestamp="2026-03-06T10:59:50.455070+00:00" hostname="agent-env-dd4689e7-6442-4ec7-826a-e05c9c7363c3"><testcase classname="backend.tests.test_driver_leaderboard.TestDriverLeaderboard" name="test_delivery_user_can_access_leaderboard" time="0.269" /><testcase classname="backend.tests.test_driver_leaderboard.TestDriverLeaderboard" name="test_leaderboard_structure" time="0.206" /><testcase classname="backend.tests.test_driver_leaderboard.TestDriverLeaderboard" name="test_leaderboard_my_position" time="0.150" /><testcase classname="backend.tests.test_driver_leaderboard.TestDriverLeaderboard" name="test_leaderboard_rewards_structure" time="0.193" /><testcase classname="backend.tests.test_driver_leaderboard.TestDriverLeaderboard" name="test_leaderboard_month_info" time="0.191" /><testcase classname="backend.tests.test_driver_leaderboard.TestDriverLeaderboard" name="test_top_3_drivers_have_rewards" time="0.189" /><testcase classname="backend.tests.test_driver_leaderboard.TestDriverLeaderboard" name="test_customer_cannot_access_leaderboard" time="0.150" /><testcase classname="backend.tests.test_driver_leaderboard.TestDriverLeaderboard" name="test_unauthenticated_cannot_access_leaderboard" time="0.101" /><testcase classname="backend.tests.test_driver_leaderboard.TestAdminLeaderboardRewards" name="test_admin_can_get_delivery_settings" time="0.150" /><testcase classname="backend.tests.test_driver_leaderboard.TestAdminLeaderboardRewards" name="test_admin_can_update_leaderboard_rewards" time="0.295" /><testcase classname="backend.tests.test_driver_leaderboard.TestAdminLeaderboardRewards" name="test_admin_rejects_negative_rewards" time="0.169" /><testcase classname="backend.tests.test_driver_leaderboard.TestAdminLeaderboardRewards" name="test_delivery_user_cannot_update_rewards" time="0.192" /><testcase classname="backend.tests.test_driver_leaderboard.TestAdminLeaderboardRewards" name="test_customer_cannot_update_rewards" time="0.142" /><testcase classname="backend.tests.test_driver_leaderboard.TestAdminLeaderboardRewards" name="test_unauthenticated_cannot_update_rewards" time="0.098" /><testcase classname="backend.tests.test_driver_leaderboard.TestLeaderboardIntegration" name="test_leaderboard_uses_configured_rewards" time="0.349" /></testsuite></testsuites>