<?xml version="1.0" encoding="utf-8"?><testsuites name="pytest tests"><testsuite name="pytest" errors="0" failures="0" skipped="0" tests="12" time="3.487" timestamp="2026-04-07T13:25:48.873912+00:00" hostname="agent-env-dd4689e7-6442-4ec7-826a-e05c9c7363c3"><testcase classname="tests.test_logging_fix_verification.TestHealthAPI" name="test_health_endpoint_returns_200" time="0.198" /><testcase classname="tests.test_logging_fix_verification.TestAuthAPI" name="test_login_with_admin_credentials" time="0.340" /><testcase classname="tests.test_logging_fix_verification.TestAuthAPI" name="test_login_with_wrong_password" time="0.353" /><testcase classname="tests.test_logging_fix_verification.TestAuthAPI" name="test_login_with_nonexistent_user" time="0.427" /><testcase classname="tests.test_logging_fix_verification.TestProductsAPI" name="test_get_products_list" time="0.110" /><testcase classname="tests.test_logging_fix_verification.TestProductsAPI" name="test_get_homepage_data" time="0.170" /><testcase classname="tests.test_logging_fix_verification.TestFoodStoresAPI" name="test_get_food_stores_list" time="0.354" /><testcase classname="tests.test_logging_fix_verification.TestLoggingImportsFix" name="test_auth_login_no_500_error" time="0.345" /><testcase classname="tests.test_logging_fix_verification.TestLoggingImportsFix" name="test_orders_endpoint_no_500_error" time="0.423" /><testcase classname="tests.test_logging_fix_verification.TestLoggingImportsFix" name="test_food_orders_endpoint_no_500_error" time="0.467" /><testcase classname="tests.test_logging_fix_verification.TestPublicSettings" name="test_public_settings" time="0.127" /><testcase classname="tests.test_logging_fix_verification.TestPublicSettings" name="test_admin_public_settings" time="0.104" /></testsuite></testsuites>