<?xml version="1.0" encoding="utf-8"?><testsuites name="pytest tests"><testsuite name="pytest" errors="0" failures="0" skipped="0" tests="14" time="5.797" timestamp="2026-03-16T12:32:00.514668+00:00" hostname="agent-env-dd4689e7-6442-4ec7-826a-e05c9c7363c3"><testcase classname="backend.tests.test_new_driver_features.TestNewDriverFeatures" name="test_get_all_drivers_locations_as_admin" time="1.219" /><testcase classname="backend.tests.test_new_driver_features.TestNewDriverFeatures" name="test_get_all_drivers_locations_with_city_filter" time="0.193" /><testcase classname="backend.tests.test_new_driver_features.TestNewDriverFeatures" name="test_get_all_drivers_locations_available_only" time="0.557" /><testcase classname="backend.tests.test_new_driver_features.TestNewDriverFeatures" name="test_get_all_drivers_locations_unauthorized_for_driver" time="0.619" /><testcase classname="backend.tests.test_new_driver_features.TestNewDriverFeatures" name="test_get_drivers_performance_as_admin" time="0.186" /><testcase classname="backend.tests.test_new_driver_features.TestNewDriverFeatures" name="test_get_drivers_performance_with_period_filter" time="0.652" /><testcase classname="backend.tests.test_new_driver_features.TestNewDriverFeatures" name="test_get_drivers_performance_with_sort" time="0.681" /><testcase classname="backend.tests.test_new_driver_features.TestNewDriverFeatures" name="test_get_drivers_performance_unauthorized_for_driver" time="0.112" /><testcase classname="backend.tests.test_new_driver_features.TestNewDriverFeatures" name="test_get_driver_shortage_alert_settings" time="0.165" /><testcase classname="backend.tests.test_new_driver_features.TestNewDriverFeatures" name="test_update_driver_shortage_alert_settings" time="0.471" /><testcase classname="backend.tests.test_new_driver_features.TestNewDriverFeatures" name="test_get_cities_for_monitoring" time="0.124" /><testcase classname="backend.tests.test_new_driver_features.TestNewDriverFeatures" name="test_driver_shortage_alert_unauthorized_for_driver" time="0.104" /><testcase classname="backend.tests.test_new_driver_features.TestNewDriverFeatures" name="test_websocket_stats_endpoint" time="0.138" /><testcase classname="backend.tests.test_new_driver_features.TestWebSocketEndpoint" name="test_websocket_endpoint_exists" time="0.506" /></testsuite></testsuites>