<?xml version="1.0" encoding="utf-8"?><testsuites name="pytest tests"><testsuite name="pytest" errors="0" failures="0" skipped="0" tests="20" time="5.796" timestamp="2026-03-16T07:23:37.047064+00:00" hostname="agent-env-dd4689e7-6442-4ec7-826a-e05c9c7363c3"><testcase classname="tests.test_new_features_iter72.TestProductsPageAPIs" name="test_ads_active_endpoint" time="0.566" /><testcase classname="tests.test_new_features_iter72.TestProductsPageAPIs" name="test_flash_products_endpoint" time="0.118" /><testcase classname="tests.test_new_features_iter72.TestProductsPageAPIs" name="test_best_sellers_endpoint" time="0.112" /><testcase classname="tests.test_new_features_iter72.TestProductsPageAPIs" name="test_newly_added_endpoint" time="0.110" /><testcase classname="tests.test_new_features_iter72.TestProductsPageAPIs" name="test_global_free_shipping" time="0.102" /><testcase classname="tests.test_new_features_iter72.TestFoodPageAPIs" name="test_food_stores_endpoint" time="0.145" /><testcase classname="tests.test_new_features_iter72.TestFoodPageAPIs" name="test_food_products_endpoint" time="0.117" /><testcase classname="tests.test_new_features_iter72.TestFoodPageAPIs" name="test_food_flash_sales" time="0.102" /><testcase classname="tests.test_new_features_iter72.TestFoodPageAPIs" name="test_food_banners" time="0.107" /><testcase classname="tests.test_new_features_iter72.TestFoodStorePageAPIs" name="test_store_price_rating" time="0.100" /><testcase classname="tests.test_new_features_iter72.TestFoodStorePageAPIs" name="test_store_details" time="0.110" /><testcase classname="tests.test_new_features_iter72.TestFoodStorePageAPIs" name="test_store_offers" time="0.102" /><testcase classname="tests.test_new_features_iter72.TestSmartRoutingAPI" name="test_optimize_route_requires_auth" time="0.442" /><testcase classname="tests.test_new_features_iter72.TestSmartRoutingAPI" name="test_optimize_route_with_driver_auth" time="0.477" /><testcase classname="tests.test_new_features_iter72.TestSmartRoutingAPI" name="test_optimize_route_returns_empty_for_no_orders" time="0.481" /><testcase classname="tests.test_new_features_iter72.TestReferralsAPI" name="test_my_code_requires_auth" time="0.448" /><testcase classname="tests.test_new_features_iter72.TestReferralsAPI" name="test_get_my_referral_code" time="0.507" /><testcase classname="tests.test_new_features_iter72.TestReferralsAPI" name="test_referral_code_format" time="0.437" /><testcase classname="tests.test_new_features_iter72.TestProductsPageIntegration" name="test_products_page_all_data_loads" time="0.562" /><testcase classname="tests.test_new_features_iter72.TestFoodPageIntegration" name="test_food_page_all_data_loads" time="0.561" /></testsuite></testsuites>