<?xml version="1.0" encoding="utf-8"?><testsuites name="pytest tests"><testsuite name="pytest" errors="0" failures="0" skipped="0" tests="17" time="5.492" timestamp="2026-03-09T08:47:06.022075+00:00" hostname="agent-env-dd4689e7-6442-4ec7-826a-e05c9c7363c3"><testcase classname="backend.tests.test_newsletter_apis.TestNewsletterPublicAPIs" name="test_subscribe_success" time="0.144" /><testcase classname="backend.tests.test_newsletter_apis.TestNewsletterPublicAPIs" name="test_subscribe_with_name_and_phone" time="0.120" /><testcase classname="backend.tests.test_newsletter_apis.TestNewsletterPublicAPIs" name="test_subscribe_duplicate" time="0.261" /><testcase classname="backend.tests.test_newsletter_apis.TestNewsletterPublicAPIs" name="test_subscribe_invalid_email" time="0.103" /><testcase classname="backend.tests.test_newsletter_apis.TestNewsletterPublicAPIs" name="test_status_not_subscribed" time="0.100" /><testcase classname="backend.tests.test_newsletter_apis.TestNewsletterPublicAPIs" name="test_status_subscribed" time="0.216" /><testcase classname="backend.tests.test_newsletter_apis.TestNewsletterPublicAPIs" name="test_unsubscribe_success" time="0.224" /><testcase classname="backend.tests.test_newsletter_apis.TestNewsletterPublicAPIs" name="test_unsubscribe_not_found" time="0.104" /><testcase classname="backend.tests.test_newsletter_apis.TestNewsletterPublicAPIs" name="test_resubscribe_after_unsubscribe" time="0.586" /><testcase classname="backend.tests.test_newsletter_apis.TestNewsletterAdminAPIs" name="test_stats_success" time="0.434" /><testcase classname="backend.tests.test_newsletter_apis.TestNewsletterAdminAPIs" name="test_stats_unauthorized" time="0.099" /><testcase classname="backend.tests.test_newsletter_apis.TestNewsletterAdminAPIs" name="test_templates_list" time="0.449" /><testcase classname="backend.tests.test_newsletter_apis.TestNewsletterAdminAPIs" name="test_templates_unauthorized" time="0.102" /><testcase classname="backend.tests.test_newsletter_apis.TestNewsletterAdminAPIs" name="test_create_newsletter" time="0.471" /><testcase classname="backend.tests.test_newsletter_apis.TestNewsletterAdminAPIs" name="test_create_newsletter_unauthorized" time="0.100" /><testcase classname="backend.tests.test_newsletter_apis.TestNewsletterAdminAPIs" name="test_create_newsletter_missing_fields" time="0.428" /><testcase classname="backend.tests.test_newsletter_apis.TestNewsletterWorkflow" name="test_full_subscribe_workflow" time="1.462" /></testsuite></testsuites>