<?xml version="1.0" encoding="utf-8"?><testsuites name="pytest tests"><testsuite name="pytest" errors="0" failures="0" skipped="0" tests="32" time="4.676" timestamp="2026-03-09T08:03:56.784530+00:00" hostname="agent-env-dd4689e7-6442-4ec7-826a-e05c9c7363c3"><testcase classname="tests.test_notifications_recommendations_gifts.TestNotificationsAPI" name="test_get_notifications_unauthorized" time="0.225" /><testcase classname="tests.test_notifications_recommendations_gifts.TestNotificationsAPI" name="test_get_notifications_as_buyer" time="0.462" /><testcase classname="tests.test_notifications_recommendations_gifts.TestNotificationsAPI" name="test_save_fcm_token_unauthorized" time="0.104" /><testcase classname="tests.test_notifications_recommendations_gifts.TestNotificationsAPI" name="test_save_fcm_token_as_buyer" time="0.141" /><testcase classname="tests.test_notifications_recommendations_gifts.TestNotificationsAPI" name="test_delete_fcm_token_as_buyer" time="0.103" /><testcase classname="tests.test_notifications_recommendations_gifts.TestNotificationsAPI" name="test_push_test_without_token" time="0.113" /><testcase classname="tests.test_notifications_recommendations_gifts.TestNotificationsAPI" name="test_push_stats_as_buyer" time="0.104" /><testcase classname="tests.test_notifications_recommendations_gifts.TestNotificationsAPI" name="test_push_stats_as_admin" time="0.437" /><testcase classname="tests.test_notifications_recommendations_gifts.TestNotificationsAPI" name="test_mark_notification_read_unauthorized" time="0.146" /><testcase classname="tests.test_notifications_recommendations_gifts.TestNotificationsAPI" name="test_read_all_notifications" time="0.112" /><testcase classname="tests.test_notifications_recommendations_gifts.TestRecommendationsAPI" name="test_trending_products_public" time="0.101" /><testcase classname="tests.test_notifications_recommendations_gifts.TestRecommendationsAPI" name="test_deals_products_public" time="0.103" /><testcase classname="tests.test_notifications_recommendations_gifts.TestRecommendationsAPI" name="test_personalized_recommendations_unauthorized" time="0.109" /><testcase classname="tests.test_notifications_recommendations_gifts.TestRecommendationsAPI" name="test_personalized_recommendations_as_buyer" time="0.118" /><testcase classname="tests.test_notifications_recommendations_gifts.TestRecommendationsAPI" name="test_similar_products" time="0.223" /><testcase classname="tests.test_notifications_recommendations_gifts.TestRecommendationsAPI" name="test_similar_products_invalid_id" time="0.140" /><testcase classname="tests.test_notifications_recommendations_gifts.TestRecommendationsAPI" name="test_track_product_view_unauthorized" time="0.108" /><testcase classname="tests.test_notifications_recommendations_gifts.TestRecommendationsAPI" name="test_track_product_view_as_buyer" time="0.109" /><testcase classname="tests.test_notifications_recommendations_gifts.TestGiftsAPI" name="test_send_gift_unauthorized" time="0.118" /><testcase classname="tests.test_notifications_recommendations_gifts.TestGiftsAPI" name="test_send_gift_invalid_product" time="0.105" /><testcase classname="tests.test_notifications_recommendations_gifts.TestGiftsAPI" name="test_send_gift_valid" time="0.116" /><testcase classname="tests.test_notifications_recommendations_gifts.TestGiftsAPI" name="test_send_gift_anonymous" time="0.103" /><testcase classname="tests.test_notifications_recommendations_gifts.TestGiftsAPI" name="test_get_sent_gifts_unauthorized" time="0.100" /><testcase classname="tests.test_notifications_recommendations_gifts.TestGiftsAPI" name="test_get_sent_gifts" time="0.102" /><testcase classname="tests.test_notifications_recommendations_gifts.TestGiftsAPI" name="test_get_received_gifts_unauthorized" time="0.098" /><testcase classname="tests.test_notifications_recommendations_gifts.TestGiftsAPI" name="test_get_received_gifts" time="0.126" /><testcase classname="tests.test_notifications_recommendations_gifts.TestGiftsAPI" name="test_accept_gift_invalid_id" time="0.110" /><testcase classname="tests.test_notifications_recommendations_gifts.TestGiftsAPI" name="test_reject_gift_invalid_id" time="0.105" /><testcase classname="tests.test_notifications_recommendations_gifts.TestAdminPushSend" name="test_push_send_unauthorized" time="0.100" /><testcase classname="tests.test_notifications_recommendations_gifts.TestAdminPushSend" name="test_push_send_as_buyer" time="0.117" /><testcase classname="tests.test_notifications_recommendations_gifts.TestAdminPushSend" name="test_push_send_as_admin_no_tokens" time="0.109" /><testcase classname="tests.test_notifications_recommendations_gifts.TestGiftIntegration" name="test_gift_workflow" time="0.212" /></testsuite></testsuites>