<?xml version="1.0" encoding="utf-8"?><testsuites name="pytest tests"><testsuite name="pytest" errors="0" failures="0" skipped="8" tests="14" time="2.001" timestamp="2026-03-07T10:16:23.753810+00:00" hostname="agent-env-dd4689e7-6442-4ec7-826a-e05c9c7363c3"><testcase classname="backend.tests.test_optional_reject_reason.TestSellerRejectOptionalReason" name="test_reject_seller_without_reason" time="0.295"><skipped type="pytest.skip" message="No pending sellers available to test rejection">/app/backend/tests/test_optional_reject_reason.py:51: No pending sellers available to test rejection</skipped></testcase><testcase classname="backend.tests.test_optional_reject_reason.TestSellerRejectOptionalReason" name="test_reject_seller_with_reason" time="0.099"><skipped type="pytest.skip" message="No pending sellers available">/app/backend/tests/test_optional_reject_reason.py:76: No pending sellers available</skipped></testcase><testcase classname="backend.tests.test_optional_reject_reason.TestDeliveryRejectOptionalReason" name="test_reject_delivery_without_reason" time="0.106"><skipped type="pytest.skip" message="No pending delivery drivers available">/app/backend/tests/test_optional_reject_reason.py:102: No pending delivery drivers available</skipped></testcase><testcase classname="backend.tests.test_optional_reject_reason.TestDeliveryRejectOptionalReason" name="test_reject_delivery_with_reason" time="0.102"><skipped type="pytest.skip" message="No pending delivery drivers available">/app/backend/tests/test_optional_reject_reason.py:123: No pending delivery drivers available</skipped></testcase><testcase classname="backend.tests.test_optional_reject_reason.TestFoodStoreRejectOptionalReason" name="test_reject_food_store_without_reason" time="0.118"><skipped type="pytest.skip" message="No pending food stores available">/app/backend/tests/test_optional_reject_reason.py:153: No pending food stores available</skipped></testcase><testcase classname="backend.tests.test_optional_reject_reason.TestFoodStoreRejectOptionalReason" name="test_reject_food_store_with_reason" time="0.105"><skipped type="pytest.skip" message="No pending food stores available">/app/backend/tests/test_optional_reject_reason.py:178: No pending food stores available</skipped></testcase><testcase classname="backend.tests.test_optional_reject_reason.TestFoodOfferRejectOptionalReason" name="test_reject_food_offer_without_reason" time="0.148"><skipped type="pytest.skip" message="No food offers available to test rejection">/app/backend/tests/test_optional_reject_reason.py:217: No food offers available to test rejection</skipped></testcase><testcase classname="backend.tests.test_optional_reject_reason.TestFoodOfferRejectOptionalReason" name="test_reject_food_offer_with_reason" time="0.130"><skipped type="pytest.skip" message="No food offers available to test rejection">/app/backend/tests/test_optional_reject_reason.py:248: No food offers available to test rejection</skipped></testcase><testcase classname="backend.tests.test_optional_reject_reason.TestRejectAPIsRequireAuth" name="test_reject_seller_requires_auth" time="0.106" /><testcase classname="backend.tests.test_optional_reject_reason.TestRejectAPIsRequireAuth" name="test_reject_delivery_requires_auth" time="0.097" /><testcase classname="backend.tests.test_optional_reject_reason.TestRejectAPIsRequireAuth" name="test_reject_food_store_requires_auth" time="0.100" /><testcase classname="backend.tests.test_optional_reject_reason.TestRejectAPIsRequireAuth" name="test_reject_food_offer_requires_auth" time="0.110" /><testcase classname="backend.tests.test_optional_reject_reason.TestRejectAPIsNonAdminForbidden" name="test_reject_seller_forbidden_for_buyer" time="0.145" /><testcase classname="backend.tests.test_optional_reject_reason.TestRejectAPIsNonAdminForbidden" name="test_reject_delivery_forbidden_for_buyer" time="0.145" /></testsuite></testsuites>