<?xml version="1.0" encoding="utf-8"?><testsuites name="pytest tests"><testsuite name="pytest" errors="0" failures="0" skipped="0" tests="11" time="2.071" timestamp="2026-04-24T17:54:36.812064+00:00" hostname="agent-env-dd4689e7-6442-4ec7-826a-e05c9c7363c3"><testcase classname="backend.tests.test_ordersmap_refactoring_v2.TestHealthAndBasicAPIs" name="test_health_endpoint" time="0.403" /><testcase classname="backend.tests.test_ordersmap_refactoring_v2.TestHealthAndBasicAPIs" name="test_categories_endpoint" time="0.119" /><testcase classname="backend.tests.test_ordersmap_refactoring_v2.TestHealthAndBasicAPIs" name="test_public_settings_endpoint" time="0.149" /><testcase classname="backend.tests.test_ordersmap_refactoring_v2.TestHomepageDataAPIs" name="test_homepage_data_endpoint" time="0.173" /><testcase classname="backend.tests.test_ordersmap_refactoring_v2.TestHomepageDataAPIs" name="test_flash_status_endpoint" time="0.150" /><testcase classname="backend.tests.test_ordersmap_refactoring_v2.TestHomepageDataAPIs" name="test_daily_deals_endpoint" time="0.122" /><testcase classname="backend.tests.test_ordersmap_refactoring_v2.TestHomepageDataAPIs" name="test_ticker_messages_endpoint" time="0.129" /><testcase classname="backend.tests.test_ordersmap_refactoring_v2.TestAuthEndpoints" name="test_auth_me_without_token" time="0.115" /><testcase classname="backend.tests.test_ordersmap_refactoring_v2.TestAuthEndpoints" name="test_login_with_invalid_credentials" time="0.178" /><testcase classname="backend.tests.test_ordersmap_refactoring_v2.TestAuthEndpoints" name="test_login_with_valid_admin_credentials" time="0.345" /><testcase classname="backend.tests.test_ordersmap_refactoring_v2.TestAdminSettingsEndpoints" name="test_admin_public_settings" time="0.120" /></testsuite></testsuites>