<?xml version="1.0" encoding="utf-8"?><testsuites name="pytest tests"><testsuite name="pytest" errors="0" failures="6" skipped="0" tests="17" time="2.507" timestamp="2026-03-05T22:51:46.402765+00:00" hostname="agent-env-dd4689e7-6442-4ec7-826a-e05c9c7363c3"><testcase classname="backend.tests.test_order_tracking.TestTrackingSetup" name="test_api_health" time="0.212" /><testcase classname="backend.tests.test_order_tracking.TestTrackingSetup" name="test_customer_login" time="0.165" /><testcase classname="backend.tests.test_order_tracking.TestTrackingSetup" name="test_seller_login" time="0.137" /><testcase classname="backend.tests.test_order_tracking.TestTrackingSetup" name="test_delivery_login" time="0.108"><failure message="AssertionError: Delivery login failed: 401&#10;assert 401 == 200&#10; +  where 401 = &lt;Response [401]&gt;.status_code">backend/tests/test_order_tracking.py:54: in test_delivery_login
    assert response.status_code == 200, f"Delivery login failed: {response.status_code}"
E   AssertionError: Delivery login failed: 401
E   assert 401 == 200
E    +  where 401 = &lt;Response [401]&gt;.status_code</failure></testcase><testcase classname="backend.tests.test_order_tracking.TestOrderTrackingAPIs" name="test_customer_get_orders_list" time="0.186" /><testcase classname="backend.tests.test_order_tracking.TestOrderTrackingAPIs" name="test_seller_get_orders_list" time="0.251" /><testcase classname="backend.tests.test_order_tracking.TestOrderTrackingAPIs" name="test_order_tracking_endpoint_exists" time="0.121" /><testcase classname="backend.tests.test_order_tracking.TestOrderTrackingAPIs" name="test_delivery_note_endpoint_exists" time="0.056" /><testcase classname="backend.tests.test_order_tracking.TestSellerActions" name="test_seller_confirm_endpoint_exists" time="0.345" /><testcase classname="backend.tests.test_order_tracking.TestSellerActions" name="test_seller_preparing_endpoint_exists" time="0.060" /><testcase classname="backend.tests.test_order_tracking.TestSellerActions" name="test_seller_shipped_endpoint_exists" time="0.058" /><testcase classname="backend.tests.test_order_tracking.TestDeliveryActions" name="test_delivery_pickup_endpoint_exists" time="0.165"><failure message="AssertionError: Unexpected status: 401&#10;assert 401 in [403, 404, 400]&#10; +  where 401 = &lt;Response [401]&gt;.status_code">backend/tests/test_order_tracking.py:256: in test_delivery_pickup_endpoint_exists
    assert response.status_code in [403, 404, 400], f"Unexpected status: {response.status_code}"
E   AssertionError: Unexpected status: 401
E   assert 401 in [403, 404, 400]
E    +  where 401 = &lt;Response [401]&gt;.status_code</failure></testcase><testcase classname="backend.tests.test_order_tracking.TestDeliveryActions" name="test_delivery_on_the_way_endpoint_exists" time="0.079"><failure message="AssertionError: Unexpected status: 401&#10;assert 401 in [403, 404, 400]&#10; +  where 401 = &lt;Response [401]&gt;.status_code">backend/tests/test_order_tracking.py:263: in test_delivery_on_the_way_endpoint_exists
    assert response.status_code in [403, 404, 400], f"Unexpected status: {response.status_code}"
E   AssertionError: Unexpected status: 401
E   assert 401 in [403, 404, 400]
E    +  where 401 = &lt;Response [401]&gt;.status_code</failure></testcase><testcase classname="backend.tests.test_order_tracking.TestDeliveryActions" name="test_delivery_delivered_endpoint_exists" time="0.056"><failure message="AssertionError: Unexpected status: 401&#10;assert 401 in [403, 404, 400]&#10; +  where 401 = &lt;Response [401]&gt;.status_code">backend/tests/test_order_tracking.py:270: in test_delivery_delivered_endpoint_exists
    assert response.status_code in [403, 404, 400], f"Unexpected status: {response.status_code}"
E   AssertionError: Unexpected status: 401
E   assert 401 in [403, 404, 400]
E    +  where 401 = &lt;Response [401]&gt;.status_code</failure></testcase><testcase classname="backend.tests.test_order_tracking.TestDeliveryActions" name="test_delivery_available_orders_endpoint" time="0.062"><failure message="AssertionError: Available orders failed: 404&#10;assert 404 in [200, 403]&#10; +  where 404 = &lt;Response [404]&gt;.status_code">backend/tests/test_order_tracking.py:278: in test_delivery_available_orders_endpoint
    assert response.status_code in [200, 403], f"Available orders failed: {response.status_code}"
E   AssertionError: Available orders failed: 404
E   assert 404 in [200, 403]
E    +  where 404 = &lt;Response [404]&gt;.status_code</failure></testcase><testcase classname="backend.tests.test_order_tracking.TestDeliveryActions" name="test_delivery_my_orders_endpoint" time="0.062"><failure message="AssertionError: My orders failed: 401&#10;assert 401 in [200, 403]&#10; +  where 401 = &lt;Response [401]&gt;.status_code">backend/tests/test_order_tracking.py:285: in test_delivery_my_orders_endpoint
    assert response.status_code in [200, 403], f"My orders failed: {response.status_code}"
E   AssertionError: My orders failed: 401
E   assert 401 in [200, 403]
E    +  where 401 = &lt;Response [401]&gt;.status_code</failure></testcase><testcase classname="backend.tests.test_order_tracking.TestFullTrackingFlow" name="test_tracking_steps_structure" time="0.233" /></testsuite></testsuites>