<?xml version="1.0" encoding="utf-8"?><testsuites name="pytest tests"><testsuite name="pytest" errors="0" failures="0" skipped="0" tests="9" time="3.057" timestamp="2026-04-24T17:41:23.588989+00:00" hostname="agent-env-dd4689e7-6442-4ec7-826a-e05c9c7363c3"><testcase classname="backend.tests.test_ordersmap_refactoring.TestBasicAPIs" name="test_health_endpoint" time="2.021" /><testcase classname="backend.tests.test_ordersmap_refactoring.TestBasicAPIs" name="test_categories_endpoint" time="0.113" /><testcase classname="backend.tests.test_ordersmap_refactoring.TestBasicAPIs" name="test_settings_public_endpoint" time="0.144" /><testcase classname="backend.tests.test_ordersmap_refactoring.TestBasicAPIs" name="test_ticker_messages_endpoint" time="0.108" /><testcase classname="backend.tests.test_ordersmap_refactoring.TestBasicAPIs" name="test_flash_status_endpoint" time="0.109" /><testcase classname="backend.tests.test_ordersmap_refactoring.TestBasicAPIs" name="test_homepage_data_endpoint" time="0.159" /><testcase classname="backend.tests.test_ordersmap_refactoring.TestBasicAPIs" name="test_daily_deals_endpoint" time="0.109" /><testcase classname="backend.tests.test_ordersmap_refactoring.TestAuthEndpoints" name="test_login_with_invalid_credentials" time="0.115" /><testcase classname="backend.tests.test_ordersmap_refactoring.TestAuthEndpoints" name="test_auth_me_without_token" time="0.110" /></testsuite></testsuites>