<?xml version="1.0" encoding="utf-8"?><testsuites name="pytest tests"><testsuite name="pytest" errors="0" failures="0" skipped="0" tests="5" time="0.073" timestamp="2026-04-18T18:17:35.405258+00:00" hostname="agent-env-dd4689e7-6442-4ec7-826a-e05c9c7363c3"><testcase classname="tests.test_payment_city_removal.TestPaymentMethodsRemoval" name="test_payment_v2_status_no_syriatel" time="0.006" /><testcase classname="tests.test_payment_city_removal.TestPaymentMethodsRemoval" name="test_payment_v2_status_instructions_no_syriatel" time="0.004" /><testcase classname="tests.test_payment_city_removal.TestPaymentMethodsRemoval" name="test_shamcash_provider_enabled" time="0.004" /><testcase classname="tests.test_payment_city_removal.TestPaymentMethodsRemoval" name="test_bank_account_provider_enabled" time="0.004" /><testcase classname="tests.test_payment_city_removal.TestSellerPaymentAccountTypes" name="test_seller_payment_account_valid_types" time="0.003" /></testsuite></testsuites>