<?xml version="1.0" encoding="utf-8"?><testsuites name="pytest tests"><testsuite name="pytest" errors="0" failures="0" skipped="0" tests="22" time="9.008" timestamp="2026-04-24T23:38:20.095547+00:00" hostname="agent-env-dd4689e7-6442-4ec7-826a-e05c9c7363c3"><testcase classname="backend.tests.test_phase33_insert_notification_refactoring.TestAdminApprovalAPIs" name="test_get_pending_sellers" time="0.445" /><testcase classname="backend.tests.test_phase33_insert_notification_refactoring.TestAdminApprovalAPIs" name="test_get_all_sellers" time="0.416" /><testcase classname="backend.tests.test_phase33_insert_notification_refactoring.TestAdminApprovalAPIs" name="test_seller_approval_endpoint_exists" time="0.391" /><testcase classname="backend.tests.test_phase33_insert_notification_refactoring.TestAdminApprovalAPIs" name="test_seller_rejection_endpoint_exists" time="0.390" /><testcase classname="backend.tests.test_phase33_insert_notification_refactoring.TestAdminApprovalAPIs" name="test_get_pending_drivers" time="0.397" /><testcase classname="backend.tests.test_phase33_insert_notification_refactoring.TestAdminApprovalAPIs" name="test_get_all_drivers" time="0.385" /><testcase classname="backend.tests.test_phase33_insert_notification_refactoring.TestAdminApprovalAPIs" name="test_driver_approval_endpoint_exists" time="0.398" /><testcase classname="backend.tests.test_phase33_insert_notification_refactoring.TestAdminApprovalAPIs" name="test_driver_rejection_endpoint_exists" time="0.395" /><testcase classname="backend.tests.test_phase33_insert_notification_refactoring.TestAdminApprovalAPIs" name="test_get_pending_products" time="0.388" /><testcase classname="backend.tests.test_phase33_insert_notification_refactoring.TestAdminApprovalAPIs" name="test_get_all_products" time="0.380" /><testcase classname="backend.tests.test_phase33_insert_notification_refactoring.TestAdminApprovalAPIs" name="test_product_approval_endpoint_exists" time="0.381" /><testcase classname="backend.tests.test_phase33_insert_notification_refactoring.TestAdminApprovalAPIs" name="test_product_rejection_endpoint_exists" time="0.394" /><testcase classname="backend.tests.test_phase33_insert_notification_refactoring.TestAdminApprovalAPIs" name="test_get_pending_food_products" time="0.437" /><testcase classname="backend.tests.test_phase33_insert_notification_refactoring.TestAdminApprovalAPIs" name="test_food_product_approval_endpoint_exists" time="0.408" /><testcase classname="backend.tests.test_phase33_insert_notification_refactoring.TestAdminApprovalAPIs" name="test_food_product_rejection_endpoint_exists" time="0.386" /><testcase classname="backend.tests.test_phase33_insert_notification_refactoring.TestInsertNotificationHelper" name="test_admin_stats_endpoint" time="0.405" /><testcase classname="backend.tests.test_phase33_insert_notification_refactoring.TestInsertNotificationHelper" name="test_seller_suspend_activate_endpoints" time="0.442" /><testcase classname="backend.tests.test_phase33_insert_notification_refactoring.TestAdminNotificationEndpoints" name="test_get_admin_notifications" time="0.385" /><testcase classname="backend.tests.test_phase33_insert_notification_refactoring.TestAdminNotificationEndpoints" name="test_create_notification" time="0.421" /><testcase classname="backend.tests.test_phase33_insert_notification_refactoring.TestPlatformSettings" name="test_get_platform_settings" time="0.413" /><testcase classname="backend.tests.test_phase33_insert_notification_refactoring.TestPlatformSettings" name="test_get_public_settings" time="0.449" /><testcase classname="backend.tests.test_phase33_insert_notification_refactoring.TestPlatformSettings" name="test_get_platform_status" time="0.437" /></testsuite></testsuites>