<?xml version="1.0" encoding="utf-8"?><testsuites name="pytest tests"><testsuite name="pytest" errors="0" failures="0" skipped="0" tests="16" time="10.965" timestamp="2026-04-25T01:05:47.864282+00:00" hostname="agent-env-dd4689e7-6442-4ec7-826a-e05c9c7363c3"><testcase classname="backend.tests.test_phase40_simplified.TestRequireAdminUserRefactoring" name="test_01_settings_get_admin_only" time="1.613" /><testcase classname="backend.tests.test_phase40_simplified.TestRequireAdminUserRefactoring" name="test_02_daily_deals_active" time="0.624" /><testcase classname="backend.tests.test_phase40_simplified.TestRequireAdminUserRefactoring" name="test_03_categories_get" time="0.620" /><testcase classname="backend.tests.test_phase40_simplified.TestRequireAdminUserRefactoring" name="test_04_wallet_balance_requires_auth" time="1.187" /><testcase classname="backend.tests.test_phase40_simplified.TestRequireAdminUserRefactoring" name="test_05_products_get" time="0.622" /><testcase classname="backend.tests.test_phase40_simplified.TestRequireAdminUserRefactoring" name="test_06_admin_orders_requires_admin" time="1.168" /><testcase classname="backend.tests.test_phase40_simplified.TestRequireAdminUserRefactoring" name="test_07_coupons_admin_list_requires_admin" time="1.230" /><testcase classname="backend.tests.test_phase40_simplified.TestPublicEndpointsSimplified" name="test_settings_public" time="0.423" /><testcase classname="backend.tests.test_phase40_simplified.TestPublicEndpointsSimplified" name="test_settings_homepage_sections" time="0.409" /><testcase classname="backend.tests.test_phase40_simplified.TestPublicEndpointsSimplified" name="test_daily_deals_upcoming" time="0.411" /><testcase classname="backend.tests.test_phase40_simplified.TestPublicEndpointsSimplified" name="test_categories_shopping" time="0.421" /><testcase classname="backend.tests.test_phase40_simplified.TestPublicEndpointsSimplified" name="test_categories_food" time="0.431" /><testcase classname="backend.tests.test_phase40_simplified.TestAdminOnlyEndpointsSimplified" name="test_settings_featured_stores_requires_admin" time="0.415" /><testcase classname="backend.tests.test_phase40_simplified.TestAdminOnlyEndpointsSimplified" name="test_daily_deals_admin_all_requires_admin" time="0.420" /><testcase classname="backend.tests.test_phase40_simplified.TestAdminOnlyEndpointsSimplified" name="test_daily_deals_requests_requires_admin" time="0.441" /><testcase classname="backend.tests.test_phase40_simplified.TestAdminOnlyEndpointsSimplified" name="test_wallet_admin_topup_requests_requires_admin" time="0.450" /></testsuite></testsuites>