<?xml version="1.0" encoding="utf-8"?><testsuites name="pytest tests"><testsuite name="pytest" errors="0" failures="0" skipped="0" tests="15" time="2.937" timestamp="2026-04-24T22:22:56.776295+00:00" hostname="agent-env-dd4689e7-6442-4ec7-826a-e05c9c7363c3"><testcase classname="tests.test_phase27_helper_replacement.TestPhase27HelperReplacement" name="test_backend_health" time="0.745" /><testcase classname="tests.test_phase27_helper_replacement.TestPhase27HelperReplacement" name="test_check_drivers_availability_requires_auth" time="0.108" /><testcase classname="tests.test_phase27_helper_replacement.TestPhase27HelperReplacement" name="test_waiting_status_requires_delivery_user" time="0.115" /><testcase classname="tests.test_phase27_helper_replacement.TestPhase27HelperReplacement" name="test_check_distance_endpoint_exists" time="0.149" /><testcase classname="tests.test_phase27_helper_replacement.TestPhase27HelperReplacement" name="test_my_orders_requires_auth" time="0.126" /><testcase classname="tests.test_phase27_helper_replacement.TestPhase27HelperReplacement" name="test_store_orders_requires_auth" time="0.121" /><testcase classname="tests.test_phase27_helper_replacement.TestPhase27HelperReplacement" name="test_seller_orders_requires_auth" time="0.109" /><testcase classname="tests.test_phase27_helper_replacement.TestPhase27HelperReplacement" name="test_delivery_available_orders_requires_auth" time="0.114" /><testcase classname="tests.test_phase27_helper_replacement.TestPhase27HelperReplacement" name="test_delivery_my_orders_requires_auth" time="0.132" /><testcase classname="tests.test_phase27_helper_replacement.TestPhase27HelperReplacement" name="test_priority_orders_requires_delivery_user" time="0.128" /><testcase classname="tests.test_phase27_helper_replacement.TestHelperFunctionsExist" name="test_get_order_for_driver_helper_exists" time="0.003" /><testcase classname="tests.test_phase27_helper_replacement.TestHelperFunctionsExist" name="test_get_waiting_status_uses_helper" time="0.003" /><testcase classname="tests.test_phase27_helper_replacement.TestHelperFunctionsExist" name="test_no_duplicate_query_in_get_waiting_status" time="0.003" /><testcase classname="tests.test_phase27_helper_replacement.TestHelperFunctionsExist" name="test_food_orders_module_imports_successfully" time="0.527" /><testcase classname="tests.test_phase27_helper_replacement.TestHelperFunctionsExist" name="test_food_order_helpers_module_imports_successfully" time="0.483" /></testsuite></testsuites>