<?xml version="1.0" encoding="utf-8"?><testsuites name="pytest tests"><testsuite name="pytest" errors="0" failures="0" skipped="0" tests="19" time="1.736" timestamp="2026-04-24T22:36:45.935928+00:00" hostname="agent-env-dd4689e7-6442-4ec7-826a-e05c9c7363c3"><testcase classname="tests.test_phase29_calculate_distance_simplification.TestPhase29CalculateDistanceSimplification" name="test_backend_health" time="0.781" /><testcase classname="tests.test_phase29_calculate_distance_simplification.TestPhase29CalculateDistanceSimplification" name="test_no_math_import_in_food_orders" time="0.001" /><testcase classname="tests.test_phase29_calculate_distance_simplification.TestPhase29CalculateDistanceSimplification" name="test_calculate_distance_uses_helper" time="0.001" /><testcase classname="tests.test_phase29_calculate_distance_simplification.TestPhase29CalculateDistanceSimplification" name="test_file_size_reduced" time="0.003" /><testcase classname="tests.test_phase29_calculate_distance_simplification.TestPhase29CalculateDistanceSimplification" name="test_calculate_distance_km_imported" time="0.001" /><testcase classname="tests.test_phase29_calculate_distance_simplification.TestPhase29CalculateDistanceSimplification" name="test_calculate_distance_km_usage_count" time="0.003" /><testcase classname="tests.test_phase29_calculate_distance_simplification.TestFoodOrdersAPIs" name="test_check_distance_endpoint_exists" time="0.134" /><testcase classname="tests.test_phase29_calculate_distance_simplification.TestFoodOrdersAPIs" name="test_driver_available_orders_requires_auth" time="0.115" /><testcase classname="tests.test_phase29_calculate_distance_simplification.TestFoodOrdersAPIs" name="test_driver_accept_requires_auth" time="0.121" /><testcase classname="tests.test_phase29_calculate_distance_simplification.TestFoodOrdersAPIs" name="test_driver_arrived_requires_auth" time="0.116" /><testcase classname="tests.test_phase29_calculate_distance_simplification.TestDistanceCalculationAccuracy" name="test_haversine_formula_in_helper" time="0.001" /><testcase classname="tests.test_phase29_calculate_distance_simplification.TestDistanceCalculationAccuracy" name="test_helper_module_loads" time="0.339" /><testcase classname="tests.test_phase29_calculate_distance_simplification.TestDistanceCalculationAccuracy" name="test_short_distance_calculation" time="0.000" /><testcase classname="tests.test_phase29_calculate_distance_simplification.TestDistanceCalculationAccuracy" name="test_zero_distance" time="0.000" /><testcase classname="tests.test_phase29_calculate_distance_simplification.TestFoodOrdersModuleIntegrity" name="test_food_orders_module_loads" time="0.043" /><testcase classname="tests.test_phase29_calculate_distance_simplification.TestFoodOrdersModuleIntegrity" name="test_food_order_helpers_module_loads" time="0.000" /><testcase classname="tests.test_phase29_calculate_distance_simplification.TestFoodOrdersModuleIntegrity" name="test_no_duplicate_haversine_in_food_orders" time="0.001" /><testcase classname="tests.test_phase29_calculate_distance_simplification.TestLocalCalculateDistanceFunction" name="test_local_function_handles_null_values" time="0.000" /><testcase classname="tests.test_phase29_calculate_distance_simplification.TestLocalCalculateDistanceFunction" name="test_local_function_delegates_to_helper" time="0.000" /></testsuite></testsuites>