<?xml version="1.0" encoding="utf-8"?><testsuites name="pytest tests"><testsuite name="pytest" errors="0" failures="0" skipped="0" tests="26" time="2.104" timestamp="2026-04-24T21:18:21.787604+00:00" hostname="agent-env-dd4689e7-6442-4ec7-826a-e05c9c7363c3"><testcase classname="tests.test_phase15_order_fetch_helpers.TestBackendHealth" name="test_health_endpoint" time="0.332" /><testcase classname="tests.test_phase15_order_fetch_helpers.TestBackendHealth" name="test_food_orders_router_loaded" time="0.120" /><testcase classname="tests.test_phase15_order_fetch_helpers.TestPhase15Imports" name="test_import_order_fetch_helpers" time="0.309" /><testcase classname="tests.test_phase15_order_fetch_helpers.TestPhase15Imports" name="test_import_all_previous_functions" time="0.000" /><testcase classname="tests.test_phase15_order_fetch_helpers.TestPhase15Imports" name="test_import_constants" time="0.000" /><testcase classname="tests.test_phase15_order_fetch_helpers.TestFoodOrdersImports" name="test_food_orders_imports_phase15_functions" time="0.041" /><testcase classname="tests.test_phase15_order_fetch_helpers.TestFoodOrdersImports" name="test_food_orders_has_phase15_imports" time="0.001" /><testcase classname="tests.test_phase15_order_fetch_helpers.TestEndpointsAuth" name="test_activate_scheduled_requires_auth" time="0.130" /><testcase classname="tests.test_phase15_order_fetch_helpers.TestEndpointsAuth" name="test_cancel_scheduled_requires_auth" time="0.174" /><testcase classname="tests.test_phase15_order_fetch_helpers.TestEndpointsAuth" name="test_start_preparation_requires_auth" time="0.154" /><testcase classname="tests.test_phase15_order_fetch_helpers.TestEndpointsAuth" name="test_update_order_status_requires_auth" time="0.128" /><testcase classname="tests.test_phase15_order_fetch_helpers.TestEndpointsAuth" name="test_my_orders_requires_auth" time="0.166" /><testcase classname="tests.test_phase15_order_fetch_helpers.TestEndpointsAuth" name="test_store_orders_requires_auth" time="0.122" /><testcase classname="tests.test_phase15_order_fetch_helpers.TestFunctionSignatures" name="test_get_order_for_customer_signature" time="0.000" /><testcase classname="tests.test_phase15_order_fetch_helpers.TestFunctionSignatures" name="test_get_order_for_store_signature" time="0.000" /><testcase classname="tests.test_phase15_order_fetch_helpers.TestFunctionSignatures" name="test_get_order_for_driver_signature" time="0.000" /><testcase classname="tests.test_phase15_order_fetch_helpers.TestFileStructure" name="test_food_orders_file_size_reduced" time="0.001" /><testcase classname="tests.test_phase15_order_fetch_helpers.TestFileStructure" name="test_food_order_helpers_has_phase15_functions" time="0.000" /><testcase classname="tests.test_phase15_order_fetch_helpers.TestFileStructure" name="test_food_order_helpers_line_count" time="0.000" /><testcase classname="tests.test_phase15_order_fetch_helpers.TestFunctionLogic" name="test_get_first_name" time="0.000" /><testcase classname="tests.test_phase15_order_fetch_helpers.TestFunctionLogic" name="test_calculate_haversine_distance" time="0.000" /><testcase classname="tests.test_phase15_order_fetch_helpers.TestFunctionLogic" name="test_get_store_delivery_category" time="0.000" /><testcase classname="tests.test_phase15_order_fetch_helpers.TestFunctionLogic" name="test_order_statuses_complete" time="0.000" /><testcase classname="tests.test_phase15_order_fetch_helpers.TestNoRegressions" name="test_check_distance_endpoint" time="0.118" /><testcase classname="tests.test_phase15_order_fetch_helpers.TestNoRegressions" name="test_check_drivers_availability_requires_auth" time="0.111" /><testcase classname="tests.test_phase15_order_fetch_helpers.TestNoRegressions" name="test_create_order_requires_auth" time="0.105" /></testsuite></testsuites>