<?xml version="1.0" encoding="utf-8"?><testsuites name="pytest tests"><testsuite name="pytest" errors="0" failures="0" skipped="8" tests="18" time="3.321" timestamp="2026-04-24T23:15:40.086278+00:00" hostname="agent-env-dd4689e7-6442-4ec7-826a-e05c9c7363c3"><testcase classname="backend.tests.test_phase31_food_orders_get_now.TestPhase31FoodOrdersRefactoring" name="test_01_health_check" time="0.229" /><testcase classname="backend.tests.test_phase31_food_orders_get_now.TestPhase31FoodOrdersRefactoring" name="test_02_get_my_food_orders" time="0.422" /><testcase classname="backend.tests.test_phase31_food_orders_get_now.TestPhase31FoodOrdersRefactoring" name="test_03_get_my_scheduled_orders" time="0.408" /><testcase classname="backend.tests.test_phase31_food_orders_get_now.TestPhase31FoodOrdersRefactoring" name="test_04_cancel_nonexistent_order" time="0.403" /><testcase classname="backend.tests.test_phase31_food_orders_get_now.TestPhase31FoodOrdersRefactoring" name="test_05_cancel_scheduled_nonexistent" time="0.397" /><testcase classname="backend.tests.test_phase31_food_orders_get_now.TestPhase31FoodOrdersRefactoring" name="test_06_driver_accept_nonexistent_order" time="0.416" /><testcase classname="backend.tests.test_phase31_food_orders_get_now.TestPhase31FoodOrdersRefactoring" name="test_07_driver_available_orders" time="0.103"><skipped type="pytest.skip" message="فشل تسجيل الدخول: {&quot;detail&quot;:&quot;تجاوزت الحد المسموح (5 طلب/60 ثانية)&quot;,&quot;error_code&quot;:&quot;RATE_LIMIT_EXCEEDED&quot;}">/app/backend/tests/test_phase31_food_orders_get_now.py:36: فشل تسجيل الدخول: {"detail":"تجاوزت الحد المسموح (5 طلب/60 ثانية)","error_code":"RATE_LIMIT_EXCEEDED"}</skipped></testcase><testcase classname="backend.tests.test_phase31_food_orders_get_now.TestPhase31FoodOrdersRefactoring" name="test_08_driver_my_orders" time="0.118"><skipped type="pytest.skip" message="فشل تسجيل الدخول: {&quot;detail&quot;:&quot;تم حظرك مؤقتاً. حاول بعد 299 ثانية&quot;,&quot;error_code&quot;:&quot;RATE_LIMIT_EXCEEDED&quot;}">/app/backend/tests/test_phase31_food_orders_get_now.py:36: فشل تسجيل الدخول: {"detail":"تم حظرك مؤقتاً. حاول بعد 299 ثانية","error_code":"RATE_LIMIT_EXCEEDED"}</skipped></testcase><testcase classname="backend.tests.test_phase31_food_orders_get_now.TestPhase31FoodOrdersRefactoring" name="test_09_get_store_orders" time="0.106"><skipped type="pytest.skip" message="فشل تسجيل الدخول: {&quot;detail&quot;:&quot;تم حظرك مؤقتاً. حاول بعد 299 ثانية&quot;,&quot;error_code&quot;:&quot;RATE_LIMIT_EXCEEDED&quot;}">/app/backend/tests/test_phase31_food_orders_get_now.py:36: فشل تسجيل الدخول: {"detail":"تم حظرك مؤقتاً. حاول بعد 299 ثانية","error_code":"RATE_LIMIT_EXCEEDED"}</skipped></testcase><testcase classname="backend.tests.test_phase31_food_orders_get_now.TestPhase31FoodOrdersRefactoring" name="test_10_get_seller_food_orders" time="0.120"><skipped type="pytest.skip" message="فشل تسجيل الدخول: {&quot;detail&quot;:&quot;تم حظرك مؤقتاً. حاول بعد 299 ثانية&quot;,&quot;error_code&quot;:&quot;RATE_LIMIT_EXCEEDED&quot;}">/app/backend/tests/test_phase31_food_orders_get_now.py:36: فشل تسجيل الدخول: {"detail":"تم حظرك مؤقتاً. حاول بعد 299 ثانية","error_code":"RATE_LIMIT_EXCEEDED"}</skipped></testcase><testcase classname="backend.tests.test_phase31_food_orders_get_now.TestPhase31FoodOrdersRefactoring" name="test_11_check_distance_endpoint" time="0.135"><skipped type="pytest.skip" message="فشل تسجيل الدخول: {&quot;detail&quot;:&quot;تم حظرك مؤقتاً. حاول بعد 299 ثانية&quot;,&quot;error_code&quot;:&quot;RATE_LIMIT_EXCEEDED&quot;}">/app/backend/tests/test_phase31_food_orders_get_now.py:36: فشل تسجيل الدخول: {"detail":"تم حظرك مؤقتاً. حاول بعد 299 ثانية","error_code":"RATE_LIMIT_EXCEEDED"}</skipped></testcase><testcase classname="backend.tests.test_phase31_food_orders_get_now.TestPhase31FoodOrdersRefactoring" name="test_12_check_drivers_availability" time="0.117"><skipped type="pytest.skip" message="فشل تسجيل الدخول: {&quot;detail&quot;:&quot;تم حظرك مؤقتاً. حاول بعد 299 ثانية&quot;,&quot;error_code&quot;:&quot;RATE_LIMIT_EXCEEDED&quot;}">/app/backend/tests/test_phase31_food_orders_get_now.py:36: فشل تسجيل الدخول: {"detail":"تم حظرك مؤقتاً. حاول بعد 299 ثانية","error_code":"RATE_LIMIT_EXCEEDED"}</skipped></testcase><testcase classname="backend.tests.test_phase31_food_orders_get_now.TestPhase31OrderCancellation" name="test_cancel_batch_nonexistent" time="0.136"><skipped type="pytest.skip" message="فشل تسجيل الدخول: {&quot;detail&quot;:&quot;تم حظرك مؤقتاً. حاول بعد 299 ثانية&quot;,&quot;error_code&quot;:&quot;RATE_LIMIT_EXCEEDED&quot;}">/app/backend/tests/test_phase31_food_orders_get_now.py:236: فشل تسجيل الدخول: {"detail":"تم حظرك مؤقتاً. حاول بعد 299 ثانية","error_code":"RATE_LIMIT_EXCEEDED"}</skipped></testcase><testcase classname="backend.tests.test_phase31_food_orders_get_now.TestPhase31DriverAcceptance" name="test_driver_reject_nonexistent_order" time="0.122"><skipped type="pytest.skip" message="فشل تسجيل الدخول: {&quot;detail&quot;:&quot;تم حظرك مؤقتاً. حاول بعد 299 ثانية&quot;,&quot;error_code&quot;:&quot;RATE_LIMIT_EXCEEDED&quot;}">/app/backend/tests/test_phase31_food_orders_get_now.py:270: فشل تسجيل الدخول: {"detail":"تم حظرك مؤقتاً. حاول بعد 299 ثانية","error_code":"RATE_LIMIT_EXCEEDED"}</skipped></testcase><testcase classname="backend.tests.test_phase31_food_orders_get_now.TestGetNowHelperVerification" name="test_get_now_returns_iso_format" time="0.000" /><testcase classname="backend.tests.test_phase31_food_orders_get_now.TestGetNowHelperVerification" name="test_get_now_is_timezone_aware" time="0.000" /><testcase classname="backend.tests.test_phase31_food_orders_get_now.TestCodeRefactoringVerification" name="test_no_datetime_now_isoformat_in_food_orders" time="0.003" /><testcase classname="backend.tests.test_phase31_food_orders_get_now.TestCodeRefactoringVerification" name="test_get_now_is_imported" time="0.003" /></testsuite></testsuites>