<?xml version="1.0" encoding="utf-8"?><testsuites name="pytest tests"><testsuite name="pytest" errors="0" failures="0" skipped="0" tests="32" time="2.348" timestamp="2026-04-24T21:24:02.737193+00:00" hostname="agent-env-dd4689e7-6442-4ec7-826a-e05c9c7363c3"><testcase classname="tests.test_phase16_driver_order_helpers.TestBackendHealth" name="test_health_endpoint" time="0.262" /><testcase classname="tests.test_phase16_driver_order_helpers.TestBackendHealth" name="test_food_orders_router_loaded" time="0.130" /><testcase classname="tests.test_phase16_driver_order_helpers.TestPhase16Imports" name="test_import_get_order_for_driver" time="0.305" /><testcase classname="tests.test_phase16_driver_order_helpers.TestPhase16Imports" name="test_get_order_for_driver_signature" time="0.000" /><testcase classname="tests.test_phase16_driver_order_helpers.TestPhase16Imports" name="test_import_all_helpers" time="0.000" /><testcase classname="tests.test_phase16_driver_order_helpers.TestFoodOrdersImports" name="test_food_orders_imports_get_order_for_driver" time="0.001" /><testcase classname="tests.test_phase16_driver_order_helpers.TestFoodOrdersImports" name="test_food_orders_uses_get_order_for_driver" time="0.000" /><testcase classname="tests.test_phase16_driver_order_helpers.TestFoodOrdersImports" name="test_food_orders_module_loads" time="0.042" /><testcase classname="tests.test_phase16_driver_order_helpers.TestPhase16DriverEndpointsAuth" name="test_verify_pickup_requires_auth" time="0.220" /><testcase classname="tests.test_phase16_driver_order_helpers.TestPhase16DriverEndpointsAuth" name="test_on_the_way_requires_auth" time="0.126" /><testcase classname="tests.test_phase16_driver_order_helpers.TestPhase16DriverEndpointsAuth" name="test_arrived_customer_requires_auth" time="0.131" /><testcase classname="tests.test_phase16_driver_order_helpers.TestPhase16DriverEndpointsAuth" name="test_customer_not_responding_requires_auth" time="0.180" /><testcase classname="tests.test_phase16_driver_order_helpers.TestPhase16DriverEndpointsAuth" name="test_leave_at_door_requires_auth" time="0.154" /><testcase classname="tests.test_phase16_driver_order_helpers.TestPhase16DriverEndpointsAuth" name="test_complete_delivery_requires_auth" time="0.110" /><testcase classname="tests.test_phase16_driver_order_helpers.TestFileStructure" name="test_food_orders_file_size_reduced" time="0.001" /><testcase classname="tests.test_phase16_driver_order_helpers.TestFileStructure" name="test_food_order_helpers_has_get_order_for_driver" time="0.000" /><testcase classname="tests.test_phase16_driver_order_helpers.TestFileStructure" name="test_food_order_helpers_line_count" time="0.000" /><testcase classname="tests.test_phase16_driver_order_helpers.TestGetOrderForDriverLogic" name="test_get_order_for_driver_with_status" time="0.000" /><testcase classname="tests.test_phase16_driver_order_helpers.TestGetOrderForDriverLogic" name="test_get_order_for_driver_is_async" time="0.000" /><testcase classname="tests.test_phase16_driver_order_helpers.TestNoRegressions" name="test_check_distance_endpoint" time="0.117" /><testcase classname="tests.test_phase16_driver_order_helpers.TestNoRegressions" name="test_check_drivers_availability_requires_auth" time="0.111" /><testcase classname="tests.test_phase16_driver_order_helpers.TestNoRegressions" name="test_create_order_requires_auth" time="0.135" /><testcase classname="tests.test_phase16_driver_order_helpers.TestNoRegressions" name="test_my_deliveries_requires_auth" time="0.121" /><testcase classname="tests.test_phase16_driver_order_helpers.TestNoRegressions" name="test_verify_code_requires_auth" time="0.110" /><testcase classname="tests.test_phase16_driver_order_helpers.TestPhase16SpecificUsages" name="test_verify_pickup_uses_helper" time="0.001" /><testcase classname="tests.test_phase16_driver_order_helpers.TestPhase16SpecificUsages" name="test_start_delivery_uses_helper" time="0.001" /><testcase classname="tests.test_phase16_driver_order_helpers.TestPhase16SpecificUsages" name="test_arrived_customer_uses_helper" time="0.001" /><testcase classname="tests.test_phase16_driver_order_helpers.TestPhase16SpecificUsages" name="test_customer_not_responding_uses_helper" time="0.001" /><testcase classname="tests.test_phase16_driver_order_helpers.TestPhase16SpecificUsages" name="test_leave_at_door_uses_helper" time="0.001" /><testcase classname="tests.test_phase16_driver_order_helpers.TestPhase16SpecificUsages" name="test_complete_delivery_uses_helper" time="0.001" /><testcase classname="tests.test_phase16_driver_order_helpers.TestHelperFunctionLogic" name="test_get_first_name" time="0.000" /><testcase classname="tests.test_phase16_driver_order_helpers.TestHelperFunctionLogic" name="test_order_statuses_complete" time="0.000" /></testsuite></testsuites>