<?xml version="1.0" encoding="utf-8"?><testsuites name="pytest tests"><testsuite name="pytest" errors="0" failures="0" skipped="0" tests="19" time="3.428" timestamp="2026-04-24T23:21:04.779607+00:00" hostname="agent-env-dd4689e7-6442-4ec7-826a-e05c9c7363c3"><testcase classname="backend.tests.test_phase32_admin_get_now.TestAdminAuthentication" name="test_admin_login" time="1.208" /><testcase classname="backend.tests.test_phase32_admin_get_now.TestPlatformSettings" name="test_get_platform_settings" time="0.130" /><testcase classname="backend.tests.test_phase32_admin_get_now.TestPlatformSettings" name="test_get_public_settings" time="0.119" /><testcase classname="backend.tests.test_phase32_admin_get_now.TestPlatformSettings" name="test_get_platform_status" time="0.111" /><testcase classname="backend.tests.test_phase32_admin_get_now.TestPendingSellers" name="test_get_pending_sellers" time="0.123" /><testcase classname="backend.tests.test_phase32_admin_get_now.TestPendingSellers" name="test_get_all_sellers" time="0.104" /><testcase classname="backend.tests.test_phase32_admin_get_now.TestPendingDrivers" name="test_get_pending_delivery" time="0.126" /><testcase classname="backend.tests.test_phase32_admin_get_now.TestPendingDrivers" name="test_get_all_delivery" time="0.128" /><testcase classname="backend.tests.test_phase32_admin_get_now.TestAdminStats" name="test_get_admin_stats" time="0.114" /><testcase classname="backend.tests.test_phase32_admin_get_now.TestPendingProducts" name="test_get_pending_products" time="0.155" /><testcase classname="backend.tests.test_phase32_admin_get_now.TestPendingProducts" name="test_get_all_products" time="0.112" /><testcase classname="backend.tests.test_phase32_admin_get_now.TestSubAdmins" name="test_get_sub_admins" time="0.110" /><testcase classname="backend.tests.test_phase32_admin_get_now.TestPlatformWallet" name="test_get_platform_wallet" time="0.108" /><testcase classname="backend.tests.test_phase32_admin_get_now.TestCallRequestsAndEmergency" name="test_get_call_requests_count" time="0.106" /><testcase classname="backend.tests.test_phase32_admin_get_now.TestCallRequestsAndEmergency" name="test_get_emergency_help_count" time="0.137" /><testcase classname="backend.tests.test_phase32_admin_get_now.TestRejectedRequests" name="test_get_rejected_requests" time="0.111" /><testcase classname="backend.tests.test_phase32_admin_get_now.TestOrders" name="test_get_all_orders" time="0.116" /><testcase classname="backend.tests.test_phase32_admin_get_now.TestFoodProducts" name="test_get_pending_food_products" time="0.112" /><testcase classname="backend.tests.test_phase32_admin_get_now.TestUsers" name="test_get_all_users" time="0.124" /></testsuite></testsuites>