<?xml version="1.0" encoding="utf-8"?><testsuites name="pytest tests"><testsuite name="pytest" errors="0" failures="0" skipped="0" tests="19" time="0.908" timestamp="2026-04-24T21:47:38.500553+00:00" hostname="agent-env-dd4689e7-6442-4ec7-826a-e05c9c7363c3"><testcase classname="backend.tests.test_phase20_get_user_store.TestBackendHealth" name="test_health_endpoint" time="0.197" /><testcase classname="backend.tests.test_phase20_get_user_store.TestBackendHealth" name="test_food_orders_router_loaded" time="0.159" /><testcase classname="backend.tests.test_phase20_get_user_store.TestPhase20HelperExists" name="test_get_user_store_function_exists" time="0.000" /><testcase classname="backend.tests.test_phase20_get_user_store.TestPhase20HelperExists" name="test_get_user_store_implementation" time="0.000" /><testcase classname="backend.tests.test_phase20_get_user_store.TestPhase20HelperExists" name="test_get_user_store_imported_in_food_orders" time="0.001" /><testcase classname="backend.tests.test_phase20_get_user_store.TestPhase20HelperUsage" name="test_get_user_store_used_in_get_store_orders" time="0.001" /><testcase classname="backend.tests.test_phase20_get_user_store.TestPhase20HelperUsage" name="test_get_user_store_used_in_start_preparation" time="0.001" /><testcase classname="backend.tests.test_phase20_get_user_store.TestPhase20HelperUsage" name="test_get_user_store_used_in_update_order_status" time="0.001" /><testcase classname="backend.tests.test_phase20_get_user_store.TestPhase20HelperUsage" name="test_get_user_store_used_in_cancel_order" time="0.001" /><testcase classname="backend.tests.test_phase20_get_user_store.TestPhase20HelperUsage" name="test_get_user_store_used_in_store_stats" time="0.001" /><testcase classname="backend.tests.test_phase20_get_user_store.TestPhase20HelperUsage" name="test_get_user_store_used_in_driver_reject" time="0.001" /><testcase classname="backend.tests.test_phase20_get_user_store.TestPhase20TotalUsages" name="test_total_get_user_store_usages" time="0.001" /><testcase classname="backend.tests.test_phase20_get_user_store.TestPhase20TotalUsages" name="test_remaining_manual_store_lookups" time="0.001" /><testcase classname="backend.tests.test_phase20_get_user_store.TestPhase20FileSize" name="test_food_orders_file_size" time="0.001" /><testcase classname="backend.tests.test_phase20_get_user_store.TestPhase20NoRegressions" name="test_check_distance_endpoint" time="0.109" /><testcase classname="backend.tests.test_phase20_get_user_store.TestPhase20NoRegressions" name="test_my_orders_requires_auth" time="0.119" /><testcase classname="backend.tests.test_phase20_get_user_store.TestPhase20NoRegressions" name="test_store_orders_requires_auth" time="0.112" /><testcase classname="backend.tests.test_phase20_get_user_store.TestPhase20NoRegressions" name="test_seller_orders_requires_auth" time="0.126" /><testcase classname="backend.tests.test_phase20_get_user_store.TestPhase20Summary" name="test_phase20_complete" time="0.001" /></testsuite></testsuites>