<?xml version="1.0" encoding="utf-8"?><testsuites name="pytest tests"><testsuite name="pytest" errors="0" failures="3" skipped="0" tests="16" time="2.376" timestamp="2026-04-25T00:53:03.880971+00:00" hostname="agent-env-dd4689e7-6442-4ec7-826a-e05c9c7363c3"><testcase classname="tests.test_phase39_datetime_helpers_refactoring.TestDatetimeHelpersRefactoring" name="test_food_stores_returns_list" time="0.133" /><testcase classname="tests.test_phase39_datetime_helpers_refactoring.TestDatetimeHelpersRefactoring" name="test_categories_returns_list" time="0.129" /><testcase classname="tests.test_phase39_datetime_helpers_refactoring.TestDatetimeHelpersRefactoring" name="test_products_returns_list" time="0.110" /><testcase classname="tests.test_phase39_datetime_helpers_refactoring.TestDatetimeHelpersRefactoring" name="test_auth_login_returns_token" time="0.334" /><testcase classname="tests.test_phase39_datetime_helpers_refactoring.TestDatetimeHelpersRefactoring" name="test_auth_login_invalid_credentials" time="0.121" /><testcase classname="tests.test_phase39_datetime_helpers_refactoring.TestDatetimeHelpersRefactoring" name="test_wallet_balance_returns_balance" time="0.388" /><testcase classname="tests.test_phase39_datetime_helpers_refactoring.TestDatetimeHelpersRefactoring" name="test_wallet_balance_unauthenticated" time="0.115" /><testcase classname="tests.test_phase39_datetime_helpers_refactoring.TestDatetimeHelpersRefactoring" name="test_orders_returns_list" time="0.398" /><testcase classname="tests.test_phase39_datetime_helpers_refactoring.TestDatetimeHelpersRefactoring" name="test_orders_unauthenticated" time="0.096" /><testcase classname="tests.test_phase39_datetime_helpers_refactoring.TestDatetimeHelpersRefactoring" name="test_admin_orders_returns_data_and_pagination" time="0.103"><failure message="AssertionError: Failed to get admin token&#10;assert None">tests/test_phase39_datetime_helpers_refactoring.py:192: in test_admin_orders_returns_data_and_pagination
    assert token, "Failed to get admin token"
E   AssertionError: Failed to get admin token
E   assert None</failure></testcase><testcase classname="tests.test_phase39_datetime_helpers_refactoring.TestDatetimeHelpersRefactoring" name="test_admin_orders_unauthenticated" time="0.110"><failure message="AssertionError: Expected 401/403, got 429&#10;assert 429 in [401, 403]&#10; +  where 429 = &lt;Response [429]&gt;.status_code">tests/test_phase39_datetime_helpers_refactoring.py:218: in test_admin_orders_unauthenticated
    assert response.status_code in [401, 403], f"Expected 401/403, got {response.status_code}"
E   AssertionError: Expected 401/403, got 429
E   assert 429 in [401, 403]
E    +  where 429 = &lt;Response [429]&gt;.status_code</failure></testcase><testcase classname="tests.test_phase39_datetime_helpers_refactoring.TestDatetimeHelpersRefactoring" name="test_admin_delivery_all_returns_data_and_pagination" time="0.131"><failure message="AssertionError: Failed to get admin token&#10;assert None">tests/test_phase39_datetime_helpers_refactoring.py:224: in test_admin_delivery_all_returns_data_and_pagination
    assert token, "Failed to get admin token"
E   AssertionError: Failed to get admin token
E   assert None</failure></testcase><testcase classname="tests.test_phase39_datetime_helpers_refactoring.TestDatetimeHelpersRefactoring" name="test_admin_delivery_all_unauthenticated" time="0.107" /><testcase classname="tests.test_phase39_datetime_helpers_refactoring.TestDatetimeHelperFile" name="test_datetime_helpers_file_exists" time="0.000" /><testcase classname="tests.test_phase39_datetime_helpers_refactoring.TestDatetimeHelperFile" name="test_get_now_function_works" time="0.001" /><testcase classname="tests.test_phase39_datetime_helpers_refactoring.TestDatetimeHelperFile" name="test_get_today_function_works" time="0.001" /></testsuite></testsuites>