<?xml version="1.0" encoding="utf-8"?><testsuites name="pytest tests"><testsuite name="pytest" errors="0" failures="20" skipped="0" tests="29" time="1.153" timestamp="2026-04-24T19:47:50.390074+00:00" hostname="agent-env-dd4689e7-6442-4ec7-826a-e05c9c7363c3"><testcase classname="tests.test_phase5_query_helpers_refactoring.TestBackendStartup" name="test_health_endpoint" time="0.240" /><testcase classname="tests.test_phase5_query_helpers_refactoring.TestBackendStartup" name="test_food_orders_router_loaded" time="0.137" /><testcase classname="tests.test_phase5_query_helpers_refactoring.TestPhase5Imports" name="test_my_orders_endpoint_requires_auth" time="0.136" /><testcase classname="tests.test_phase5_query_helpers_refactoring.TestPhase5Imports" name="test_delivery_available_endpoint_requires_auth" time="0.121" /><testcase classname="tests.test_phase5_query_helpers_refactoring.TestPhase5Imports" name="test_seller_endpoint_requires_auth" time="0.126" /><testcase classname="tests.test_phase5_query_helpers_refactoring.TestPhase5Imports" name="test_store_orders_endpoint_requires_auth" time="0.131" /><testcase classname="tests.test_phase5_query_helpers_refactoring.TestPhase5FunctionImports" name="test_import_get_order_by_id" time="0.000"><failure message="ModuleNotFoundError: No module named 'routes'">tests/test_phase5_query_helpers_refactoring.py:76: in test_import_get_order_by_id
    from routes.food_order_helpers import get_order_by_id
E   ModuleNotFoundError: No module named 'routes'</failure></testcase><testcase classname="tests.test_phase5_query_helpers_refactoring.TestPhase5FunctionImports" name="test_import_get_store_by_id" time="0.000"><failure message="ModuleNotFoundError: No module named 'routes'">tests/test_phase5_query_helpers_refactoring.py:82: in test_import_get_store_by_id
    from routes.food_order_helpers import get_store_by_id
E   ModuleNotFoundError: No module named 'routes'</failure></testcase><testcase classname="tests.test_phase5_query_helpers_refactoring.TestPhase5FunctionImports" name="test_import_get_driver_by_id" time="0.000"><failure message="ModuleNotFoundError: No module named 'routes'">tests/test_phase5_query_helpers_refactoring.py:88: in test_import_get_driver_by_id
    from routes.food_order_helpers import get_driver_by_id
E   ModuleNotFoundError: No module named 'routes'</failure></testcase><testcase classname="tests.test_phase5_query_helpers_refactoring.TestPhase5FunctionImports" name="test_import_get_customer_by_id" time="0.000"><failure message="ModuleNotFoundError: No module named 'routes'">tests/test_phase5_query_helpers_refactoring.py:94: in test_import_get_customer_by_id
    from routes.food_order_helpers import get_customer_by_id
E   ModuleNotFoundError: No module named 'routes'</failure></testcase><testcase classname="tests.test_phase5_query_helpers_refactoring.TestPhase5FunctionImports" name="test_import_get_driver_active_food_orders" time="0.000"><failure message="ModuleNotFoundError: No module named 'routes'">tests/test_phase5_query_helpers_refactoring.py:100: in test_import_get_driver_active_food_orders
    from routes.food_order_helpers import get_driver_active_food_orders
E   ModuleNotFoundError: No module named 'routes'</failure></testcase><testcase classname="tests.test_phase5_query_helpers_refactoring.TestPhase5FunctionImports" name="test_import_get_available_orders_for_delivery" time="0.000"><failure message="ModuleNotFoundError: No module named 'routes'">tests/test_phase5_query_helpers_refactoring.py:106: in test_import_get_available_orders_for_delivery
    from routes.food_order_helpers import get_available_orders_for_delivery
E   ModuleNotFoundError: No module named 'routes'</failure></testcase><testcase classname="tests.test_phase5_query_helpers_refactoring.TestPhase5FunctionImports" name="test_import_get_stores_by_ids" time="0.000"><failure message="ModuleNotFoundError: No module named 'routes'">tests/test_phase5_query_helpers_refactoring.py:112: in test_import_get_stores_by_ids
    from routes.food_order_helpers import get_stores_by_ids
E   ModuleNotFoundError: No module named 'routes'</failure></testcase><testcase classname="tests.test_phase5_query_helpers_refactoring.TestPhase5FunctionImports" name="test_import_count_driver_hot_fresh_orders" time="0.000"><failure message="ModuleNotFoundError: No module named 'routes'">tests/test_phase5_query_helpers_refactoring.py:118: in test_import_count_driver_hot_fresh_orders
    from routes.food_order_helpers import count_driver_hot_fresh_orders
E   ModuleNotFoundError: No module named 'routes'</failure></testcase><testcase classname="tests.test_phase5_query_helpers_refactoring.TestPhase5FunctionImports" name="test_import_can_driver_accept_order" time="0.000"><failure message="ModuleNotFoundError: No module named 'routes'">tests/test_phase5_query_helpers_refactoring.py:124: in test_import_can_driver_accept_order
    from routes.food_order_helpers import can_driver_accept_order
E   ModuleNotFoundError: No module named 'routes'</failure></testcase><testcase classname="tests.test_phase5_query_helpers_refactoring.TestPhase5FunctionImports" name="test_import_update_order_status_with_history" time="0.000"><failure message="ModuleNotFoundError: No module named 'routes'">tests/test_phase5_query_helpers_refactoring.py:130: in test_import_update_order_status_with_history
    from routes.food_order_helpers import update_order_status_with_history
E   ModuleNotFoundError: No module named 'routes'</failure></testcase><testcase classname="tests.test_phase5_query_helpers_refactoring.TestPhase5FunctionImports" name="test_import_assign_driver_to_order" time="0.000"><failure message="ModuleNotFoundError: No module named 'routes'">tests/test_phase5_query_helpers_refactoring.py:136: in test_import_assign_driver_to_order
    from routes.food_order_helpers import assign_driver_to_order
E   ModuleNotFoundError: No module named 'routes'</failure></testcase><testcase classname="tests.test_phase5_query_helpers_refactoring.TestPhase5Constants" name="test_hot_fresh_store_types" time="0.000"><failure message="ModuleNotFoundError: No module named 'routes'">tests/test_phase5_query_helpers_refactoring.py:146: in test_hot_fresh_store_types
    from routes.food_order_helpers import HOT_FRESH_STORE_TYPES
E   ModuleNotFoundError: No module named 'routes'</failure></testcase><testcase classname="tests.test_phase5_query_helpers_refactoring.TestPhase5Constants" name="test_cold_dry_store_types" time="0.000"><failure message="ModuleNotFoundError: No module named 'routes'">tests/test_phase5_query_helpers_refactoring.py:153: in test_cold_dry_store_types
    from routes.food_order_helpers import COLD_DRY_STORE_TYPES
E   ModuleNotFoundError: No module named 'routes'</failure></testcase><testcase classname="tests.test_phase5_query_helpers_refactoring.TestPhase5Constants" name="test_default_limits" time="0.000"><failure message="ModuleNotFoundError: No module named 'routes'">tests/test_phase5_query_helpers_refactoring.py:160: in test_default_limits
    from routes.food_order_helpers import DEFAULT_HOT_FRESH_LIMIT, DEFAULT_COLD_DRY_LIMIT
E   ModuleNotFoundError: No module named 'routes'</failure></testcase><testcase classname="tests.test_phase5_query_helpers_refactoring.TestPhase5Constants" name="test_order_statuses" time="0.000"><failure message="ModuleNotFoundError: No module named 'routes'">tests/test_phase5_query_helpers_refactoring.py:167: in test_order_statuses
    from routes.food_order_helpers import ORDER_STATUSES
E   ModuleNotFoundError: No module named 'routes'</failure></testcase><testcase classname="tests.test_phase5_query_helpers_refactoring.TestPhase5Constants" name="test_platform_wallet_id" time="0.000"><failure message="ModuleNotFoundError: No module named 'routes'">tests/test_phase5_query_helpers_refactoring.py:175: in test_platform_wallet_id
    from routes.food_order_helpers import PLATFORM_WALLET_ID
E   ModuleNotFoundError: No module named 'routes'</failure></testcase><testcase classname="tests.test_phase5_query_helpers_refactoring.TestPreviousPhaseFunctions" name="test_phase1_helper_functions" time="0.000"><failure message="ModuleNotFoundError: No module named 'routes'">tests/test_phase5_query_helpers_refactoring.py:185: in test_phase1_helper_functions
    from routes.food_order_helpers import (
E   ModuleNotFoundError: No module named 'routes'</failure></testcase><testcase classname="tests.test_phase5_query_helpers_refactoring.TestPreviousPhaseFunctions" name="test_phase2_pydantic_models" time="0.000"><failure message="ModuleNotFoundError: No module named 'routes'">tests/test_phase5_query_helpers_refactoring.py:207: in test_phase2_pydantic_models
    from routes.food_order_models import (
E   ModuleNotFoundError: No module named 'routes'</failure></testcase><testcase classname="tests.test_phase5_query_helpers_refactoring.TestPreviousPhaseFunctions" name="test_phase3_batch_functions" time="0.000"><failure message="ModuleNotFoundError: No module named 'routes'">tests/test_phase5_query_helpers_refactoring.py:225: in test_phase3_batch_functions
    from routes.food_order_helpers import (
E   ModuleNotFoundError: No module named 'routes'</failure></testcase><testcase classname="tests.test_phase5_query_helpers_refactoring.TestPreviousPhaseFunctions" name="test_phase4_complete_delivery_function" time="0.000"><failure message="ModuleNotFoundError: No module named 'routes'">tests/test_phase5_query_helpers_refactoring.py:241: in test_phase4_complete_delivery_function
    from routes.food_order_helpers import complete_delivery_and_pay_driver
E   ModuleNotFoundError: No module named 'routes'</failure></testcase><testcase classname="tests.test_phase5_query_helpers_refactoring.TestFileStructure" name="test_food_order_helpers_size" time="0.004" /><testcase classname="tests.test_phase5_query_helpers_refactoring.TestFileStructure" name="test_new_functions_defined_in_helpers" time="0.047" /><testcase classname="tests.test_phase5_query_helpers_refactoring.TestFileStructure" name="test_functions_imported_in_food_orders" time="0.043" /></testsuite></testsuites>