<?xml version="1.0" encoding="utf-8"?><testsuites name="pytest tests"><testsuite name="pytest" errors="0" failures="0" skipped="0" tests="20" time="2.499" timestamp="2026-04-24T19:41:58.298419+00:00" hostname="agent-env-dd4689e7-6442-4ec7-826a-e05c9c7363c3"><testcase classname="tests.test_phase4_complete_delivery_refactoring.TestBackendStartup" name="test_health_endpoint" time="1.031" /><testcase classname="tests.test_phase4_complete_delivery_refactoring.TestBackendStartup" name="test_food_orders_router_loaded" time="0.124" /><testcase classname="tests.test_phase4_complete_delivery_refactoring.TestPhase4Imports" name="test_complete_delivery_endpoint_exists" time="0.138" /><testcase classname="tests.test_phase4_complete_delivery_refactoring.TestPhase4Imports" name="test_complete_delivery_function_importable" time="0.325" /><testcase classname="tests.test_phase4_complete_delivery_refactoring.TestPhase4Imports" name="test_all_phase4_dependencies_importable" time="0.000" /><testcase classname="tests.test_phase4_complete_delivery_refactoring.TestPhase4FunctionLogic" name="test_hot_fresh_store_types_constant" time="0.000" /><testcase classname="tests.test_phase4_complete_delivery_refactoring.TestPhase4FunctionLogic" name="test_platform_wallet_id_constant" time="0.000" /><testcase classname="tests.test_phase4_complete_delivery_refactoring.TestPhase4FunctionLogic" name="test_order_statuses_constant" time="0.000" /><testcase classname="tests.test_phase4_complete_delivery_refactoring.TestPhase4EndpointsAuth" name="test_my_orders_requires_auth" time="0.117" /><testcase classname="tests.test_phase4_complete_delivery_refactoring.TestPhase4EndpointsAuth" name="test_delivery_complete_requires_auth" time="0.162" /><testcase classname="tests.test_phase4_complete_delivery_refactoring.TestPhase4EndpointsAuth" name="test_seller_orders_requires_auth" time="0.144" /><testcase classname="tests.test_phase4_complete_delivery_refactoring.TestPhase4EndpointsAuth" name="test_store_orders_requires_auth" time="0.179" /><testcase classname="tests.test_phase4_complete_delivery_refactoring.TestPhase4EndpointsAuth" name="test_delivery_available_requires_auth" time="0.165" /><testcase classname="tests.test_phase4_complete_delivery_refactoring.TestPhase4FileStructure" name="test_food_orders_file_size" time="0.003" /><testcase classname="tests.test_phase4_complete_delivery_refactoring.TestPhase4FileStructure" name="test_food_order_helpers_file_size" time="0.002" /><testcase classname="tests.test_phase4_complete_delivery_refactoring.TestPhase4FileStructure" name="test_complete_delivery_function_in_helpers" time="0.002" /><testcase classname="tests.test_phase4_complete_delivery_refactoring.TestPhase4FileStructure" name="test_complete_delivery_imported_in_food_orders" time="0.003" /><testcase classname="tests.test_phase4_complete_delivery_refactoring.TestPreviousPhasesStillWork" name="test_phase1_helper_functions" time="0.000" /><testcase classname="tests.test_phase4_complete_delivery_refactoring.TestPreviousPhasesStillWork" name="test_phase2_models" time="0.005" /><testcase classname="tests.test_phase4_complete_delivery_refactoring.TestPreviousPhasesStillWork" name="test_phase3_batch_functions" time="0.000" /></testsuite></testsuites>