<?xml version="1.0" encoding="utf-8"?><testsuites name="pytest tests"><testsuite name="pytest" errors="0" failures="0" skipped="0" tests="13" time="1.886" timestamp="2026-04-24T19:54:19.553604+00:00" hostname="agent-env-dd4689e7-6442-4ec7-826a-e05c9c7363c3"><testcase classname="tests.test_phase6_helper_replacement.TestPhase6HelperReplacement" name="test_health_check" time="0.205" /><testcase classname="tests.test_phase6_helper_replacement.TestPhase6HelperReplacement" name="test_get_order_by_id_endpoint_requires_auth" time="0.125" /><testcase classname="tests.test_phase6_helper_replacement.TestPhase6HelperReplacement" name="test_cancel_order_endpoint_requires_auth" time="0.142" /><testcase classname="tests.test_phase6_helper_replacement.TestPhase6HelperReplacement" name="test_delivery_cancel_endpoint_requires_auth" time="0.119" /><testcase classname="tests.test_phase6_helper_replacement.TestPhase6HelperReplacement" name="test_pickup_code_endpoint_requires_auth" time="0.163" /><testcase classname="tests.test_phase6_helper_replacement.TestPhase6HelperReplacement" name="test_admin_cancel_with_penalty_requires_auth" time="0.141" /><testcase classname="tests.test_phase6_helper_replacement.TestPhase6HelperReplacement" name="test_check_drivers_availability_requires_auth" time="0.126" /><testcase classname="tests.test_phase6_helper_replacement.TestHelperFunctionsImport" name="test_helper_functions_importable" time="0.329" /><testcase classname="tests.test_phase6_helper_replacement.TestHelperFunctionsImport" name="test_all_phase5_functions_still_work" time="0.000" /><testcase classname="tests.test_phase6_helper_replacement.TestOtherEndpointsStillWork" name="test_my_orders_requires_auth" time="0.113" /><testcase classname="tests.test_phase6_helper_replacement.TestOtherEndpointsStillWork" name="test_seller_orders_requires_auth" time="0.120" /><testcase classname="tests.test_phase6_helper_replacement.TestOtherEndpointsStillWork" name="test_store_orders_requires_auth" time="0.107" /><testcase classname="tests.test_phase6_helper_replacement.TestOtherEndpointsStillWork" name="test_delivery_available_requires_auth" time="0.125" /></testsuite></testsuites>