<?xml version="1.0" encoding="utf-8"?><testsuites name="pytest tests"><testsuite name="pytest" errors="0" failures="0" skipped="0" tests="20" time="1.229" timestamp="2026-04-24T22:33:35.351513+00:00" hostname="agent-env-dd4689e7-6442-4ec7-826a-e05c9c7363c3"><testcase classname="tests.test_phase28_haversine_refactoring.TestBackendHealth" name="test_backend_is_healthy" time="0.285" /><testcase classname="tests.test_phase28_haversine_refactoring.TestCalculateDistanceKmUsage" name="test_calculate_distance_km_is_imported" time="0.001" /><testcase classname="tests.test_phase28_haversine_refactoring.TestCalculateDistanceKmUsage" name="test_remaining_inline_haversine_calculations" time="0.002" /><testcase classname="tests.test_phase28_haversine_refactoring.TestCalculateDistanceKmUsage" name="test_calculate_distance_km_usage_count" time="0.001" /><testcase classname="tests.test_phase28_haversine_refactoring.TestFileSizeReduction" name="test_food_orders_file_size" time="0.001" /><testcase classname="tests.test_phase28_haversine_refactoring.TestFileSizeReduction" name="test_helper_function_exists" time="0.000" /><testcase classname="tests.test_phase28_haversine_refactoring.TestDistanceCalculationAccuracy" name="test_haversine_formula_correctness" time="0.378" /><testcase classname="tests.test_phase28_haversine_refactoring.TestDistanceCalculationAccuracy" name="test_short_distance_calculation" time="0.000" /><testcase classname="tests.test_phase28_haversine_refactoring.TestDistanceCalculationAccuracy" name="test_zero_distance" time="0.000" /><testcase classname="tests.test_phase28_haversine_refactoring.TestDistanceCheckAPI" name="test_check_distance_endpoint_exists" time="0.205" /><testcase classname="tests.test_phase28_haversine_refactoring.TestDriverEndpointsAuth" name="test_accept_order_requires_auth" time="0.107" /><testcase classname="tests.test_phase28_haversine_refactoring.TestDriverEndpointsAuth" name="test_arrived_endpoint_requires_auth" time="0.121" /><testcase classname="tests.test_phase28_haversine_refactoring.TestEndpointHelperUsage" name="test_check_drivers_availability_uses_helper" time="0.001" /><testcase classname="tests.test_phase28_haversine_refactoring.TestEndpointHelperUsage" name="test_check_distance_uses_helper" time="0.000" /><testcase classname="tests.test_phase28_haversine_refactoring.TestEndpointHelperUsage" name="test_create_food_order_uses_helper" time="0.001" /><testcase classname="tests.test_phase28_haversine_refactoring.TestEndpointHelperUsage" name="test_create_batch_food_orders_uses_helper" time="0.000" /><testcase classname="tests.test_phase28_haversine_refactoring.TestImportsAndStructure" name="test_food_orders_imports_are_valid" time="0.000" /><testcase classname="tests.test_phase28_haversine_refactoring.TestImportsAndStructure" name="test_no_duplicate_haversine_definition" time="0.000" /><testcase classname="tests.test_phase28_haversine_refactoring.TestIntegration" name="test_food_orders_module_loads" time="0.047" /><testcase classname="tests.test_phase28_haversine_refactoring.TestIntegration" name="test_food_order_helpers_module_loads" time="0.000" /></testsuite></testsuites>