<?xml version="1.0" encoding="utf-8"?><testsuites name="pytest tests"><testsuite name="pytest" errors="0" failures="0" skipped="0" tests="17" time="1.452" timestamp="2026-04-24T22:01:06.563685+00:00" hostname="agent-env-dd4689e7-6442-4ec7-826a-e05c9c7363c3"><testcase classname="backend.tests.test_phase23_get_now_helper.TestPhase23GetNowHelper" name="test_health_endpoint" time="0.222" /><testcase classname="backend.tests.test_phase23_get_now_helper.TestPhase23GetNowHelper" name="test_get_now_helper_exists" time="0.000" /><testcase classname="backend.tests.test_phase23_get_now_helper.TestPhase23GetNowHelper" name="test_get_now_helper_docstring" time="0.000" /><testcase classname="backend.tests.test_phase23_get_now_helper.TestPhase23GetNowHelper" name="test_get_now_imported_in_food_orders" time="0.001" /><testcase classname="backend.tests.test_phase23_get_now_helper.TestPhase23GetNowHelper" name="test_get_now_usage_count" time="0.001" /><testcase classname="backend.tests.test_phase23_get_now_helper.TestPhase23GetNowHelper" name="test_get_now_returns_valid_iso_format" time="0.348" /><testcase classname="backend.tests.test_phase23_get_now_helper.TestPhase23GetNowHelper" name="test_get_now_returns_utc_time" time="0.000" /><testcase classname="backend.tests.test_phase23_get_now_helper.TestPhase23NoRegression" name="test_check_distance_endpoint" time="0.121" /><testcase classname="backend.tests.test_phase23_get_now_helper.TestPhase23NoRegression" name="test_my_orders_requires_auth" time="0.118" /><testcase classname="backend.tests.test_phase23_get_now_helper.TestPhase23NoRegression" name="test_store_orders_requires_auth" time="0.129" /><testcase classname="backend.tests.test_phase23_get_now_helper.TestPhase23NoRegression" name="test_seller_orders_requires_auth" time="0.123" /><testcase classname="backend.tests.test_phase23_get_now_helper.TestPhase23NoRegression" name="test_batch_orders_endpoint_exists" time="0.142" /><testcase classname="backend.tests.test_phase23_get_now_helper.TestPhase23NoRegression" name="test_my_scheduled_endpoint_exists" time="0.146" /><testcase classname="backend.tests.test_phase23_get_now_helper.TestPhase23FileIntegrity" name="test_food_orders_file_size" time="0.001" /><testcase classname="backend.tests.test_phase23_get_now_helper.TestPhase23FileIntegrity" name="test_food_order_helpers_file_size" time="0.000" /><testcase classname="backend.tests.test_phase23_get_now_helper.TestPhase23FileIntegrity" name="test_no_syntax_errors_in_food_orders" time="0.023" /><testcase classname="backend.tests.test_phase23_get_now_helper.TestPhase23FileIntegrity" name="test_no_syntax_errors_in_helpers" time="0.005" /></testsuite></testsuites>