<?xml version="1.0" encoding="utf-8"?><testsuites name="pytest tests"><testsuite name="pytest" errors="0" failures="0" skipped="4" tests="15" time="4.883" timestamp="2026-04-24T23:07:00.322268+00:00" hostname="agent-env-dd4689e7-6442-4ec7-826a-e05c9c7363c3"><testcase classname="tests.test_food_orders_refactoring.TestFoodOrdersRefactoring" name="test_health_check" time="0.612" /><testcase classname="tests.test_food_orders_refactoring.TestFoodOrdersRefactoring" name="test_get_my_food_orders" time="0.403" /><testcase classname="tests.test_food_orders_refactoring.TestFoodOrdersRefactoring" name="test_get_my_scheduled_orders" time="0.397" /><testcase classname="tests.test_food_orders_refactoring.TestFoodOrdersRefactoring" name="test_get_store_orders_unauthorized" time="0.403" /><testcase classname="tests.test_food_orders_refactoring.TestFoodOrdersRefactoring" name="test_get_seller_food_orders" time="0.417" /><testcase classname="tests.test_food_orders_refactoring.TestFoodOrdersRefactoring" name="test_cancel_nonexistent_order" time="0.399" /><testcase classname="tests.test_food_orders_refactoring.TestFoodOrdersRefactoring" name="test_get_nonexistent_order" time="0.437" /><testcase classname="tests.test_food_orders_refactoring.TestFoodOrdersRefactoring" name="test_check_distance_endpoint" time="0.467" /><testcase classname="tests.test_food_orders_refactoring.TestFoodOrderCreation" name="test_create_order_missing_store" time="0.423" /><testcase classname="tests.test_food_orders_refactoring.TestFoodOrderCreation" name="test_create_order_missing_location" time="0.454"><skipped type="pytest.skip" message="لا يمكن جلب المنتجات">/app/backend/tests/test_food_orders_refactoring.py:220: لا يمكن جلب المنتجات</skipped></testcase><testcase classname="tests.test_food_orders_refactoring.TestFoodOrderStatusUpdate" name="test_update_nonexistent_order_status" time="0.124"><skipped type="pytest.skip" message="فشل طلب OTP: {&quot;detail&quot;:&quot;Not Found&quot;}">/app/backend/tests/test_food_orders_refactoring.py:260: فشل طلب OTP: {"detail":"Not Found"}</skipped></testcase><testcase classname="tests.test_food_orders_refactoring.TestBatchOrders" name="test_cancel_nonexistent_batch" time="0.132"><skipped type="pytest.skip" message="فشل طلب OTP: {&quot;detail&quot;:&quot;Not Found&quot;}">/app/backend/tests/test_food_orders_refactoring.py:306: فشل طلب OTP: {"detail":"Not Found"}</skipped></testcase><testcase classname="tests.test_food_orders_refactoring.TestBatchOrders" name="test_create_batch_empty_orders" time="0.130"><skipped type="pytest.skip" message="فشل طلب OTP: {&quot;detail&quot;:&quot;Not Found&quot;}">/app/backend/tests/test_food_orders_refactoring.py:306: فشل طلب OTP: {"detail":"Not Found"}</skipped></testcase><testcase classname="tests.test_food_orders_refactoring.TestGetNowHelper" name="test_get_now_format" time="0.000" /><testcase classname="tests.test_food_orders_refactoring.TestGetNowHelper" name="test_get_now_timezone_aware" time="0.001" /></testsuite></testsuites>