<?xml version="1.0" encoding="utf-8"?><testsuites name="pytest tests"><testsuite name="pytest" errors="0" failures="0" skipped="0" tests="23" time="1.664" timestamp="2026-04-24T22:26:37.647034+00:00" hostname="agent-env-dd4689e7-6442-4ec7-826a-e05c9c7363c3"><testcase classname="tests.test_phase27_driver_endpoints.TestBackendHealth" name="test_backend_is_healthy" time="0.989" /><testcase classname="tests.test_phase27_driver_endpoints.TestDriverEndpointsAuth" name="test_arrived_endpoint_requires_auth" time="0.134" /><testcase classname="tests.test_phase27_driver_endpoints.TestDriverEndpointsAuth" name="test_verify_code_endpoint_requires_auth" time="0.134" /><testcase classname="tests.test_phase27_driver_endpoints.TestDriverEndpointsAuth" name="test_failed_endpoint_requires_auth" time="0.124" /><testcase classname="tests.test_phase27_driver_endpoints.TestDriverEndpointsAuth" name="test_report_false_arrival_requires_auth" time="0.185" /><testcase classname="tests.test_phase27_driver_endpoints.TestHelperFunctionUsage" name="test_get_order_for_driver_is_imported" time="0.001" /><testcase classname="tests.test_phase27_driver_endpoints.TestHelperFunctionUsage" name="test_get_order_for_driver_usage_count" time="0.001" /><testcase classname="tests.test_phase27_driver_endpoints.TestHelperFunctionUsage" name="test_get_order_for_store_is_imported" time="0.001" /><testcase classname="tests.test_phase27_driver_endpoints.TestHelperFunctionUsage" name="test_get_user_store_is_imported" time="0.001" /><testcase classname="tests.test_phase27_driver_endpoints.TestHelperFunctionUsage" name="test_require_delivery_user_is_imported" time="0.002" /><testcase classname="tests.test_phase27_driver_endpoints.TestDriverArrivedEndpoint" name="test_arrived_endpoint_uses_helper" time="0.001" /><testcase classname="tests.test_phase27_driver_endpoints.TestDriverArrivedEndpoint" name="test_arrived_endpoint_requires_delivery_user" time="0.001" /><testcase classname="tests.test_phase27_driver_endpoints.TestVerifyCodeEndpoint" name="test_verify_code_uses_helper_with_statuses" time="0.001" /><testcase classname="tests.test_phase27_driver_endpoints.TestFailedDeliveryEndpoint" name="test_failed_endpoint_uses_helper_with_statuses" time="0.001" /><testcase classname="tests.test_phase27_driver_endpoints.TestReportFalseArrivalEndpoint" name="test_report_false_arrival_uses_helpers" time="0.001" /><testcase classname="tests.test_phase27_driver_endpoints.TestHelperFunctionDefinitions" name="test_get_order_for_driver_supports_statuses" time="0.001" /><testcase classname="tests.test_phase27_driver_endpoints.TestHelperFunctionDefinitions" name="test_get_order_for_driver_uses_in_operator" time="0.000" /><testcase classname="tests.test_phase27_driver_endpoints.TestHelperFunctionDefinitions" name="test_get_order_for_store_exists" time="0.001" /><testcase classname="tests.test_phase27_driver_endpoints.TestHelperFunctionDefinitions" name="test_get_user_store_exists" time="0.001" /><testcase classname="tests.test_phase27_driver_endpoints.TestFileSize" name="test_food_orders_file_size_reduced" time="0.001" /><testcase classname="tests.test_phase27_driver_endpoints.TestModuleImports" name="test_food_orders_imports_successfully" time="0.000" /><testcase classname="tests.test_phase27_driver_endpoints.TestModuleImports" name="test_food_order_helpers_imports_successfully" time="0.001" /><testcase classname="tests.test_phase27_driver_endpoints.TestNoDuplicateQueries" name="test_no_duplicate_driver_order_query" time="0.001" /></testsuite></testsuites>