<?xml version="1.0" encoding="utf-8"?><testsuites name="pytest tests"><testsuite name="pytest" errors="0" failures="0" skipped="0" tests="11" time="2.766" timestamp="2026-04-24T22:18:34.257900+00:00" hostname="agent-env-dd4689e7-6442-4ec7-826a-e05c9c7363c3"><testcase classname="tests.test_phase26_unused_imports_removal.TestPhase26UnusedImportsRemoval" name="test_backend_health" time="0.839" /><testcase classname="tests.test_phase26_unused_imports_removal.TestPhase26UnusedImportsRemoval" name="test_imports_removed" time="0.002" /><testcase classname="tests.test_phase26_unused_imports_removal.TestPhase26UnusedImportsRemoval" name="test_file_size_reduced" time="0.003" /><testcase classname="tests.test_phase26_unused_imports_removal.TestPhase26UnusedImportsRemoval" name="test_module_imports_successfully" time="0.790" /><testcase classname="tests.test_phase26_unused_imports_removal.TestPhase26UnusedImportsRemoval" name="test_no_syntax_errors" time="0.075" /><testcase classname="tests.test_phase26_unused_imports_removal.TestRegressionEndpoints" name="test_check_distance_endpoint" time="0.178" /><testcase classname="tests.test_phase26_unused_imports_removal.TestRegressionEndpoints" name="test_my_orders_requires_auth" time="0.168" /><testcase classname="tests.test_phase26_unused_imports_removal.TestRegressionEndpoints" name="test_store_orders_requires_auth" time="0.136" /><testcase classname="tests.test_phase26_unused_imports_removal.TestRegressionEndpoints" name="test_seller_orders_requires_auth" time="0.144" /><testcase classname="tests.test_phase26_unused_imports_removal.TestRegressionEndpoints" name="test_my_scheduled_requires_auth" time="0.163" /><testcase classname="tests.test_phase26_unused_imports_removal.TestRegressionEndpoints" name="test_batch_orders_endpoint_exists" time="0.129" /></testsuite></testsuites>