<?xml version="1.0" encoding="utf-8"?><testsuites name="pytest tests"><testsuite name="pytest" errors="0" failures="0" skipped="0" tests="16" time="0.993" timestamp="2026-04-24T21:52:48.594479+00:00" hostname="agent-env-dd4689e7-6442-4ec7-826a-e05c9c7363c3"><testcase classname="backend.tests.test_phase21_get_user_store.TestPhase21BackendHealth" name="test_health_endpoint" time="0.208" /><testcase classname="backend.tests.test_phase21_get_user_store.TestPhase21BackendHealth" name="test_food_orders_router_loaded" time="0.107" /><testcase classname="backend.tests.test_phase21_get_user_store.TestPhase21HelperExists" name="test_get_user_store_function_exists" time="0.000" /><testcase classname="backend.tests.test_phase21_get_user_store.TestPhase21HelperExists" name="test_get_user_store_implementation" time="0.000" /><testcase classname="backend.tests.test_phase21_get_user_store.TestPhase21HelperExists" name="test_get_user_store_imported_in_food_orders" time="0.001" /><testcase classname="backend.tests.test_phase21_get_user_store.TestPhase21HelperUsage" name="test_get_pickup_code_uses_helper" time="0.001" /><testcase classname="backend.tests.test_phase21_get_user_store.TestPhase21HelperUsage" name="test_get_order_driver_status_uses_helper" time="0.001" /><testcase classname="backend.tests.test_phase21_get_user_store.TestPhase21TotalUsages" name="test_total_get_user_store_usages" time="0.001" /><testcase classname="backend.tests.test_phase21_get_user_store.TestPhase21TotalUsages" name="test_remaining_manual_lookups" time="0.001" /><testcase classname="backend.tests.test_phase21_get_user_store.TestPhase21FileSize" name="test_file_size_reduced" time="0.001" /><testcase classname="backend.tests.test_phase21_get_user_store.TestPhase21NoRegressions" name="test_check_distance_endpoint" time="0.126" /><testcase classname="backend.tests.test_phase21_get_user_store.TestPhase21NoRegressions" name="test_my_orders_requires_auth" time="0.176" /><testcase classname="backend.tests.test_phase21_get_user_store.TestPhase21NoRegressions" name="test_store_orders_requires_auth" time="0.143" /><testcase classname="backend.tests.test_phase21_get_user_store.TestPhase21NoRegressions" name="test_seller_orders_requires_auth" time="0.153" /><testcase classname="backend.tests.test_phase21_get_user_store.TestPhase21Summary" name="test_phase21_complete" time="0.001" /><testcase classname="backend.tests.test_phase21_get_user_store.TestPhase21AllEndpointsUsingHelper" name="test_all_8_endpoints_use_helper" time="0.001" /></testsuite></testsuites>