<?xml version="1.0" encoding="utf-8"?><testsuites name="pytest tests"><testsuite name="pytest" errors="0" failures="0" skipped="0" tests="12" time="1.755" timestamp="2026-04-24T21:56:56.594528+00:00" hostname="agent-env-dd4689e7-6442-4ec7-826a-e05c9c7363c3"><testcase classname="tests.test_phase22_code_cleanup.TestPhase22CodeCleanup" name="test_backend_health" time="0.830" /><testcase classname="tests.test_phase22_code_cleanup.TestPhase22CodeCleanup" name="test_food_orders_router_loaded" time="0.121" /><testcase classname="tests.test_phase22_code_cleanup.TestPhase22CodeCleanup" name="test_check_distance_endpoint_works" time="0.113" /><testcase classname="tests.test_phase22_code_cleanup.TestPhase22CodeCleanup" name="test_store_orders_requires_auth" time="0.114" /><testcase classname="tests.test_phase22_code_cleanup.TestPhase22CodeCleanup" name="test_seller_orders_requires_auth" time="0.155" /><testcase classname="tests.test_phase22_code_cleanup.TestPhase22FileVerification" name="test_no_logging_import" time="0.001" /><testcase classname="tests.test_phase22_code_cleanup.TestPhase22FileVerification" name="test_file_size_reduced" time="0.001" /><testcase classname="tests.test_phase22_code_cleanup.TestPhase22FileVerification" name="test_no_excessive_blank_lines" time="0.001" /><testcase classname="tests.test_phase22_code_cleanup.TestPhase22FileVerification" name="test_imports_are_valid" time="0.001" /><testcase classname="tests.test_phase22_code_cleanup.TestPhase22NoRegression" name="test_batch_orders_endpoint_exists" time="0.112" /><testcase classname="tests.test_phase22_code_cleanup.TestPhase22NoRegression" name="test_scheduled_orders_endpoint_exists" time="0.115" /><testcase classname="tests.test_phase22_code_cleanup.TestPhase22NoRegression" name="test_drivers_availability_endpoint_exists" time="0.125" /></testsuite></testsuites>