<?xml version="1.0" encoding="utf-8"?><testsuites name="pytest tests"><testsuite name="pytest" errors="0" failures="0" skipped="0" tests="11" time="2.998" timestamp="2026-04-24T19:57:45.267116+00:00" hostname="agent-env-dd4689e7-6442-4ec7-826a-e05c9c7363c3"><testcase classname="tests.test_phase7_helper_replacement.TestPhase7BackendHealth" name="test_backend_health" time="1.500" /><testcase classname="tests.test_phase7_helper_replacement.TestPhase7EndpointsAuth" name="test_store_orders_status_requires_auth" time="0.124" /><testcase classname="tests.test_phase7_helper_replacement.TestPhase7EndpointsAuth" name="test_delivery_accept_requires_auth" time="0.121" /><testcase classname="tests.test_phase7_helper_replacement.TestPhase7EndpointsAuth" name="test_driver_orders_accept_requires_auth" time="0.123" /><testcase classname="tests.test_phase7_helper_replacement.TestPhase7EndpointsAuth" name="test_store_request_driver_requires_auth" time="0.121" /><testcase classname="tests.test_phase7_helper_replacement.TestPhase7OtherEndpoints" name="test_my_orders_requires_auth" time="0.109" /><testcase classname="tests.test_phase7_helper_replacement.TestPhase7OtherEndpoints" name="test_seller_orders_requires_auth" time="0.108" /><testcase classname="tests.test_phase7_helper_replacement.TestPhase7OtherEndpoints" name="test_store_orders_requires_auth" time="0.109" /><testcase classname="tests.test_phase7_helper_replacement.TestPhase7OtherEndpoints" name="test_delivery_available_requires_auth" time="0.126" /><testcase classname="tests.test_phase7_helper_replacement.TestPhase7OtherEndpoints" name="test_check_distance_works" time="0.139" /><testcase classname="tests.test_phase7_helper_replacement.TestPhase7HelperImports" name="test_helper_functions_importable" time="0.347" /></testsuite></testsuites>