<?xml version="1.0" encoding="utf-8"?><testsuites name="pytest tests"><testsuite name="pytest" errors="0" failures="0" skipped="2" tests="13" time="3.775" timestamp="2026-03-14T05:37:46.192746+00:00" hostname="agent-env-dd4689e7-6442-4ec7-826a-e05c9c7363c3"><testcase classname="backend.tests.test_pickup_code_system.TestPickupCodeSystem" name="test_01_driver_login" time="0.494" /><testcase classname="backend.tests.test_pickup_code_system.TestPickupCodeSystem" name="test_02_admin_login" time="0.360" /><testcase classname="backend.tests.test_pickup_code_system.TestPickupCodeSystem" name="test_03_get_food_seller_orders" time="0.149" /><testcase classname="backend.tests.test_pickup_code_system.TestPickupCodeSystem" name="test_04_update_order_to_ready_generates_pickup_code" time="0.134"><skipped type="pytest.skip" message="Could not get food orders to test">/app/backend/tests/test_pickup_code_system.py:122: Could not get food orders to test</skipped></testcase><testcase classname="backend.tests.test_pickup_code_system.TestPickupCodeSystem" name="test_05_driver_verify_pickup_code_invalid" time="0.001"><skipped type="pytest.skip" message="No test order available">/app/backend/tests/test_pickup_code_system.py:129: No test order available</skipped></testcase><testcase classname="backend.tests.test_pickup_code_system.TestPickupCodeSystem" name="test_06_get_available_orders_for_driver" time="0.154" /><testcase classname="backend.tests.test_pickup_code_system.TestDriverAvailabilityValidation" name="test_01_driver_login" time="0.377" /><testcase classname="backend.tests.test_pickup_code_system.TestDriverAvailabilityValidation" name="test_02_check_current_availability" time="0.118" /><testcase classname="backend.tests.test_pickup_code_system.TestDriverAvailabilityValidation" name="test_03_set_driver_unavailable" time="0.155" /><testcase classname="backend.tests.test_pickup_code_system.TestDriverAvailabilityValidation" name="test_04_unavailable_driver_cannot_accept_food_order" time="0.386" /><testcase classname="backend.tests.test_pickup_code_system.TestDriverAvailabilityValidation" name="test_05_set_driver_available" time="0.111" /><testcase classname="backend.tests.test_pickup_code_system.TestDriverAvailabilityValidation" name="test_06_driver_with_active_orders_cannot_go_offline" time="0.240" /><testcase classname="backend.tests.test_pickup_code_system.TestEndToEndPickupFlow" name="test_full_pickup_flow" time="1.030" /></testsuite></testsuites>