<?xml version="1.0" encoding="utf-8"?><testsuites name="pytest tests"><testsuite name="pytest" errors="0" failures="0" skipped="0" tests="13" time="9.820" timestamp="2026-03-22T19:04:43.081357+00:00" hostname="agent-env-dd4689e7-6442-4ec7-826a-e05c9c7363c3"><testcase classname="backend.tests.test_platform_wallet.TestPlatformWalletAPIs" name="test_admin_login_success" time="1.484" /><testcase classname="backend.tests.test_platform_wallet.TestPlatformWalletAPIs" name="test_get_platform_wallet_as_admin" time="0.796" /><testcase classname="backend.tests.test_platform_wallet.TestPlatformWalletAPIs" name="test_get_platform_wallet_unauthorized" time="0.795" /><testcase classname="backend.tests.test_platform_wallet.TestPlatformWalletAPIs" name="test_get_platform_wallet_as_seller" time="0.776" /><testcase classname="backend.tests.test_platform_wallet.TestPlatformWalletAPIs" name="test_get_platform_wallet_transactions_as_admin" time="0.784" /><testcase classname="backend.tests.test_platform_wallet.TestPlatformWalletAPIs" name="test_get_platform_wallet_transactions_unauthorized" time="0.807" /><testcase classname="backend.tests.test_platform_wallet.TestPlatformWalletAPIs" name="test_get_platform_wallet_transactions_as_seller" time="0.780" /><testcase classname="backend.tests.test_platform_wallet.TestPlatformWalletAPIs" name="test_withdraw_insufficient_balance" time="0.886" /><testcase classname="backend.tests.test_platform_wallet.TestPlatformWalletAPIs" name="test_withdraw_unauthorized" time="0.785" /><testcase classname="backend.tests.test_platform_wallet.TestPlatformWalletAPIs" name="test_withdraw_as_seller" time="0.772" /><testcase classname="backend.tests.test_platform_wallet.TestPlatformWalletAPIs" name="test_platform_wallet_structure" time="0.653" /><testcase classname="backend.tests.test_platform_wallet.TestCommissionToWallet" name="test_commission_functions_exist_in_orders" time="0.337" /><testcase classname="backend.tests.test_platform_wallet.TestCommissionToWallet" name="test_commission_functions_exist_in_food_orders" time="0.098" /></testsuite></testsuites>