<?xml version="1.0" encoding="utf-8"?><testsuites name="pytest tests"><testsuite name="pytest" errors="0" failures="0" skipped="0" tests="17" time="5.834" timestamp="2026-03-16T05:36:02.318357+00:00" hostname="agent-env-dd4689e7-6442-4ec7-826a-e05c9c7363c3"><testcase classname="backend.tests.test_price_control_system.TestPriceControlAPIs" name="test_best_sellers_returns_list" time="0.276" /><testcase classname="backend.tests.test_price_control_system.TestPriceControlAPIs" name="test_best_sellers_with_limit" time="0.128" /><testcase classname="backend.tests.test_price_control_system.TestPriceControlAPIs" name="test_best_sellers_only_approved_active" time="0.137" /><testcase classname="backend.tests.test_price_control_system.TestPriceControlAPIs" name="test_lowest_price_returns_list" time="0.144" /><testcase classname="backend.tests.test_price_control_system.TestPriceControlAPIs" name="test_lowest_price_with_limit" time="0.149" /><testcase classname="backend.tests.test_price_control_system.TestPriceControlAPIs" name="test_lowest_price_excludes_zero_price" time="0.154" /><testcase classname="backend.tests.test_price_control_system.TestPriceControlAPIs" name="test_create_price_report_unauthenticated" time="0.155" /><testcase classname="backend.tests.test_price_control_system.TestPriceControlAPIs" name="test_create_price_report_authenticated" time="0.499" /><testcase classname="backend.tests.test_price_control_system.TestPriceControlAPIs" name="test_create_price_report_invalid_product" time="0.426" /><testcase classname="backend.tests.test_price_control_system.TestPriceControlAPIs" name="test_get_my_reports" time="0.419" /><testcase classname="backend.tests.test_price_control_system.TestPriceControlAPIs" name="test_admin_stats_unauthenticated" time="0.167" /><testcase classname="backend.tests.test_price_control_system.TestPriceControlAPIs" name="test_admin_stats_customer_forbidden" time="0.425" /><testcase classname="backend.tests.test_price_control_system.TestPriceControlAPIs" name="test_admin_stats" time="0.428" /><testcase classname="backend.tests.test_price_control_system.TestPriceControlAPIs" name="test_admin_all_reports" time="0.446" /><testcase classname="backend.tests.test_price_control_system.TestPriceControlAPIs" name="test_admin_all_reports_filter" time="0.430" /><testcase classname="backend.tests.test_price_control_system.TestPriceControlAPIs" name="test_admin_sellers_with_violations" time="0.426" /><testcase classname="backend.tests.test_price_control_system.TestPriceControlAPIs" name="test_full_price_report_flow" time="0.938" /></testsuite></testsuites>