<?xml version="1.0" encoding="utf-8"?><testsuites name="pytest tests"><testsuite name="pytest" errors="0" failures="0" skipped="1" tests="13" time="4.515" timestamp="2026-03-05T20:37:52.306202+00:00" hostname="agent-env-dd4689e7-6442-4ec7-826a-e05c9c7363c3"><testcase classname="backend.tests.test_product_edit_stock.TestProductEdit" name="test_seller_login_success" time="0.232" /><testcase classname="backend.tests.test_product_edit_stock.TestProductEdit" name="test_get_seller_products" time="0.241" /><testcase classname="backend.tests.test_product_edit_stock.TestProductEdit" name="test_update_product_price" time="0.500" /><testcase classname="backend.tests.test_product_edit_stock.TestProductEdit" name="test_update_product_stock" time="0.375" /><testcase classname="backend.tests.test_product_edit_stock.TestProductEdit" name="test_update_both_price_and_stock" time="0.542" /><testcase classname="backend.tests.test_product_edit_stock.TestProductEdit" name="test_unauthorized_product_update_rejected" time="0.238" /><testcase classname="backend.tests.test_product_edit_stock.TestProductEdit" name="test_unauthenticated_product_update_rejected" time="0.127" /><testcase classname="backend.tests.test_product_edit_stock.TestStockDecrement" name="test_customer_login_success" time="0.106" /><testcase classname="backend.tests.test_product_edit_stock.TestStockDecrement" name="test_get_available_products" time="0.133" /><testcase classname="backend.tests.test_product_edit_stock.TestStockDecrement" name="test_add_to_cart" time="0.462" /><testcase classname="backend.tests.test_product_edit_stock.TestStockDecrement" name="test_stock_decrements_on_order" time="0.594"><skipped type="pytest.skip" message="Could not create order: {&quot;detail&quot;:[{&quot;type&quot;:&quot;missing&quot;,&quot;loc&quot;:[&quot;body&quot;,&quot;items&quot;],&quot;msg&quot;:&quot;Field required&quot;,&quot;input&quot;:{&quot;address&quot;:&quot;شارع الحمرا، بناء 5، طابق 2&quot;,&quot;city&quot;:&quot;دمشق&quot;,&quot;phone&quot;:&quot;0933333333&quot;,&quot;payment_method&quot;:&quot;shamcash&quot;,&quot;payment_phone&quot;:&quot;0933333333&quot;},&quot;url&quot;:&quot;https://errors.pydantic.dev/2.12/v/missing&quot;}]}">/app/backend/tests/test_product_edit_stock.py:347: Could not create order: {"detail":[{"type":"missing","loc":["body","items"],"msg":"Field required","input":{"address":"شارع الحمرا، بناء 5، طابق 2","city":"دمشق","phone":"0933333333","payment_method":"shamcash","payment_phone":"0933333333"},"url":"https://errors.pydantic.dev/2.12/v/missing"}]}</skipped></testcase><testcase classname="backend.tests.test_product_edit_stock.TestProductUpdateSchema" name="test_update_with_price_only" time="0.506" /><testcase classname="backend.tests.test_product_edit_stock.TestProductUpdateSchema" name="test_update_with_stock_only" time="0.348" /></testsuite></testsuites>