<?xml version="1.0" encoding="utf-8"?><testsuites name="pytest tests"><testsuite name="pytest" errors="1" failures="0" skipped="2" tests="18" time="5.194" timestamp="2026-03-14T22:23:18.310962+00:00" hostname="agent-env-dd4689e7-6442-4ec7-826a-e05c9c7363c3"><testcase classname="tests.test_product_delivery_pickup_code.TestProductDeliveryPickupCode" name="test_01_driver_login" time="0.496" /><testcase classname="tests.test_product_delivery_pickup_code.TestProductDeliveryPickupCode" name="test_02_admin_login" time="0.383" /><testcase classname="tests.test_product_delivery_pickup_code.TestProductDeliveryPickupCode" name="test_03_get_my_product_orders_endpoint" time="0.132" /><testcase classname="tests.test_product_delivery_pickup_code.TestProductDeliveryPickupCode" name="test_04_my_product_orders_delivery_only" time="0.141" /><testcase classname="tests.test_product_delivery_pickup_code.TestProductDeliveryPickupCode" name="test_05_find_shipped_order_for_testing" time="0.136" /><testcase classname="tests.test_product_delivery_pickup_code.TestProductDeliveryPickupCode" name="test_06_set_driver_available_before_accepting" time="0.144" /><testcase classname="tests.test_product_delivery_pickup_code.TestProductDeliveryPickupCode" name="test_07_accept_product_order_endpoint" time="0.209" /><testcase classname="tests.test_product_delivery_pickup_code.TestProductDeliveryPickupCode" name="test_08_find_or_create_seller" time="0.152" /><testcase classname="tests.test_product_delivery_pickup_code.TestProductDeliveryPickupCode" name="test_09_seller_ship_order_generates_pickup_code" time="0.163" /><testcase classname="tests.test_product_delivery_pickup_code.TestProductDeliveryPickupCode" name="test_10_seller_get_pickup_code" time="0.139" /><testcase classname="tests.test_product_delivery_pickup_code.TestProductDeliveryPickupCode" name="test_11_driver_verify_pickup_wrong_code" time="0.143" /><testcase classname="tests.test_product_delivery_pickup_code.TestProductDeliveryPickupCode" name="test_12_driver_verify_pickup_correct_code" time="0.000"><skipped type="pytest.skip" message="No test order or pickup code available">/app/backend/tests/test_product_delivery_pickup_code.py:305: No test order or pickup code available</skipped></testcase><testcase classname="tests.test_product_delivery_pickup_code.TestProductDeliveryPickupCode" name="test_13_order_has_delivery_deadline_info" time="0.130" /><testcase classname="tests.test_product_delivery_pickup_code.TestProductOrderAcceptLimit" name="test_max_orders_is_7" time="0.898" /><testcase classname="tests.test_product_delivery_pickup_code.TestProductOrderAcceptLimit" name="test_order_info_in_my_product_orders" time="0.841" /><testcase classname="tests.test_product_delivery_pickup_code.TestSellerPickupCodeFlow" name="test_get_order_for_shipping" time="0.482" /><testcase classname="tests.test_product_delivery_pickup_code.TestSellerPickupCodeFlow" name="test_ship_order_returns_pickup_code" time="0.374"><skipped type="pytest.skip" message="No order available to ship">/app/backend/tests/test_product_delivery_pickup_code.py:462: No order available to ship</skipped></testcase><testcase classname="tests.test_product_delivery_pickup_code.TestSellerPickupCodeFlow" name="test_get_pickup_code_after_shipped" time="0.128"><error message="failed on setup with &quot;assert 429 == 200&#10; +  where 429 = &lt;Response [429]&gt;.status_code&quot;">tests/test_product_delivery_pickup_code.py:434: in setup
    assert response.status_code == 200
E   assert 429 == 200
E    +  where 429 = &lt;Response [429]&gt;.status_code</error></testcase></testsuite></testsuites>