<?xml version="1.0" encoding="utf-8"?><testsuites name="pytest tests"><testsuite name="pytest" errors="0" failures="0" skipped="0" tests="19" time="10.165" timestamp="2026-03-21T20:56:34.823179+00:00" hostname="agent-env-dd4689e7-6442-4ec7-826a-e05c9c7363c3"><testcase classname="backend.tests.test_buy_x_get_y_daily_deals.TestAdminBuyXGetYOffers" name="test_admin_login" time="0.722" /><testcase classname="backend.tests.test_buy_x_get_y_daily_deals.TestAdminBuyXGetYOffers" name="test_create_buy_x_get_y_offer" time="0.480" /><testcase classname="backend.tests.test_buy_x_get_y_daily_deals.TestAdminBuyXGetYOffers" name="test_create_percentage_discount_offer" time="0.640" /><testcase classname="backend.tests.test_buy_x_get_y_daily_deals.TestAdminBuyXGetYOffers" name="test_create_fixed_discount_offer" time="0.468" /><testcase classname="backend.tests.test_buy_x_get_y_daily_deals.TestAdminBuyXGetYOffers" name="test_create_offer_for_specific_store" time="0.562" /><testcase classname="backend.tests.test_buy_x_get_y_daily_deals.TestAdminBuyXGetYOffers" name="test_get_all_food_offers" time="0.462" /><testcase classname="backend.tests.test_buy_x_get_y_daily_deals.TestAdminBuyXGetYOffers" name="test_create_offer_missing_name" time="0.429" /><testcase classname="backend.tests.test_buy_x_get_y_daily_deals.TestAdminBuyXGetYOffers" name="test_create_offer_missing_type" time="0.460" /><testcase classname="backend.tests.test_buy_x_get_y_daily_deals.TestAdminBuyXGetYOffers" name="test_get_food_stores_list" time="0.486" /><testcase classname="backend.tests.test_buy_x_get_y_daily_deals.TestSellerDailyDealRequests" name="test_seller_login" time="0.693" /><testcase classname="backend.tests.test_buy_x_get_y_daily_deals.TestSellerDailyDealRequests" name="test_get_seller_store_and_products" time="0.449" /><testcase classname="backend.tests.test_buy_x_get_y_daily_deals.TestSellerDailyDealRequests" name="test_create_daily_deal_request" time="0.540" /><testcase classname="backend.tests.test_buy_x_get_y_daily_deals.TestSellerDailyDealRequests" name="test_create_daily_deal_request_invalid_discount" time="0.532" /><testcase classname="backend.tests.test_buy_x_get_y_daily_deals.TestSellerDailyDealRequests" name="test_create_daily_deal_request_high_discount" time="0.548" /><testcase classname="backend.tests.test_buy_x_get_y_daily_deals.TestSellerDailyDealRequests" name="test_get_my_deal_requests" time="0.437" /><testcase classname="backend.tests.test_buy_x_get_y_daily_deals.TestAdminDealRequestsManagement" name="test_get_all_deal_requests" time="0.457" /><testcase classname="backend.tests.test_buy_x_get_y_daily_deals.TestFlashSaleRequestsInAdmin" name="test_get_flash_sale_requests" time="0.442" /><testcase classname="backend.tests.test_buy_x_get_y_daily_deals.TestFlashSaleRequestsInAdmin" name="test_get_flash_sales" time="0.422" /><testcase classname="backend.tests.test_buy_x_get_y_daily_deals.TestCleanup" name="test_cleanup_test_offers" time="0.868" /></testsuite></testsuites>