<?xml version="1.0" encoding="utf-8"?><testsuites name="pytest tests"><testsuite name="pytest" errors="0" failures="0" skipped="0" tests="8" time="2.593" timestamp="2026-03-17T20:54:27.364300+00:00" hostname="agent-env-dd4689e7-6442-4ec7-826a-e05c9c7363c3"><testcase classname="tests.test_recommendations_flickering.TestRecommendationsAPI" name="test_trending_products_endpoint" time="0.188" /><testcase classname="tests.test_recommendations_flickering.TestRecommendationsAPI" name="test_deals_products_endpoint" time="0.206" /><testcase classname="tests.test_recommendations_flickering.TestRecommendationsAPI" name="test_new_products_endpoint" time="0.123" /><testcase classname="tests.test_recommendations_flickering.TestRecommendationsAPI" name="test_product_badges_endpoint" time="0.158" /><testcase classname="tests.test_recommendations_flickering.TestRecommendationsAPI" name="test_all_endpoints_concurrent" time="0.310" /><testcase classname="tests.test_recommendations_flickering.TestRecommendationsDataConsistency" name="test_trending_data_consistency" time="0.612" /><testcase classname="tests.test_recommendations_flickering.TestRecommendationsDataConsistency" name="test_deals_data_consistency" time="0.407" /><testcase classname="tests.test_recommendations_flickering.TestRecommendationsDataConsistency" name="test_new_products_data_consistency" time="0.522" /></testsuite></testsuites>