<?xml version="1.0" encoding="utf-8"?><testsuites name="pytest tests"><testsuite name="pytest" errors="0" failures="0" skipped="0" tests="18" time="73.970" timestamp="2026-03-07T08:32:57.766244+00:00" hostname="agent-env-dd4689e7-6442-4ec7-826a-e05c9c7363c3"><testcase classname="backend.tests.test_referrals.TestReferralSystem" name="test_get_my_referral_code" time="0.361" /><testcase classname="backend.tests.test_referrals.TestReferralSystem" name="test_get_my_referral_code_admin" time="0.295" /><testcase classname="backend.tests.test_referrals.TestReferralSystem" name="test_get_my_referral_code_unauthorized" time="0.323" /><testcase classname="backend.tests.test_referrals.TestReferralSystem" name="test_validate_referral_code_valid" time="0.302" /><testcase classname="backend.tests.test_referrals.TestReferralSystem" name="test_validate_referral_code_case_insensitive" time="0.349" /><testcase classname="backend.tests.test_referrals.TestReferralSystem" name="test_validate_referral_code_invalid" time="0.407" /><testcase classname="backend.tests.test_referrals.TestReferralSystem" name="test_validate_referral_code_empty" time="0.309" /><testcase classname="backend.tests.test_referrals.TestReferralSystem" name="test_apply_referral_code_own_code" time="0.313" /><testcase classname="backend.tests.test_referrals.TestReferralSystem" name="test_apply_referral_code_empty" time="0.299" /><testcase classname="backend.tests.test_referrals.TestReferralSystem" name="test_apply_referral_code_invalid" time="0.307" /><testcase classname="backend.tests.test_referrals.TestReferralSystem" name="test_get_my_referrals" time="0.300" /><testcase classname="backend.tests.test_referrals.TestReferralSystem" name="test_get_my_referrals_unauthorized" time="0.312" /><testcase classname="backend.tests.test_referrals.TestReferralSystem" name="test_admin_stats_as_admin" time="0.322" /><testcase classname="backend.tests.test_referrals.TestReferralSystem" name="test_admin_stats_as_buyer" time="0.306" /><testcase classname="backend.tests.test_referrals.TestReferralSystem" name="test_admin_settings_get" time="0.303" /><testcase classname="backend.tests.test_referrals.TestReferralSystem" name="test_admin_settings_get_as_buyer" time="68.360" /><testcase classname="backend.tests.test_referrals.TestReferralSystem" name="test_admin_settings_update" time="0.411" /><testcase classname="backend.tests.test_referrals.TestReferralSystem" name="test_admin_settings_update_as_buyer" time="0.317" /></testsuite></testsuites>