<?xml version="1.0" encoding="utf-8"?><testsuites name="pytest tests"><testsuite name="pytest" errors="0" failures="0" skipped="0" tests="10" time="6.392" timestamp="2026-04-22T18:38:36.411457+00:00" hostname="agent-env-dd4689e7-6442-4ec7-826a-e05c9c7363c3"><testcase classname="backend.tests.test_region_restriction_system.TestAllowedRegionsAPI" name="test_allowed_regions_endpoint_returns_200" time="4.590" /><testcase classname="backend.tests.test_region_restriction_system.TestAllowedRegionsAPI" name="test_allowed_regions_has_required_fields" time="0.188" /><testcase classname="backend.tests.test_region_restriction_system.TestAllowedRegionsAPI" name="test_allowed_regions_cities_structure" time="0.121" /><testcase classname="backend.tests.test_region_restriction_system.TestAllowedRegionsAPI" name="test_aleppo_is_allowed" time="0.119" /><testcase classname="backend.tests.test_region_restriction_system.TestAllowedRegionsAPI" name="test_blocked_message_is_set" time="0.200" /><testcase classname="backend.tests.test_region_restriction_system.TestPublicAPIsAccessible" name="test_health_endpoint" time="0.118" /><testcase classname="backend.tests.test_region_restriction_system.TestPublicAPIsAccessible" name="test_categories_endpoint" time="0.122" /><testcase classname="backend.tests.test_region_restriction_system.TestPublicAPIsAccessible" name="test_products_endpoint" time="0.183" /><testcase classname="backend.tests.test_region_restriction_system.TestPublicAPIsAccessible" name="test_public_settings_endpoint" time="0.181" /><testcase classname="backend.tests.test_region_restriction_system.TestRegionServiceIntegration" name="test_region_check_does_not_block_browsing" time="0.500" /></testsuite></testsuites>