<?xml version="1.0" encoding="utf-8"?><testsuites name="pytest tests"><testsuite name="pytest" errors="0" failures="2" skipped="0" tests="16" time="4.325" timestamp="2026-03-22T00:27:51.908607+00:00" hostname="agent-env-dd4689e7-6442-4ec7-826a-e05c9c7363c3"><testcase classname="backend.tests.test_registration_flow.TestBuyerRegistration" name="test_register_buyer_success" time="0.393" /><testcase classname="backend.tests.test_registration_flow.TestBuyerRegistration" name="test_register_buyer_duplicate_phone" time="0.452" /><testcase classname="backend.tests.test_registration_flow.TestBuyerRegistration" name="test_register_buyer_invalid_phone" time="0.116" /><testcase classname="backend.tests.test_registration_flow.TestBuyerRegistration" name="test_register_buyer_weak_password" time="0.117" /><testcase classname="backend.tests.test_registration_flow.TestBuyerRegistration" name="test_register_buyer_incomplete_name" time="0.128" /><testcase classname="backend.tests.test_registration_flow.TestSellerRegistration" name="test_register_seller_success" time="0.337" /><testcase classname="backend.tests.test_registration_flow.TestDeliveryRegistration" name="test_register_delivery_success" time="0.117"><failure message="assert 429 == 200&#10; +  where 429 = &lt;Response [429]&gt;.status_code">backend/tests/test_registration_flow.py:167: in test_register_delivery_success
    assert response.status_code == 200
E   assert 429 == 200
E    +  where 429 = &lt;Response [429]&gt;.status_code</failure></testcase><testcase classname="backend.tests.test_registration_flow.TestLoginFlow" name="test_login_admin_success" time="0.345" /><testcase classname="backend.tests.test_registration_flow.TestLoginFlow" name="test_login_invalid_credentials" time="0.328" /><testcase classname="backend.tests.test_registration_flow.TestLoginFlow" name="test_login_nonexistent_user" time="0.328" /><testcase classname="backend.tests.test_registration_flow.TestLoginFlow" name="test_register_and_login" time="0.100"><failure message="assert 429 == 200&#10; +  where 429 = &lt;Response [429]&gt;.status_code">backend/tests/test_registration_flow.py:233: in test_register_and_login
    assert reg_response.status_code == 200
E   assert 429 == 200
E    +  where 429 = &lt;Response [429]&gt;.status_code</failure></testcase><testcase classname="backend.tests.test_registration_flow.TestVehicleTypes" name="test_get_vehicle_types" time="0.102" /><testcase classname="backend.tests.test_registration_flow.TestSellerTypes" name="test_get_seller_types" time="0.136" /><testcase classname="backend.tests.test_registration_flow.TestAdminJoinRequests" name="test_admin_can_see_pending_sellers" time="0.443" /><testcase classname="backend.tests.test_registration_flow.TestAdminJoinRequests" name="test_admin_can_see_pending_drivers" time="0.439" /><testcase classname="backend.tests.test_registration_flow.TestCities" name="test_register_with_different_cities" time="0.355" /></testsuite></testsuites>