<?xml version="1.0" encoding="utf-8"?><testsuites name="pytest tests"><testsuite name="pytest" errors="0" failures="0" skipped="0" tests="11" time="3.456" timestamp="2026-03-16T20:03:57.095983+00:00" hostname="agent-env-dd4689e7-6442-4ec7-826a-e05c9c7363c3"><testcase classname="backend.tests.test_removebg_exports_weather.TestImageProcessingStatus" name="test_image_status_returns_premium_available" time="0.593" /><testcase classname="backend.tests.test_removebg_exports_weather.TestImageProcessingStatus" name="test_image_status_contains_service_info" time="0.270" /><testcase classname="backend.tests.test_removebg_exports_weather.TestImageBackgrounds" name="test_get_backgrounds_list" time="0.145" /><testcase classname="backend.tests.test_removebg_exports_weather.TestReportsExport" name="test_sales_excel_export" time="0.174" /><testcase classname="backend.tests.test_removebg_exports_weather.TestReportsExport" name="test_sales_pdf_export" time="0.179" /><testcase classname="backend.tests.test_removebg_exports_weather.TestReportsExport" name="test_products_excel_export" time="0.208" /><testcase classname="backend.tests.test_removebg_exports_weather.TestReportsExport" name="test_analytics_excel_export" time="0.124" /><testcase classname="backend.tests.test_removebg_exports_weather.TestReportsExport" name="test_sales_excel_with_different_days" time="0.389" /><testcase classname="backend.tests.test_removebg_exports_weather.TestWeatherAPI" name="test_weather_endpoint_exists" time="0.435" /><testcase classname="backend.tests.test_removebg_exports_weather.TestWeatherAPI" name="test_openweathermap_api_direct" time="0.190" /><testcase classname="backend.tests.test_removebg_exports_weather.TestAuthAndSellerAccess" name="test_seller_can_export_reports_with_auth" time="0.674" /></testsuite></testsuites>