<?xml version="1.0" encoding="utf-8"?><testsuites name="pytest tests"><testsuite name="pytest" errors="0" failures="1" skipped="3" tests="19" time="29.656" timestamp="2026-03-17T05:20:34.522204+00:00" hostname="agent-env-dd4689e7-6442-4ec7-826a-e05c9c7363c3"><testcase classname="backend.tests.test_security_performance.TestLoginForcePasswordChange" name="test_admin_login_returns_force_password_change" time="0.439"><failure message="AssertionError: Login failed: {&quot;detail&quot;:&quot;رقم الهاتف أو كلمة المرور غير صحيحة&quot;}&#10;assert 401 == 200&#10; +  where 401 = &lt;Response [401]&gt;.status_code">backend/tests/test_security_performance.py:50: in test_admin_login_returns_force_password_change
    assert response.status_code == 200, f"Login failed: {response.text}"
E   AssertionError: Login failed: {"detail":"رقم الهاتف أو كلمة المرور غير صحيحة"}
E   assert 401 == 200
E    +  where 401 = &lt;Response [401]&gt;.status_code</failure></testcase><testcase classname="backend.tests.test_security_performance.TestLoginForcePasswordChange" name="test_buyer_default_account_force_password_change" time="2.376" /><testcase classname="backend.tests.test_security_performance.TestLoginForcePasswordChange" name="test_delivery_default_account_force_password_change" time="2.355" /><testcase classname="backend.tests.test_security_performance.TestPasswordValidation" name="test_change_password_rejects_short_password" time="2.710" /><testcase classname="backend.tests.test_security_performance.TestPasswordValidation" name="test_change_password_rejects_no_digit" time="3.687" /><testcase classname="backend.tests.test_security_performance.TestPasswordValidation" name="test_change_password_accepts_strong_password" time="5.601" /><testcase classname="backend.tests.test_security_performance.TestPasswordValidation" name="test_change_password_wrong_current_password" time="2.341"><skipped type="pytest.skip" message="Could not get auth token">/app/backend/tests/test_security_performance.py:204: Could not get auth token</skipped></testcase><testcase classname="backend.tests.test_security_performance.TestSecurityHeaders" name="test_security_headers_present" time="0.107" /><testcase classname="backend.tests.test_security_performance.TestSecurityHeaders" name="test_x_response_time_header" time="0.146" /><testcase classname="backend.tests.test_security_performance.TestCacheHeaders" name="test_api_cache_control_headers" time="0.112" /><testcase classname="backend.tests.test_security_performance.TestCacheHeaders" name="test_auth_endpoint_no_cache" time="2.327" /><testcase classname="backend.tests.test_security_performance.TestRateLimiting" name="test_login_rate_limiting" time="0.953" /><testcase classname="backend.tests.test_security_performance.TestPerformance" name="test_categories_endpoint_performance" time="0.728" /><testcase classname="backend.tests.test_security_performance.TestPerformance" name="test_products_endpoint_performance" time="0.107" /><testcase classname="backend.tests.test_security_performance.TestPerformance" name="test_health_check_performance" time="0.102" /><testcase classname="backend.tests.test_security_performance.TestDatabaseIndexes" name="test_performance_stats_endpoint" time="0.108" /><testcase classname="backend.tests.test_security_performance.TestAuthenticationFlow" name="test_login_returns_required_fields" time="3.126"><skipped type="pytest.skip" message="Rate limit exceeded">/app/backend/tests/test_security_performance.py:414: Rate limit exceeded</skipped></testcase><testcase classname="backend.tests.test_security_performance.TestAuthenticationFlow" name="test_me_endpoint_requires_auth" time="0.129" /><testcase classname="backend.tests.test_security_performance.TestAuthenticationFlow" name="test_me_endpoint_with_token" time="2.099"><skipped type="pytest.skip" message="Rate limit exceeded">/app/backend/tests/test_security_performance.py:450: Rate limit exceeded</skipped></testcase></testsuite></testsuites>