<?xml version="1.0" encoding="utf-8"?><testsuites name="pytest tests"><testsuite name="pytest" errors="6" failures="6" skipped="0" tests="22" time="4.197" timestamp="2026-04-25T01:48:55.263113+00:00" hostname="agent-env-dd4689e7-6442-4ec7-826a-e05c9c7363c3"><testcase classname="backend.tests.test_seller_dependencies_verification.TestAuthEndpoints" name="test_login_success" time="0.498" /><testcase classname="backend.tests.test_seller_dependencies_verification.TestAuthEndpoints" name="test_login_invalid_credentials" time="0.129" /><testcase classname="backend.tests.test_seller_dependencies_verification.TestAuthEndpoints" name="test_auth_me_with_token" time="0.479" /><testcase classname="backend.tests.test_seller_dependencies_verification.TestAuthEndpoints" name="test_auth_me_without_token" time="0.145" /><testcase classname="backend.tests.test_seller_dependencies_verification.TestPublicEndpoints" name="test_categories_public" time="0.105" /><testcase classname="backend.tests.test_seller_dependencies_verification.TestPublicEndpoints" name="test_templates_list_public" time="0.117" /><testcase classname="backend.tests.test_seller_dependencies_verification.TestSellerDependencies" name="test_store_settings_requires_seller" time="0.526" /><testcase classname="backend.tests.test_seller_dependencies_verification.TestSellerDependencies" name="test_store_settings_requires_auth" time="0.106" /><testcase classname="backend.tests.test_seller_dependencies_verification.TestSellerDependencies" name="test_check_balance_requires_seller" time="0.467" /><testcase classname="backend.tests.test_seller_dependencies_verification.TestSellerDependencies" name="test_check_balance_requires_auth" time="0.110" /><testcase classname="backend.tests.test_seller_dependencies_verification.TestAdminDependencies" name="test_create_category_requires_admin" time="0.107"><error message="failed on setup with &quot;assert 429 == 200&#10; +  where 429 = &lt;Response [429]&gt;.status_code&quot;">backend/tests/test_seller_dependencies_verification.py:207: in admin_token
    assert response.status_code == 200
E   assert 429 == 200
E    +  where 429 = &lt;Response [429]&gt;.status_code</error></testcase><testcase classname="backend.tests.test_seller_dependencies_verification.TestAdminDependencies" name="test_create_category_requires_auth" time="0.104"><failure message="AssertionError: Expected 401, got 429&#10;assert 429 == 401&#10; +  where 429 = &lt;Response [429]&gt;.status_code">backend/tests/test_seller_dependencies_verification.py:252: in test_create_category_requires_auth
    assert response.status_code == 401, f"Expected 401, got {response.status_code}"
E   AssertionError: Expected 401, got 429
E   assert 429 == 401
E    +  where 429 = &lt;Response [429]&gt;.status_code</failure></testcase><testcase classname="backend.tests.test_seller_dependencies_verification.TestAdminDependencies" name="test_update_category_requires_admin" time="0.115"><error message="failed on setup with &quot;assert 429 == 200&#10; +  where 429 = &lt;Response [429]&gt;.status_code&quot;">backend/tests/test_seller_dependencies_verification.py:207: in admin_token
    assert response.status_code == 200
E   assert 429 == 200
E    +  where 429 = &lt;Response [429]&gt;.status_code</error></testcase><testcase classname="backend.tests.test_seller_dependencies_verification.TestAdminDependencies" name="test_delete_category_requires_main_admin" time="0.106"><error message="failed on setup with &quot;assert 429 == 200&#10; +  where 429 = &lt;Response [429]&gt;.status_code&quot;">backend/tests/test_seller_dependencies_verification.py:207: in admin_token
    assert response.status_code == 200
E   assert 429 == 200
E    +  where 429 = &lt;Response [429]&gt;.status_code</error></testcase><testcase classname="backend.tests.test_seller_dependencies_verification.TestCategorySuggestions" name="test_suggest_category_requires_seller" time="0.106"><error message="failed on setup with &quot;assert 429 == 200&#10; +  where 429 = &lt;Response [429]&gt;.status_code&quot;">backend/tests/test_seller_dependencies_verification.py:295: in admin_token
    assert response.status_code == 200
E   assert 429 == 200
E    +  where 429 = &lt;Response [429]&gt;.status_code</error></testcase><testcase classname="backend.tests.test_seller_dependencies_verification.TestCategorySuggestions" name="test_get_all_suggestions_requires_admin" time="0.103"><error message="failed on setup with &quot;assert 429 == 200&#10; +  where 429 = &lt;Response [429]&gt;.status_code&quot;">backend/tests/test_seller_dependencies_verification.py:295: in admin_token
    assert response.status_code == 200
E   assert 429 == 200
E    +  where 429 = &lt;Response [429]&gt;.status_code</error></testcase><testcase classname="backend.tests.test_seller_dependencies_verification.TestDatetimeHelper" name="test_categories_have_created_at" time="0.124"><failure message="assert 429 == 200&#10; +  where 429 = &lt;Response [429]&gt;.status_code">backend/tests/test_seller_dependencies_verification.py:336: in test_categories_have_created_at
    assert response.status_code == 200
E   assert 429 == 200
E    +  where 429 = &lt;Response [429]&gt;.status_code</failure></testcase><testcase classname="backend.tests.test_seller_dependencies_verification.TestRegressionChecks" name="test_food_categories" time="0.102"><failure message="AssertionError: Food categories failed: {&quot;detail&quot;:&quot;تم حظرك مؤقتاً. حاول بعد 299 ثانية&quot;,&quot;error_code&quot;:&quot;RATE_LIMIT_EXCEEDED&quot;}&#10;assert 429 == 200&#10; +  where 429 = &lt;Response [429]&gt;.status_code">backend/tests/test_seller_dependencies_verification.py:369: in test_food_categories
    assert response.status_code == 200, f"Food categories failed: {response.text}"
E   AssertionError: Food categories failed: {"detail":"تم حظرك مؤقتاً. حاول بعد 299 ثانية","error_code":"RATE_LIMIT_EXCEEDED"}
E   assert 429 == 200
E    +  where 429 = &lt;Response [429]&gt;.status_code</failure></testcase><testcase classname="backend.tests.test_seller_dependencies_verification.TestRegressionChecks" name="test_shopping_categories" time="0.119"><failure message="AssertionError: Shopping categories failed: {&quot;detail&quot;:&quot;تم حظرك مؤقتاً. حاول بعد 299 ثانية&quot;,&quot;error_code&quot;:&quot;RATE_LIMIT_EXCEEDED&quot;}&#10;assert 429 == 200&#10; +  where 429 = &lt;Response [429]&gt;.status_code">backend/tests/test_seller_dependencies_verification.py:383: in test_shopping_categories
    assert response.status_code == 200, f"Shopping categories failed: {response.text}"
E   AssertionError: Shopping categories failed: {"detail":"تم حظرك مؤقتاً. حاول بعد 299 ثانية","error_code":"RATE_LIMIT_EXCEEDED"}
E   assert 429 == 200
E    +  where 429 = &lt;Response [429]&gt;.status_code</failure></testcase><testcase classname="backend.tests.test_seller_dependencies_verification.TestRegressionChecks" name="test_hierarchical_categories" time="0.116"><failure message="AssertionError: Hierarchical categories failed: {&quot;detail&quot;:&quot;تم حظرك مؤقتاً. حاول بعد 298 ثانية&quot;,&quot;error_code&quot;:&quot;RATE_LIMIT_EXCEEDED&quot;}&#10;assert 429 == 200&#10; +  where 429 = &lt;Response [429]&gt;.status_code">backend/tests/test_seller_dependencies_verification.py:397: in test_hierarchical_categories
    assert response.status_code == 200, f"Hierarchical categories failed: {response.text}"
E   AssertionError: Hierarchical categories failed: {"detail":"تم حظرك مؤقتاً. حاول بعد 298 ثانية","error_code":"RATE_LIMIT_EXCEEDED"}
E   assert 429 == 200
E    +  where 429 = &lt;Response [429]&gt;.status_code</failure></testcase><testcase classname="backend.tests.test_seller_dependencies_verification.TestRegressionChecks" name="test_templates_apply_free" time="0.117"><failure message="AssertionError: Unexpected status: 429&#10;assert 429 in [422, 400]&#10; +  where 429 = &lt;Response [429]&gt;.status_code">backend/tests/test_seller_dependencies_verification.py:409: in test_templates_apply_free
    assert response.status_code in [422, 400], f"Unexpected status: {response.status_code}"
E   AssertionError: Unexpected status: 429
E   assert 429 in [422, 400]
E    +  where 429 = &lt;Response [429]&gt;.status_code</failure></testcase><testcase classname="backend.tests.test_seller_dependencies_verification.TestRegressionChecks" name="test_seller_documents_endpoint" time="0.126"><error message="failed on setup with &quot;assert 429 == 200&#10; +  where 429 = &lt;Response [429]&gt;.status_code&quot;">backend/tests/test_seller_dependencies_verification.py:362: in admin_token
    assert response.status_code == 200
E   assert 429 == 200
E    +  where 429 = &lt;Response [429]&gt;.status_code</error></testcase></testsuite></testsuites>