<?xml version="1.0" encoding="utf-8"?><testsuites name="pytest tests"><testsuite name="pytest" errors="0" failures="0" skipped="0" tests="15" time="8.305" timestamp="2026-04-04T13:54:34.237775+00:00" hostname="agent-env-dd4689e7-6442-4ec7-826a-e05c9c7363c3"><testcase classname="backend.tests.test_seller_foodstore_management.TestAdminAuth" name="test_admin_login" time="0.442" /><testcase classname="backend.tests.test_seller_foodstore_management.TestSellerManagement" name="test_get_sellers_with_status" time="0.510" /><testcase classname="backend.tests.test_seller_foodstore_management.TestSellerManagement" name="test_get_sellers_with_status_unauthorized" time="0.512" /><testcase classname="backend.tests.test_seller_foodstore_management.TestSellerManagement" name="test_suspend_seller_not_found" time="0.489" /><testcase classname="backend.tests.test_seller_foodstore_management.TestSellerManagement" name="test_activate_seller_not_found" time="0.445" /><testcase classname="backend.tests.test_seller_foodstore_management.TestSellerManagement" name="test_suspend_and_activate_seller_flow" time="0.909" /><testcase classname="backend.tests.test_seller_foodstore_management.TestFoodStoreManagement" name="test_get_food_stores_with_status" time="0.522" /><testcase classname="backend.tests.test_seller_foodstore_management.TestFoodStoreManagement" name="test_get_food_stores_with_status_unauthorized" time="0.430" /><testcase classname="backend.tests.test_seller_foodstore_management.TestFoodStoreManagement" name="test_suspend_food_store_not_found" time="0.466" /><testcase classname="backend.tests.test_seller_foodstore_management.TestFoodStoreManagement" name="test_activate_food_store_not_found" time="0.449" /><testcase classname="backend.tests.test_seller_foodstore_management.TestFoodStoreManagement" name="test_suspend_and_activate_food_store_flow" time="0.912" /><testcase classname="backend.tests.test_seller_foodstore_management.TestSelfAccountDeletion" name="test_delete_account_unauthorized" time="0.414" /><testcase classname="backend.tests.test_seller_foodstore_management.TestSelfAccountDeletion" name="test_delete_account_admin_not_allowed" time="0.479" /><testcase classname="backend.tests.test_seller_foodstore_management.TestAllSellersEndpoint" name="test_get_all_sellers" time="0.650" /><testcase classname="backend.tests.test_seller_foodstore_management.TestAllFoodStoresEndpoint" name="test_get_all_food_stores" time="0.590" /></testsuite></testsuites>