<?xml version="1.0" encoding="utf-8"?><testsuites name="pytest tests"><testsuite name="pytest" errors="0" failures="0" skipped="0" tests="8" time="1.398" timestamp="2026-04-24T18:23:15.172649+00:00" hostname="agent-env-dd4689e7-6442-4ec7-826a-e05c9c7363c3"><testcase classname="backend.tests.test_seller_registration_fixes.TestHealthAndCategories" name="test_health_endpoint" time="0.161" /><testcase classname="backend.tests.test_seller_registration_fixes.TestHealthAndCategories" name="test_categories_endpoint" time="0.130" /><testcase classname="backend.tests.test_seller_registration_fixes.TestHealthAndCategories" name="test_business_categories_for_seller" time="0.144" /><testcase classname="backend.tests.test_seller_registration_fixes.TestHealthAndCategories" name="test_business_categories_for_food_seller" time="0.120" /><testcase classname="backend.tests.test_seller_registration_fixes.TestAuthEndpoints" name="test_login_with_valid_credentials" time="0.375" /><testcase classname="backend.tests.test_seller_registration_fixes.TestAuthEndpoints" name="test_login_with_invalid_credentials" time="0.327" /><testcase classname="backend.tests.test_seller_registration_fixes.TestShamCashValidation" name="test_valid_32_hex_format" time="0.000" /><testcase classname="backend.tests.test_seller_registration_fixes.TestShamCashValidation" name="test_invalid_formats" time="0.000" /></testsuite></testsuites>