<?xml version="1.0" encoding="utf-8"?><testsuites name="pytest tests"><testsuite name="pytest" errors="0" failures="0" skipped="1" tests="11" time="2.772" timestamp="2026-03-09T10:52:03.602711+00:00" hostname="agent-env-dd4689e7-6442-4ec7-826a-e05c9c7363c3"><testcase classname="backend.tests.test_seller_reply.TestSellerReplyFeature" name="test_1_admin_login" time="0.382" /><testcase classname="backend.tests.test_seller_reply.TestSellerReplyFeature" name="test_2_create_seller_account" time="0.120"><skipped type="pytest.skip" message="Seller registration requires approval or has restrictions">/app/backend/tests/test_seller_reply.py:75: Seller registration requires approval or has restrictions</skipped></testcase><testcase classname="backend.tests.test_seller_reply.TestSellerReplyFeature" name="test_3_get_pending_reviews_unauthenticated" time="0.118" /><testcase classname="backend.tests.test_seller_reply.TestSellerReplyFeature" name="test_4_seller_login_and_get_pending_reviews" time="0.459" /><testcase classname="backend.tests.test_seller_reply.TestSellerReplyFeature" name="test_5_reply_to_nonexistent_review" time="0.390" /><testcase classname="backend.tests.test_seller_reply.TestSellerReplyFeature" name="test_6_delete_nonexistent_reply" time="0.382" /><testcase classname="backend.tests.test_seller_reply.TestSellerReplyFeature" name="test_7_get_product_reviews" time="0.165" /><testcase classname="backend.tests.test_seller_reply.TestSellerReplyIntegration" name="test_full_reply_flow_simulation" time="0.379" /><testcase classname="backend.tests.test_seller_reply.TestReviewsAPIBasic" name="test_api_health" time="0.101" /><testcase classname="backend.tests.test_seller_reply.TestReviewsAPIBasic" name="test_get_categories" time="0.098" /><testcase classname="backend.tests.test_seller_reply.TestReviewsAPIBasic" name="test_get_products" time="0.122" /></testsuite></testsuites>