<?xml version="1.0" encoding="utf-8"?><testsuites name="pytest tests"><testsuite name="pytest" errors="0" failures="0" skipped="0" tests="16" time="18.641" timestamp="2026-04-25T01:54:46.397212+00:00" hostname="agent-env-dd4689e7-6442-4ec7-826a-e05c9c7363c3"><testcase classname="backend.tests.test_seller_dependencies_v2.TestCoreAuthEndpoints" name="test_01_login_success" time="1.516" /><testcase classname="backend.tests.test_seller_dependencies_v2.TestCoreAuthEndpoints" name="test_02_auth_me_with_token" time="1.133" /><testcase classname="backend.tests.test_seller_dependencies_v2.TestCoreAuthEndpoints" name="test_03_auth_me_without_token" time="1.123" /><testcase classname="backend.tests.test_seller_dependencies_v2.TestPublicEndpoints" name="test_04_categories_public" time="1.104" /><testcase classname="backend.tests.test_seller_dependencies_v2.TestPublicEndpoints" name="test_05_templates_list_public" time="1.123" /><testcase classname="backend.tests.test_seller_dependencies_v2.TestSellerDependencies" name="test_06_store_settings_requires_seller" time="1.154" /><testcase classname="backend.tests.test_seller_dependencies_v2.TestSellerDependencies" name="test_07_store_settings_requires_auth" time="1.117" /><testcase classname="backend.tests.test_seller_dependencies_v2.TestSellerDependencies" name="test_08_check_balance_requires_seller" time="1.109" /><testcase classname="backend.tests.test_seller_dependencies_v2.TestSellerDependencies" name="test_09_check_balance_requires_auth" time="1.113" /><testcase classname="backend.tests.test_seller_dependencies_v2.TestAdminDependencies" name="test_10_create_category_requires_auth" time="1.117" /><testcase classname="backend.tests.test_seller_dependencies_v2.TestAdminDependencies" name="test_11_create_category_admin_works" time="2.285" /><testcase classname="backend.tests.test_seller_dependencies_v2.TestAdminDependencies" name="test_12_get_all_suggestions_admin" time="1.119" /><testcase classname="backend.tests.test_seller_dependencies_v2.TestCategorySuggestions" name="test_13_suggest_category_requires_seller" time="1.160" /><testcase classname="backend.tests.test_seller_dependencies_v2.TestRegressionChecks" name="test_14_food_categories" time="1.127" /><testcase classname="backend.tests.test_seller_dependencies_v2.TestRegressionChecks" name="test_15_shopping_categories" time="1.147" /><testcase classname="backend.tests.test_seller_dependencies_v2.TestRegressionChecks" name="test_16_seller_documents_status" time="0.119" /></testsuite></testsuites>