<?xml version="1.0" encoding="utf-8"?><testsuites name="pytest tests"><testsuite name="pytest" errors="0" failures="0" skipped="0" tests="9" time="3.097" timestamp="2026-03-19T15:00:39.055033+00:00" hostname="agent-env-dd4689e7-6442-4ec7-826a-e05c9c7363c3"><testcase classname="tests.test_shop_delivery_code.TestShopDeliveryCodeSystem" name="test_verify_code_requires_delivery_user" time="0.544" /><testcase classname="tests.test_shop_delivery_code.TestShopDeliveryCodeSystem" name="test_verify_code_nonexistent_order" time="0.420" /><testcase classname="tests.test_shop_delivery_code.TestShopDeliveryCodeSystem" name="test_verify_code_wrong_code" time="0.484" /><testcase classname="tests.test_shop_delivery_code.TestDeliveryCodeAPIStructure" name="test_verify_code_endpoint_exists" time="0.122" /><testcase classname="tests.test_shop_delivery_code.TestDeliveryCodeAPIStructure" name="test_delivered_endpoint_exists" time="0.119" /><testcase classname="tests.test_shop_delivery_code.TestDeliveryCodeAPIStructure" name="test_verify_code_requires_body" time="0.132" /><testcase classname="tests.test_shop_delivery_code.TestDeliveryCodeIntegration" name="test_delivered_requires_code_verification" time="0.405" /><testcase classname="tests.test_shop_delivery_code.TestDeliveryCodeIntegration" name="test_order_api_returns_delivery_code" time="0.408" /><testcase classname="tests.test_shop_delivery_code.TestDeliveryCodeValidation" name="test_delivery_code_is_4_digits" time="0.390" /></testsuite></testsuites>