<?xml version="1.0" encoding="utf-8"?><testsuites name="pytest tests"><testsuite name="pytest" errors="0" failures="0" skipped="0" tests="13" time="1.851" timestamp="2026-03-14T11:28:07.154895+00:00" hostname="agent-env-dd4689e7-6442-4ec7-826a-e05c9c7363c3"><testcase classname="tests.test_smart_distribution_wait_compensation.TestAuthAndSetup" name="test_01_admin_login" time="0.441" /><testcase classname="tests.test_smart_distribution_wait_compensation.TestAuthAndSetup" name="test_02_driver_login" time="0.328" /><testcase classname="tests.test_smart_distribution_wait_compensation.TestAdminDeliverySettings" name="test_03_get_delivery_settings" time="0.117" /><testcase classname="tests.test_smart_distribution_wait_compensation.TestAdminDeliverySettings" name="test_04_update_delivery_settings" time="0.342" /><testcase classname="tests.test_smart_distribution_wait_compensation.TestStartPreparationAPI" name="test_05_get_store_orders" time="0.114" /><testcase classname="tests.test_smart_distribution_wait_compensation.TestStartPreparationAPI" name="test_06_start_preparation_api_structure" time="0.119" /><testcase classname="tests.test_smart_distribution_wait_compensation.TestDriverArrivalAPI" name="test_07_driver_arrival_api" time="0.110" /><testcase classname="tests.test_smart_distribution_wait_compensation.TestDriverArrivalAPI" name="test_08_driver_already_arrived" time="0.115" /><testcase classname="tests.test_smart_distribution_wait_compensation.TestButtonVisibilityLogic" name="test_09_can_mark_arrived_logic" time="0.000" /><testcase classname="tests.test_smart_distribution_wait_compensation.TestButtonVisibilityLogic" name="test_10_can_confirm_pickup_logic" time="0.000" /><testcase classname="tests.test_smart_distribution_wait_compensation.TestDeliverySettingsUIComponent" name="test_11_wait_compensation_section_fields" time="0.103" /><testcase classname="tests.test_smart_distribution_wait_compensation.TestStoreOrdersTab" name="test_12_preparation_time_options" time="0.000" /><testcase classname="tests.test_smart_distribution_wait_compensation.TestStoreOrdersTab" name="test_13_start_preparation_api_payload" time="0.000" /></testsuite></testsuites>