<?xml version="1.0" encoding="utf-8"?><testsuites name="pytest tests"><testsuite name="pytest" errors="0" failures="0" skipped="0" tests="6" time="0.846" timestamp="2026-03-15T23:05:04.151116+00:00" hostname="agent-env-dd4689e7-6442-4ec7-826a-e05c9c7363c3"><testcase classname="backend.tests.test_store_closed_status.TestStoreClosedStatus" name="test_stores_list_returns_is_open_field" time="0.196" /><testcase classname="backend.tests.test_store_closed_status.TestStoreClosedStatus" name="test_closed_store_shows_correct_status" time="0.127" /><testcase classname="backend.tests.test_store_closed_status.TestStoreClosedStatus" name="test_closed_store_in_list" time="0.113" /><testcase classname="backend.tests.test_store_closed_status.TestStoreClosedStatus" name="test_single_store_endpoint_has_required_fields" time="0.117" /><testcase classname="backend.tests.test_store_closed_status.TestStoreClosedStatus" name="test_working_hours_in_store_detail" time="0.116" /><testcase classname="backend.tests.test_store_closed_status.TestStoreOpenStatus" name="test_stores_without_working_hours_are_open" time="0.114" /></testsuite></testsuites>