<?xml version="1.0" encoding="utf-8"?><testsuites name="pytest tests"><testsuite name="pytest" errors="0" failures="0" skipped="0" tests="18" time="3.337" timestamp="2026-03-19T13:07:03.801515+00:00" hostname="agent-env-dd4689e7-6442-4ec7-826a-e05c9c7363c3"><testcase classname="backend.tests.test_store_toggle_homepage.TestAuthentication" name="test_login_food_seller" time="0.465" /><testcase classname="backend.tests.test_store_toggle_homepage.TestStoreToggleStatus" name="test_toggle_store_close" time="0.528" /><testcase classname="backend.tests.test_store_toggle_homepage.TestStoreToggleStatus" name="test_get_store_status_after_close" time="0.158" /><testcase classname="backend.tests.test_store_toggle_homepage.TestStoreToggleStatus" name="test_stores_list_shows_manual_close" time="0.120" /><testcase classname="backend.tests.test_store_toggle_homepage.TestStoreToggleStatus" name="test_toggle_store_open" time="0.151" /><testcase classname="backend.tests.test_store_toggle_homepage.TestStoreToggleStatus" name="test_get_store_status_after_open" time="0.117" /><testcase classname="backend.tests.test_store_toggle_homepage.TestStoreToggleStatus" name="test_toggle_without_auth_fails" time="0.154" /><testcase classname="backend.tests.test_store_toggle_homepage.TestStoreToggleStatus" name="test_toggle_nonexistent_store" time="0.147" /><testcase classname="backend.tests.test_store_toggle_homepage.TestStoreStatusAPI" name="test_get_store_status" time="0.107" /><testcase classname="backend.tests.test_store_toggle_homepage.TestStoreStatusAPI" name="test_get_nonexistent_store_status" time="0.164" /><testcase classname="backend.tests.test_store_toggle_homepage.TestHomepageDataAPI" name="test_homepage_data_endpoint" time="0.143" /><testcase classname="backend.tests.test_store_toggle_homepage.TestHomepageDataAPI" name="test_homepage_data_categories" time="0.125" /><testcase classname="backend.tests.test_store_toggle_homepage.TestHomepageDataAPI" name="test_homepage_data_best_sellers" time="0.162" /><testcase classname="backend.tests.test_store_toggle_homepage.TestHomepageDataAPI" name="test_homepage_data_new_arrivals" time="0.126" /><testcase classname="backend.tests.test_store_toggle_homepage.TestHomepageDataAPI" name="test_homepage_data_settings" time="0.135" /><testcase classname="backend.tests.test_store_toggle_homepage.TestHomepageDataAPI" name="test_homepage_data_caching" time="0.212" /><testcase classname="backend.tests.test_store_toggle_homepage.TestFoodStoresList" name="test_get_stores_list" time="0.121" /><testcase classname="backend.tests.test_store_toggle_homepage.TestFoodStoresList" name="test_stores_sorted_by_open_status" time="0.113" /></testsuite></testsuites>