<?xml version="1.0" encoding="utf-8"?><testsuites name="pytest tests"><testsuite name="pytest" errors="0" failures="0" skipped="0" tests="11" time="3.347" timestamp="2026-03-06T13:50:22.661412+00:00" hostname="agent-env-dd4689e7-6442-4ec7-826a-e05c9c7363c3"><testcase classname="tests.test_support_tickets.TestSupportTicketsAdmin" name="test_get_support_requests_returns_list_and_stats" time="0.313" /><testcase classname="tests.test_support_tickets.TestSupportTicketsAdmin" name="test_support_request_has_required_fields" time="0.222" /><testcase classname="tests.test_support_tickets.TestSupportTicketsAdmin" name="test_update_support_request_status_to_assigned" time="0.606" /><testcase classname="tests.test_support_tickets.TestSupportTicketsAdmin" name="test_update_support_request_status_to_resolved" time="0.609" /><testcase classname="tests.test_support_tickets.TestSupportTicketsAdmin" name="test_update_support_request_status_to_pending" time="0.305" /><testcase classname="tests.test_support_tickets.TestSupportTicketsAdmin" name="test_update_support_request_invalid_status" time="0.306" /><testcase classname="tests.test_support_tickets.TestSupportTicketsAdmin" name="test_update_non_existent_ticket" time="0.204" /><testcase classname="tests.test_support_tickets.TestSupportTicketsAdmin" name="test_stats_count_accuracy" time="0.226" /><testcase classname="tests.test_support_tickets.TestSupportTicketsAuthorization" name="test_get_support_requests_requires_auth" time="0.112" /><testcase classname="tests.test_support_tickets.TestSupportTicketsAuthorization" name="test_get_support_requests_requires_admin" time="0.221" /><testcase classname="tests.test_support_tickets.TestSupportTicketsAuthorization" name="test_update_support_request_requires_auth" time="0.128" /></testsuite></testsuites>