<?xml version="1.0" encoding="utf-8"?><testsuites name="pytest tests"><testsuite name="pytest" errors="0" failures="0" skipped="0" tests="10" time="2.419" timestamp="2026-03-06T16:13:05.342151+00:00" hostname="agent-env-dd4689e7-6442-4ec7-826a-e05c9c7363c3"><testcase classname="backend.tests.test_support_analytics.TestSupportAnalytics" name="test_analytics_requires_authentication" time="0.154" /><testcase classname="backend.tests.test_support_analytics.TestSupportAnalytics" name="test_analytics_requires_admin_role" time="0.274" /><testcase classname="backend.tests.test_support_analytics.TestSupportAnalytics" name="test_analytics_returns_required_fields" time="0.247" /><testcase classname="backend.tests.test_support_analytics.TestSupportAnalytics" name="test_peak_hours_structure" time="0.229" /><testcase classname="backend.tests.test_support_analytics.TestSupportAnalytics" name="test_staff_performance_structure" time="0.233" /><testcase classname="backend.tests.test_support_analytics.TestSupportAnalytics" name="test_daily_tickets_structure" time="0.237" /><testcase classname="backend.tests.test_support_analytics.TestSupportAnalytics" name="test_status_breakdown_structure" time="0.209" /><testcase classname="backend.tests.test_support_analytics.TestSupportAnalytics" name="test_numeric_fields_types" time="0.254" /><testcase classname="backend.tests.test_support_analytics.TestSupportAnalytics" name="test_total_matches_status_sum" time="0.237" /><testcase classname="backend.tests.test_support_analytics.TestSupportAnalytics" name="test_resolved_rate_calculation" time="0.245" /></testsuite></testsuites>