<?xml version="1.0" encoding="utf-8"?><testsuites name="pytest tests"><testsuite name="pytest" errors="0" failures="0" skipped="0" tests="18" time="16.549" timestamp="2026-03-22T00:45:05.564356+00:00" hostname="agent-env-dd4689e7-6442-4ec7-826a-e05c9c7363c3"><testcase classname="backend.tests.test_suspended_stores_ai_chatbot.TestSuspendedStoresAPI" name="test_food_stores_endpoint_returns_200" time="0.365" /><testcase classname="backend.tests.test_suspended_stores_ai_chatbot.TestSuspendedStoresAPI" name="test_food_stores_returns_list" time="0.171" /><testcase classname="backend.tests.test_suspended_stores_ai_chatbot.TestSuspendedStoresAPI" name="test_stores_have_is_suspended_field" time="0.124" /><testcase classname="backend.tests.test_suspended_stores_ai_chatbot.TestSuspendedStoresAPI" name="test_suspended_stores_have_correct_status" time="0.118" /><testcase classname="backend.tests.test_suspended_stores_ai_chatbot.TestSuspendedStoresAPI" name="test_stores_sorted_suspended_last" time="0.137" /><testcase classname="backend.tests.test_suspended_stores_ai_chatbot.TestSuspendedStoresAPI" name="test_single_store_has_is_suspended_field" time="0.251" /><testcase classname="backend.tests.test_suspended_stores_ai_chatbot.TestAIChatbotAPI" name="test_chatbot_send_endpoint_exists" time="1.315" /><testcase classname="backend.tests.test_suspended_stores_ai_chatbot.TestAIChatbotAPI" name="test_chatbot_requires_authentication" time="0.130" /><testcase classname="backend.tests.test_suspended_stores_ai_chatbot.TestAIChatbotAPI" name="test_chatbot_send_message_and_get_response" time="1.466" /><testcase classname="backend.tests.test_suspended_stores_ai_chatbot.TestAIChatbotAPI" name="test_chatbot_response_structure" time="1.767" /><testcase classname="backend.tests.test_suspended_stores_ai_chatbot.TestAIChatbotAPI" name="test_chatbot_session_continuity" time="2.725" /><testcase classname="backend.tests.test_suspended_stores_ai_chatbot.TestAIChatbotHistory" name="test_chatbot_history_endpoint_exists" time="0.457" /><testcase classname="backend.tests.test_suspended_stores_ai_chatbot.TestAIChatbotHistory" name="test_chatbot_history_requires_auth" time="0.110" /><testcase classname="backend.tests.test_suspended_stores_ai_chatbot.TestAIChatbotHistory" name="test_chatbot_history_returns_messages" time="2.597" /><testcase classname="backend.tests.test_suspended_stores_ai_chatbot.TestAIChatbotHistory" name="test_chatbot_history_with_session_filter" time="2.891" /><testcase classname="backend.tests.test_suspended_stores_ai_chatbot.TestQuickQuestionsAPI" name="test_quick_questions_endpoint" time="0.120" /><testcase classname="backend.tests.test_suspended_stores_ai_chatbot.TestRequestSupportAPI" name="test_request_support_endpoint_exists" time="0.448" /><testcase classname="backend.tests.test_suspended_stores_ai_chatbot.TestRequestSupportAPI" name="test_request_support_creates_ticket" time="1.265" /></testsuite></testsuites>