<?xml version="1.0" encoding="utf-8"?><testsuites name="pytest tests"><testsuite name="pytest" errors="0" failures="0" skipped="0" tests="16" time="2.675" timestamp="2026-03-19T01:42:20.410263+00:00" hostname="agent-env-dd4689e7-6442-4ec7-826a-e05c9c7363c3"><testcase classname="backend.tests.test_trend_syria_sections.TestProductEndpoints" name="test_flash_products_endpoint" time="0.320" /><testcase classname="backend.tests.test_trend_syria_sections.TestProductEndpoints" name="test_best_sellers_endpoint" time="0.149" /><testcase classname="backend.tests.test_trend_syria_sections.TestProductEndpoints" name="test_newly_added_endpoint" time="0.162" /><testcase classname="backend.tests.test_trend_syria_sections.TestProductEndpoints" name="test_sponsored_products_endpoint" time="0.128" /><testcase classname="backend.tests.test_trend_syria_sections.TestProductEndpoints" name="test_products_list_endpoint" time="0.148" /><testcase classname="backend.tests.test_trend_syria_sections.TestSettingsEndpoints" name="test_global_free_shipping_endpoint" time="0.139" /><testcase classname="backend.tests.test_trend_syria_sections.TestSettingsEndpoints" name="test_public_settings_endpoint" time="0.153" /><testcase classname="backend.tests.test_trend_syria_sections.TestSettingsEndpoints" name="test_product_badges_endpoint" time="0.134" /><testcase classname="backend.tests.test_trend_syria_sections.TestFoodEndpoints" name="test_food_products_endpoint" time="0.154" /><testcase classname="backend.tests.test_trend_syria_sections.TestFoodEndpoints" name="test_food_stores_endpoint" time="0.156" /><testcase classname="backend.tests.test_trend_syria_sections.TestFoodEndpoints" name="test_food_flash_sales_endpoint" time="0.234" /><testcase classname="backend.tests.test_trend_syria_sections.TestCategoriesEndpoints" name="test_categories_endpoint" time="0.136" /><testcase classname="backend.tests.test_trend_syria_sections.TestCategoriesEndpoints" name="test_food_categories_endpoint" time="0.156" /><testcase classname="backend.tests.test_trend_syria_sections.TestFeaturedStoresEndpoints" name="test_featured_stores_public_endpoint" time="0.141" /><testcase classname="backend.tests.test_trend_syria_sections.TestTickerMessages" name="test_ticker_messages_endpoint" time="0.134" /><testcase classname="backend.tests.test_trend_syria_sections.TestAdsEndpoints" name="test_active_ads_endpoint" time="0.136" /></testsuite></testsuites>