<?xml version="1.0" encoding="utf-8"?><testsuites name="pytest tests"><testsuite name="pytest" errors="0" failures="0" skipped="0" tests="7" time="1.487" timestamp="2026-04-09T09:41:19.767156+00:00" hostname="agent-env-dd4689e7-6442-4ec7-826a-e05c9c7363c3"><testcase classname="backend.tests.test_wallet_transactions_clear.TestWalletTransactionsClear" name="test_01_clear_transactions_requires_auth" time="0.211" /><testcase classname="backend.tests.test_wallet_transactions_clear.TestWalletTransactionsClear" name="test_02_clear_transactions_endpoint_exists" time="0.466" /><testcase classname="backend.tests.test_wallet_transactions_clear.TestWalletTransactionsClear" name="test_03_get_transactions_returns_list" time="0.121" /><testcase classname="backend.tests.test_wallet_transactions_clear.TestWalletTransactionsClear" name="test_04_clear_transactions_balance_unchanged" time="0.235" /><testcase classname="backend.tests.test_wallet_transactions_clear.TestWalletTransactionsClear" name="test_05_clear_transactions_empties_list" time="0.173" /><testcase classname="backend.tests.test_wallet_transactions_clear.TestWalletTransactionsClear" name="test_06_response_message_in_arabic" time="0.112" /><testcase classname="backend.tests.test_wallet_transactions_clear.TestWalletBalanceEndpoint" name="test_01_balance_endpoint_works" time="0.102" /></testsuite></testsuites>