<?xml version="1.0" encoding="utf-8"?><testsuites name="pytest tests"><testsuite name="pytest" errors="0" failures="0" skipped="0" tests="24" time="3.568" timestamp="2026-03-02T18:43:43.523820+00:00" hostname="agent-env-dd4689e7-6442-4ec7-826a-e05c9c7363c3"><testcase classname="tests.test_wallet_payment_settings.TestAuth" name="test_admin_login" time="0.238" /><testcase classname="tests.test_wallet_payment_settings.TestAuth" name="test_seller_login" time="0.133" /><testcase classname="tests.test_wallet_payment_settings.TestAuth" name="test_customer_login" time="0.129" /><testcase classname="tests.test_wallet_payment_settings.TestWalletAPI" name="test_wallet_balance_for_seller" time="0.233" /><testcase classname="tests.test_wallet_payment_settings.TestWalletAPI" name="test_wallet_balance_forbidden_for_customer" time="0.256" /><testcase classname="tests.test_wallet_payment_settings.TestWalletAPI" name="test_wallet_balance_unauthorized" time="0.110" /><testcase classname="tests.test_wallet_payment_settings.TestWalletAPI" name="test_wallet_transactions" time="0.118" /><testcase classname="tests.test_wallet_payment_settings.TestWalletAPI" name="test_wallet_withdrawals_history" time="0.102" /><testcase classname="tests.test_wallet_payment_settings.TestWithdrawalAPI" name="test_withdraw_insufficient_balance" time="0.133" /><testcase classname="tests.test_wallet_payment_settings.TestWithdrawalAPI" name="test_withdraw_below_minimum" time="0.104" /><testcase classname="tests.test_wallet_payment_settings.TestWithdrawalAPI" name="test_withdraw_forbidden_for_customer" time="0.155" /><testcase classname="tests.test_wallet_payment_settings.TestDeliveryFeeAPI" name="test_delivery_fee_same_city" time="0.121" /><testcase classname="tests.test_wallet_payment_settings.TestDeliveryFeeAPI" name="test_delivery_fee_nearby" time="0.113" /><testcase classname="tests.test_wallet_payment_settings.TestDeliveryFeeAPI" name="test_delivery_fee_medium" time="0.122" /><testcase classname="tests.test_wallet_payment_settings.TestDeliveryFeeAPI" name="test_delivery_fee_far" time="0.105" /><testcase classname="tests.test_wallet_payment_settings.TestSettingsAPI" name="test_settings_get_for_admin" time="0.239" /><testcase classname="tests.test_wallet_payment_settings.TestSettingsAPI" name="test_settings_forbidden_for_seller" time="0.135" /><testcase classname="tests.test_wallet_payment_settings.TestSettingsAPI" name="test_settings_public" time="0.118" /><testcase classname="tests.test_wallet_payment_settings.TestSettingsAPI" name="test_update_delivery_fees" time="0.157" /><testcase classname="tests.test_wallet_payment_settings.TestSettingsAPI" name="test_update_delivery_fees_forbidden_for_seller" time="0.129" /><testcase classname="tests.test_wallet_payment_settings.TestAdminWithdrawalsAPI" name="test_admin_get_all_withdrawals" time="0.112" /><testcase classname="tests.test_wallet_payment_settings.TestAdminWithdrawalsAPI" name="test_admin_filter_withdrawals_by_status" time="0.125" /><testcase classname="tests.test_wallet_payment_settings.TestAdminWithdrawalsAPI" name="test_admin_withdrawals_forbidden_for_seller" time="0.106" /><testcase classname="tests.test_wallet_payment_settings.TestAdminWithdrawalsAPI" name="test_admin_withdrawals_forbidden_for_customer" time="0.143" /></testsuite></testsuites>