<?xml version="1.0" encoding="utf-8"?><testsuites name="pytest tests"><testsuite name="pytest" errors="0" failures="0" skipped="0" tests="10" time="3.222" timestamp="2026-04-09T10:55:15.545154+00:00" hostname="agent-env-dd4689e7-6442-4ec7-826a-e05c9c7363c3"><testcase classname="backend.tests.test_wallet_all_users.TestWalletAccessAllUsers" name="test_admin_can_access_wallet_balance" time="1.225" /><testcase classname="backend.tests.test_wallet_all_users.TestWalletAccessAllUsers" name="test_admin_can_request_topup" time="0.127" /><testcase classname="backend.tests.test_wallet_all_users.TestWalletAccessAllUsers" name="test_admin_can_view_topup_history" time="0.108" /><testcase classname="backend.tests.test_wallet_all_users.TestWalletAccessAllUsers" name="test_admin_can_view_transactions" time="0.145" /><testcase classname="backend.tests.test_wallet_all_users.TestWalletAPIStructure" name="test_wallet_balance_structure" time="0.443" /><testcase classname="backend.tests.test_wallet_all_users.TestWalletAPIStructure" name="test_topup_request_validation" time="0.181" /><testcase classname="backend.tests.test_wallet_all_users.TestWalletAPIStructure" name="test_topup_request_success" time="0.110" /><testcase classname="backend.tests.test_wallet_all_users.TestWalletNoUserTypeRestriction" name="test_balance_no_403_for_non_buyer" time="0.592" /><testcase classname="backend.tests.test_wallet_all_users.TestWalletNoUserTypeRestriction" name="test_topup_request_no_403_for_non_buyer" time="0.107" /><testcase classname="backend.tests.test_wallet_all_users.TestWalletNoUserTypeRestriction" name="test_topup_history_no_403_for_non_buyer" time="0.111" /></testsuite></testsuites>